{"C:\\Users\\rakshit.chauhan\\Desktop\\projects\\movie_explorer_reactjs_rakshit\\src\\components\\common\\AuthTemplate.tsx": {"path":"C:\\Users\\rakshit.chauhan\\Desktop\\projects\\movie_explorer_reactjs_rakshit\\src\\components\\common\\AuthTemplate.tsx","statementMap":{"0":{"start":{"line":1,"column":0},"end":{"line":1,"column":40}},"1":{"start":{"line":2,"column":0},"end":{"line":2,"column":36}},"2":{"start":{"line":3,"column":0},"end":{"line":3,"column":60}},"3":{"start":{"line":4,"column":0},"end":{"line":4,"column":86}},"4":{"start":{"line":5,"column":0},"end":{"line":5,"column":43}},"5":{"start":{"line":6,"column":0},"end":{"line":6,"column":60}},"6":{"start":{"line":7,"column":0},"end":{"line":7,"column":66}},"7":{"start":{"line":8,"column":0},"end":{"line":8,"column":80}},"8":{"start":{"line":9,"column":0},"end":{"line":9,"column":39}},"9":{"start":{"line":10,"column":0},"end":{"line":10,"column":43}},"10":{"start":{"line":11,"column":0},"end":{"line":11,"column":48}},"11":{"start":{"line":14,"column":0},"end":{"line":14,"column":63}},"12":{"start":{"line":15,"column":0},"end":{"line":15,"column":37}},"13":{"start":{"line":16,"column":0},"end":{"line":16,"column":52}},"14":{"start":{"line":49,"column":8},"end":{"line":49,"column":null}},"15":{"start":{"line":73,"column":4},"end":{"line":86,"column":null}},"16":{"start":{"line":74,"column":30},"end":{"line":74,"column":38}},"17":{"start":{"line":76,"column":8},"end":{"line":85,"column":null}},"18":{"start":{"line":76,"column":38},"end":{"line":85,"column":10}},"19":{"start":{"line":88,"column":4},"end":{"line":150,"column":null}},"20":{"start":{"line":89,"column":22},"end":{"line":89,"column":26}},"21":{"start":{"line":90,"column":25},"end":{"line":97,"column":null}},"22":{"start":{"line":99,"column":8},"end":{"line":131,"column":9}},"23":{"start":{"line":100,"column":12},"end":{"line":103,"column":13}},"24":{"start":{"line":101,"column":16},"end":{"line":101,"column":null}},"25":{"start":{"line":102,"column":16},"end":{"line":102,"column":null}},"26":{"start":{"line":104,"column":12},"end":{"line":107,"column":13}},"27":{"start":{"line":105,"column":16},"end":{"line":105,"column":null}},"28":{"start":{"line":106,"column":16},"end":{"line":106,"column":null}},"29":{"start":{"line":108,"column":12},"end":{"line":111,"column":13}},"30":{"start":{"line":109,"column":16},"end":{"line":109,"column":null}},"31":{"start":{"line":110,"column":16},"end":{"line":110,"column":null}},"32":{"start":{"line":112,"column":12},"end":{"line":115,"column":13}},"33":{"start":{"line":113,"column":16},"end":{"line":113,"column":null}},"34":{"start":{"line":114,"column":16},"end":{"line":114,"column":null}},"35":{"start":{"line":116,"column":12},"end":{"line":119,"column":13}},"36":{"start":{"line":117,"column":16},"end":{"line":117,"column":null}},"37":{"start":{"line":118,"column":16},"end":{"line":118,"column":null}},"38":{"start":{"line":120,"column":12},"end":{"line":123,"column":13}},"39":{"start":{"line":121,"column":16},"end":{"line":121,"column":null}},"40":{"start":{"line":122,"column":16},"end":{"line":122,"column":null}},"41":{"start":{"line":124,"column":12},"end":{"line":130,"column":13}},"42":{"start":{"line":125,"column":16},"end":{"line":125,"column":null}},"43":{"start":{"line":126,"column":16},"end":{"line":126,"column":null}},"44":{"start":{"line":127,"column":19},"end":{"line":130,"column":13}},"45":{"start":{"line":128,"column":16},"end":{"line":128,"column":null}},"46":{"start":{"line":129,"column":16},"end":{"line":129,"column":null}},"47":{"start":{"line":133,"column":8},"end":{"line":136,"column":9}},"48":{"start":{"line":134,"column":12},"end":{"line":134,"column":null}},"49":{"start":{"line":135,"column":12},"end":{"line":135,"column":null}},"50":{"start":{"line":139,"column":8},"end":{"line":142,"column":9}},"51":{"start":{"line":140,"column":12},"end":{"line":140,"column":null}},"52":{"start":{"line":141,"column":12},"end":{"line":141,"column":null}},"53":{"start":{"line":145,"column":8},"end":{"line":148,"column":null}},"54":{"start":{"line":149,"column":8},"end":{"line":149,"column":null}},"55":{"start":{"line":152,"column":4},"end":{"line":218,"column":null}},"56":{"start":{"line":152,"column":65},"end":{"line":218,"column":null}},"57":{"start":{"line":153,"column":8},"end":{"line":153,"column":null}},"58":{"start":{"line":154,"column":29},"end":{"line":154,"column":39}},"59":{"start":{"line":155,"column":24},"end":{"line":155,"column":46}},"60":{"start":{"line":157,"column":8},"end":{"line":159,"column":9}},"61":{"start":{"line":158,"column":12},"end":{"line":158,"column":18}},"62":{"start":{"line":161,"column":8},"end":{"line":163,"column":null}},"63":{"start":{"line":161,"column":38},"end":{"line":163,"column":10}},"64":{"start":{"line":170,"column":12},"end":{"line":170,"column":31}},"65":{"start":{"line":172,"column":8},"end":{"line":201,"column":9}},"66":{"start":{"line":173,"column":12},"end":{"line":182,"column":13}},"67":{"start":{"line":174,"column":33},"end":{"line":174,"column":68}},"68":{"start":{"line":176,"column":16},"end":{"line":179,"column":17}},"69":{"start":{"line":177,"column":20},"end":{"line":177,"column":null}},"70":{"start":{"line":178,"column":20},"end":{"line":178,"column":null}},"71":{"start":{"line":181,"column":16},"end":{"line":181,"column":null}},"72":{"start":{"line":183,"column":15},"end":{"line":201,"column":9}},"73":{"start":{"line":184,"column":12},"end":{"line":199,"column":13}},"74":{"start":{"line":185,"column":33},"end":{"line":191,"column":18}},"75":{"start":{"line":193,"column":16},"end":{"line":196,"column":17}},"76":{"start":{"line":194,"column":20},"end":{"line":194,"column":null}},"77":{"start":{"line":195,"column":20},"end":{"line":195,"column":null}},"78":{"start":{"line":198,"column":16},"end":{"line":198,"column":null}},"79":{"start":{"line":203,"column":8},"end":{"line":212,"column":null}},"80":{"start":{"line":215,"column":8},"end":{"line":217,"column":null}},"81":{"start":{"line":215,"column":38},"end":{"line":217,"column":10}},"82":{"start":{"line":50,"column":8},"end":{"line":70,"column":null}},"83":{"start":{"line":222,"column":25},"end":{"line":222,"column":35}},"84":{"start":{"line":223,"column":72},"end":{"line":223,"column":82}},"85":{"start":{"line":225,"column":8},"end":{"line":849,"column":null}},"86":{"start":{"line":420,"column":75},"end":{"line":420,"column":121}},"87":{"start":{"line":431,"column":75},"end":{"line":431,"column":121}},"88":{"start":{"line":681,"column":75},"end":{"line":681,"column":121}},"89":{"start":{"line":691,"column":75},"end":{"line":691,"column":121}},"90":{"start":{"line":748,"column":75},"end":{"line":748,"column":135}},"91":{"start":{"line":758,"column":75},"end":{"line":758,"column":135}},"92":{"start":{"line":853,"column":0},"end":{"line":853,"column":null}}},"fnMap":{"0":{"name":"(anonymous_8)","decl":{"start":{"line":48,"column":4},"end":{"line":48,"column":16}},"loc":{"start":{"line":48,"column":40},"end":{"line":71,"column":5}}},"1":{"name":"(anonymous_9)","decl":{"start":{"line":73,"column":19},"end":{"line":73,"column":20}},"loc":{"start":{"line":73,"column":68},"end":{"line":86,"column":5}}},"2":{"name":"(anonymous_10)","decl":{"start":{"line":76,"column":22},"end":{"line":76,"column":23}},"loc":{"start":{"line":76,"column":38},"end":{"line":85,"column":10}}},"3":{"name":"(anonymous_11)","decl":{"start":{"line":88,"column":14},"end":{"line":88,"column":15}},"loc":{"start":{"line":88,"column":32},"end":{"line":150,"column":5}}},"4":{"name":"(anonymous_12)","decl":{"start":{"line":152,"column":19},"end":{"line":152,"column":26}},"loc":{"start":{"line":152,"column":65},"end":{"line":218,"column":null}}},"5":{"name":"(anonymous_13)","decl":{"start":{"line":152,"column":65},"end":{"line":152,"column":null}},"loc":{"start":{"line":152,"column":65},"end":{"line":218,"column":5}}},"6":{"name":"(anonymous_14)","decl":{"start":{"line":161,"column":22},"end":{"line":161,"column":23}},"loc":{"start":{"line":161,"column":38},"end":{"line":163,"column":10}}},"7":{"name":"(anonymous_15)","decl":{"start":{"line":215,"column":22},"end":{"line":215,"column":23}},"loc":{"start":{"line":215,"column":38},"end":{"line":217,"column":10}}},"8":{"name":"(anonymous_16)","decl":{"start":{"line":220,"column":4},"end":{"line":220,"column":10}},"loc":{"start":{"line":220,"column":10},"end":{"line":850,"column":5}}},"9":{"name":"(anonymous_17)","decl":{"start":{"line":420,"column":69},"end":{"line":420,"column":72}},"loc":{"start":{"line":420,"column":75},"end":{"line":420,"column":121}}},"10":{"name":"(anonymous_18)","decl":{"start":{"line":431,"column":69},"end":{"line":431,"column":72}},"loc":{"start":{"line":431,"column":75},"end":{"line":431,"column":121}}},"11":{"name":"(anonymous_19)","decl":{"start":{"line":681,"column":69},"end":{"line":681,"column":72}},"loc":{"start":{"line":681,"column":75},"end":{"line":681,"column":121}}},"12":{"name":"(anonymous_20)","decl":{"start":{"line":691,"column":69},"end":{"line":691,"column":72}},"loc":{"start":{"line":691,"column":75},"end":{"line":691,"column":121}}},"13":{"name":"(anonymous_21)","decl":{"start":{"line":748,"column":69},"end":{"line":748,"column":72}},"loc":{"start":{"line":748,"column":75},"end":{"line":748,"column":135}}},"14":{"name":"(anonymous_22)","decl":{"start":{"line":758,"column":69},"end":{"line":758,"column":72}},"loc":{"start":{"line":758,"column":75},"end":{"line":758,"column":135}}}},"branchMap":{"0":{"loc":{"start":{"line":99,"column":8},"end":{"line":131,"column":9}},"type":"if","locations":[{"start":{"line":99,"column":8},"end":{"line":131,"column":9}}]},"1":{"loc":{"start":{"line":100,"column":12},"end":{"line":103,"column":13}},"type":"if","locations":[{"start":{"line":100,"column":12},"end":{"line":103,"column":13}}]},"2":{"loc":{"start":{"line":104,"column":12},"end":{"line":107,"column":13}},"type":"if","locations":[{"start":{"line":104,"column":12},"end":{"line":107,"column":13}}]},"3":{"loc":{"start":{"line":108,"column":12},"end":{"line":111,"column":13}},"type":"if","locations":[{"start":{"line":108,"column":12},"end":{"line":111,"column":13}}]},"4":{"loc":{"start":{"line":112,"column":12},"end":{"line":115,"column":13}},"type":"if","locations":[{"start":{"line":112,"column":12},"end":{"line":115,"column":13}}]},"5":{"loc":{"start":{"line":116,"column":12},"end":{"line":119,"column":13}},"type":"if","locations":[{"start":{"line":116,"column":12},"end":{"line":119,"column":13}}]},"6":{"loc":{"start":{"line":120,"column":12},"end":{"line":123,"column":13}},"type":"if","locations":[{"start":{"line":120,"column":12},"end":{"line":123,"column":13}}]},"7":{"loc":{"start":{"line":124,"column":12},"end":{"line":130,"column":13}},"type":"if","locations":[{"start":{"line":124,"column":12},"end":{"line":130,"column":13}},{"start":{"line":127,"column":19},"end":{"line":130,"column":13}}]},"8":{"loc":{"start":{"line":127,"column":19},"end":{"line":130,"column":13}},"type":"if","locations":[{"start":{"line":127,"column":19},"end":{"line":130,"column":13}}]},"9":{"loc":{"start":{"line":133,"column":8},"end":{"line":136,"column":9}},"type":"if","locations":[{"start":{"line":133,"column":8},"end":{"line":136,"column":9}}]},"10":{"loc":{"start":{"line":139,"column":8},"end":{"line":142,"column":9}},"type":"if","locations":[{"start":{"line":139,"column":8},"end":{"line":142,"column":9}}]},"11":{"loc":{"start":{"line":157,"column":8},"end":{"line":159,"column":9}},"type":"if","locations":[{"start":{"line":157,"column":8},"end":{"line":159,"column":9}}]},"12":{"loc":{"start":{"line":172,"column":8},"end":{"line":201,"column":9}},"type":"if","locations":[{"start":{"line":172,"column":8},"end":{"line":201,"column":9}},{"start":{"line":183,"column":15},"end":{"line":201,"column":9}}]},"13":{"loc":{"start":{"line":176,"column":16},"end":{"line":179,"column":17}},"type":"if","locations":[{"start":{"line":176,"column":16},"end":{"line":179,"column":17}}]},"14":{"loc":{"start":{"line":176,"column":20},"end":{"line":176,"column":36}},"type":"cond-expr","locations":[{"start":{"line":176,"column":28},"end":{"line":176,"column":30}},{"start":{"line":176,"column":20},"end":{"line":176,"column":36}}]},"15":{"loc":{"start":{"line":176,"column":20},"end":{"line":176,"column":30}},"type":"binary-expr","locations":[{"start":{"line":176,"column":20},"end":{"line":176,"column":30}},{"start":{"line":176,"column":20},"end":{"line":176,"column":30}}]},"16":{"loc":{"start":{"line":181,"column":28},"end":{"line":181,"column":85}},"type":"cond-expr","locations":[{"start":{"line":181,"column":40},"end":{"line":181,"column":44}},{"start":{"line":181,"column":44},"end":{"line":181,"column":85}}]},"17":{"loc":{"start":{"line":181,"column":28},"end":{"line":181,"column":44}},"type":"binary-expr","locations":[{"start":{"line":181,"column":28},"end":{"line":181,"column":44}},{"start":{"line":181,"column":40},"end":{"line":181,"column":44}}]},"18":{"loc":{"start":{"line":181,"column":28},"end":{"line":181,"column":40}},"type":"cond-expr","locations":[{"start":{"line":181,"column":31},"end":{"line":181,"column":33}},{"start":{"line":181,"column":28},"end":{"line":181,"column":40}}]},"19":{"loc":{"start":{"line":181,"column":28},"end":{"line":181,"column":33}},"type":"binary-expr","locations":[{"start":{"line":181,"column":28},"end":{"line":181,"column":33}},{"start":{"line":181,"column":28},"end":{"line":181,"column":33}}]},"20":{"loc":{"start":{"line":183,"column":15},"end":{"line":201,"column":9}},"type":"if","locations":[{"start":{"line":183,"column":15},"end":{"line":201,"column":9}}]},"21":{"loc":{"start":{"line":193,"column":16},"end":{"line":196,"column":17}},"type":"if","locations":[{"start":{"line":193,"column":16},"end":{"line":196,"column":17}}]},"22":{"loc":{"start":{"line":193,"column":20},"end":{"line":193,"column":36}},"type":"cond-expr","locations":[{"start":{"line":193,"column":28},"end":{"line":193,"column":30}},{"start":{"line":193,"column":20},"end":{"line":193,"column":36}}]},"23":{"loc":{"start":{"line":193,"column":20},"end":{"line":193,"column":30}},"type":"binary-expr","locations":[{"start":{"line":193,"column":20},"end":{"line":193,"column":30}},{"start":{"line":193,"column":20},"end":{"line":193,"column":30}}]},"24":{"loc":{"start":{"line":198,"column":28},"end":{"line":198,"column":84}},"type":"binary-expr","locations":[{"start":{"line":198,"column":28},"end":{"line":198,"column":40}},{"start":{"line":198,"column":44},"end":{"line":198,"column":84}}]},"25":{"loc":{"start":{"line":198,"column":28},"end":{"line":198,"column":40}},"type":"cond-expr","locations":[{"start":{"line":198,"column":31},"end":{"line":198,"column":33}},{"start":{"line":198,"column":28},"end":{"line":198,"column":40}}]},"26":{"loc":{"start":{"line":198,"column":28},"end":{"line":198,"column":33}},"type":"binary-expr","locations":[{"start":{"line":198,"column":28},"end":{"line":198,"column":33}},{"start":{"line":198,"column":28},"end":{"line":198,"column":33}}]},"27":{"loc":{"start":{"line":296,"column":33},"end":{"line":296,"column":107}},"type":"cond-expr","locations":[{"start":{"line":296,"column":52},"end":{"line":296,"column":61}},{"start":{"line":296,"column":64},"end":{"line":296,"column":107}}]},"28":{"loc":{"start":{"line":296,"column":64},"end":{"line":296,"column":107}},"type":"cond-expr","locations":[{"start":{"line":296,"column":86},"end":{"line":296,"column":102}},{"start":{"line":296,"column":105},"end":{"line":296,"column":107}}]},"29":{"loc":{"start":{"line":303,"column":32},"end":{"line":443,"column":null}},"type":"binary-expr","locations":[{"start":{"line":303,"column":32},"end":{"line":303,"column":48}},{"start":{"line":304,"column":36},"end":{"line":441,"column":null}}]},"30":{"loc":{"start":{"line":354,"column":44},"end":{"line":355,"column":null}},"type":"binary-expr","locations":[{"start":{"line":354,"column":44},"end":{"line":354,"column":61}},{"start":{"line":355,"column":48},"end":{"line":355,"column":113}}]},"31":{"loc":{"start":{"line":363,"column":54},"end":{"line":363,"column":88}},"type":"cond-expr","locations":[{"start":{"line":363,"column":69},"end":{"line":363,"column":75}},{"start":{"line":363,"column":78},"end":{"line":363,"column":88}}]},"32":{"loc":{"start":{"line":411,"column":52},"end":{"line":432,"column":null}},"type":"cond-expr","locations":[{"start":{"line":412,"column":56},"end":{"line":420,"column":null}},{"start":{"line":423,"column":56},"end":{"line":431,"column":null}}]},"33":{"loc":{"start":{"line":439,"column":44},"end":{"line":440,"column":null}},"type":"binary-expr","locations":[{"start":{"line":439,"column":44},"end":{"line":439,"column":64}},{"start":{"line":440,"column":48},"end":{"line":440,"column":116}}]},"34":{"loc":{"start":{"line":448,"column":32},"end":{"line":767,"column":null}},"type":"binary-expr","locations":[{"start":{"line":448,"column":32},"end":{"line":448,"column":51}},{"start":{"line":449,"column":36},"end":{"line":766,"column":null}}]},"35":{"loc":{"start":{"line":491,"column":49},"end":{"line":492,"column":null}},"type":"binary-expr","locations":[{"start":{"line":491,"column":49},"end":{"line":491,"column":71}},{"start":{"line":492,"column":52},"end":{"line":492,"column":129}}]},"36":{"loc":{"start":{"line":534,"column":49},"end":{"line":535,"column":null}},"type":"binary-expr","locations":[{"start":{"line":534,"column":49},"end":{"line":534,"column":69}},{"start":{"line":535,"column":52},"end":{"line":535,"column":127}}]},"37":{"loc":{"start":{"line":580,"column":45},"end":{"line":581,"column":null}},"type":"binary-expr","locations":[{"start":{"line":580,"column":45},"end":{"line":580,"column":62}},{"start":{"line":581,"column":48},"end":{"line":581,"column":120}}]},"38":{"loc":{"start":{"line":625,"column":45},"end":{"line":626,"column":null}},"type":"binary-expr","locations":[{"start":{"line":625,"column":45},"end":{"line":625,"column":63}},{"start":{"line":626,"column":48},"end":{"line":626,"column":121}}]},"39":{"loc":{"start":{"line":640,"column":62},"end":{"line":640,"column":96}},"type":"cond-expr","locations":[{"start":{"line":640,"column":77},"end":{"line":640,"column":83}},{"start":{"line":640,"column":86},"end":{"line":640,"column":96}}]},"40":{"loc":{"start":{"line":673,"column":53},"end":{"line":692,"column":null}},"type":"cond-expr","locations":[{"start":{"line":674,"column":56},"end":{"line":681,"column":null}},{"start":{"line":684,"column":56},"end":{"line":691,"column":null}}]},"41":{"loc":{"start":{"line":695,"column":49},"end":{"line":696,"column":null}},"type":"binary-expr","locations":[{"start":{"line":695,"column":49},"end":{"line":695,"column":69}},{"start":{"line":696,"column":52},"end":{"line":696,"column":136}}]},"42":{"loc":{"start":{"line":707,"column":62},"end":{"line":707,"column":103}},"type":"cond-expr","locations":[{"start":{"line":707,"column":84},"end":{"line":707,"column":90}},{"start":{"line":707,"column":93},"end":{"line":707,"column":103}}]},"43":{"loc":{"start":{"line":740,"column":53},"end":{"line":759,"column":null}},"type":"cond-expr","locations":[{"start":{"line":741,"column":56},"end":{"line":748,"column":null}},{"start":{"line":751,"column":56},"end":{"line":758,"column":null}}]},"44":{"loc":{"start":{"line":762,"column":49},"end":{"line":763,"column":null}},"type":"binary-expr","locations":[{"start":{"line":762,"column":49},"end":{"line":762,"column":76}},{"start":{"line":763,"column":52},"end":{"line":763,"column":143}}]},"45":{"loc":{"start":{"line":772,"column":32},"end":{"line":802,"column":null}},"type":"cond-expr","locations":[{"start":{"line":773,"column":36},"end":{"line":785,"column":null}},{"start":{"line":789,"column":36},"end":{"line":799,"column":null}}]},"46":{"loc":{"start":{"line":785,"column":44},"end":{"line":785,"column":116}},"type":"cond-expr","locations":[{"start":{"line":785,"column":63},"end":{"line":785,"column":70}},{"start":{"line":785,"column":73},"end":{"line":785,"column":116}}]},"47":{"loc":{"start":{"line":785,"column":73},"end":{"line":785,"column":116}},"type":"cond-expr","locations":[{"start":{"line":785,"column":95},"end":{"line":785,"column":111}},{"start":{"line":785,"column":114},"end":{"line":785,"column":116}}]},"48":{"loc":{"start":{"line":813,"column":36},"end":{"line":818,"column":null}},"type":"binary-expr","locations":[{"start":{"line":813,"column":36},"end":{"line":813,"column":52}},{"start":{"line":814,"column":40},"end":{"line":817,"column":null}}]},"49":{"loc":{"start":{"line":825,"column":45},"end":{"line":825,"column":86}},"type":"cond-expr","locations":[{"start":{"line":825,"column":64},"end":{"line":825,"column":75}},{"start":{"line":825,"column":78},"end":{"line":825,"column":86}}]},"50":{"loc":{"start":{"line":832,"column":51},"end":{"line":832,"column":84}},"type":"cond-expr","locations":[{"start":{"line":832,"column":73},"end":{"line":832,"column":79}},{"start":{"line":832,"column":82},"end":{"line":832,"column":84}}]},"51":{"loc":{"start":{"line":841,"column":41},"end":{"line":841,"column":108}},"type":"cond-expr","locations":[{"start":{"line":841,"column":60},"end":{"line":841,"column":79}},{"start":{"line":841,"column":82},"end":{"line":841,"column":108}}]}},"s":{"0":1,"1":1,"2":1,"3":1,"4":1,"5":1,"6":1,"7":1,"8":1,"9":1,"10":1,"11":1,"12":1,"13":1,"14":10,"15":10,"16":12,"17":12,"18":12,"19":10,"20":5,"21":5,"22":5,"23":2,"24":1,"25":1,"26":2,"27":1,"28":1,"29":2,"30":1,"31":1,"32":2,"33":1,"34":1,"35":2,"36":0,"37":0,"38":2,"39":1,"40":1,"41":2,"42":1,"43":1,"44":1,"45":0,"46":0,"47":5,"48":2,"49":2,"50":5,"51":2,"52":2,"53":5,"54":5,"55":10,"56":5,"57":5,"58":5,"59":5,"60":5,"61":2,"62":3,"63":3,"64":3,"65":3,"66":2,"67":2,"68":1,"69":1,"70":1,"71":1,"72":1,"73":1,"74":1,"75":1,"76":1,"77":1,"78":0,"79":3,"80":3,"81":2,"82":10,"83":31,"84":31,"85":31,"86":1,"87":1,"88":0,"89":0,"90":0,"91":0,"92":1},"f":{"0":10,"1":12,"2":12,"3":5,"4":5,"5":5,"6":3,"7":2,"8":31,"9":1,"10":1,"11":0,"12":0,"13":0,"14":0},"b":{"0":[2],"1":[1],"2":[1],"3":[1],"4":[1],"5":[0],"6":[1],"7":[1,1],"8":[0],"9":[2],"10":[2],"11":[2],"12":[2,1],"13":[1],"14":[0,1],"15":[1,1],"16":[1,0],"17":[1,1],"18":[0,1],"19":[1,1],"20":[1],"21":[1],"22":[0,1],"23":[1,1],"24":[0,0],"25":[0,0],"26":[0,0],"27":[19,12],"28":[12,0],"29":[31,19],"30":[19,1],"31":[1,18],"32":[1,18],"33":[19,1],"34":[31,12],"35":[12,1],"36":[12,1],"37":[12,1],"38":[12,1],"39":[0,12],"40":[0,12],"41":[12,1],"42":[0,12],"43":[0,12],"44":[12,1],"45":[28,3],"46":[17,11],"47":[11,0],"48":[31,19],"49":[19,12],"50":[12,19],"51":[19,12]}}
,"C:\\Users\\rakshit.chauhan\\Desktop\\projects\\movie_explorer_reactjs_rakshit\\src\\components\\common\\Footer.tsx": {"path":"C:\\Users\\rakshit.chauhan\\Desktop\\projects\\movie_explorer_reactjs_rakshit\\src\\components\\common\\Footer.tsx","statementMap":{"0":{"start":{"line":2,"column":0},"end":{"line":2,"column":80}},"1":{"start":{"line":3,"column":0},"end":{"line":3,"column":52}},"2":{"start":{"line":6,"column":13},"end":{"line":11,"column":2}},"3":{"start":{"line":13,"column":15},"end":{"line":64,"column":1}},"4":{"start":{"line":14,"column":2},"end":{"line":63,"column":4}},"5":{"start":{"line":34,"column":16},"end":{"line":34,"column":null}},"6":{"start":{"line":48,"column":14},"end":{"line":49,"column":null}},"7":{"start":{"line":66,"column":0},"end":{"line":66,"column":22}}},"fnMap":{"0":{"name":"(anonymous_0)","decl":{"start":{"line":13,"column":15},"end":{"line":13,"column":18}},"loc":{"start":{"line":13,"column":20},"end":{"line":64,"column":1}}},"1":{"name":"(anonymous_1)","decl":{"start":{"line":33,"column":30},"end":{"line":33,"column":34}},"loc":{"start":{"line":34,"column":16},"end":{"line":34,"column":null}}},"2":{"name":"(anonymous_2)","decl":{"start":{"line":47,"column":29},"end":{"line":47,"column":33}},"loc":{"start":{"line":48,"column":14},"end":{"line":49,"column":null}}}},"branchMap":{},"s":{"0":1,"1":1,"2":1,"3":1,"4":4,"5":32,"6":16,"7":1},"f":{"0":4,"1":32,"2":16},"b":{}}
,"C:\\Users\\rakshit.chauhan\\Desktop\\projects\\movie_explorer_reactjs_rakshit\\src\\components\\common\\LoadingFallback.tsx": {"path":"C:\\Users\\rakshit.chauhan\\Desktop\\projects\\movie_explorer_reactjs_rakshit\\src\\components\\common\\LoadingFallback.tsx","statementMap":{"0":{"start":{"line":2,"column":0},"end":{"line":2,"column":66}},"1":{"start":{"line":4,"column":34},"end":{"line":17,"column":null}},"2":{"start":{"line":5,"column":2},"end":{"line":16,"column":null}},"3":{"start":{"line":20,"column":0},"end":{"line":20,"column":31}}},"fnMap":{"0":{"name":"(anonymous_0)","decl":{"start":{"line":4,"column":34},"end":{"line":4,"column":37}},"loc":{"start":{"line":5,"column":2},"end":{"line":16,"column":null}}}},"branchMap":{},"s":{"0":1,"1":1,"2":2,"3":1},"f":{"0":2},"b":{}}
,"C:\\Users\\rakshit.chauhan\\Desktop\\projects\\movie_explorer_reactjs_rakshit\\src\\components\\common\\Placeholder.tsx": {"path":"C:\\Users\\rakshit.chauhan\\Desktop\\projects\\movie_explorer_reactjs_rakshit\\src\\components\\common\\Placeholder.tsx","statementMap":{"0":{"start":{"line":1,"column":0},"end":{"line":1,"column":41}},"1":{"start":{"line":2,"column":0},"end":{"line":2,"column":42}},"2":{"start":{"line":6,"column":4},"end":{"line":20,"column":6}},"3":{"start":{"line":4,"column":0},"end":{"line":4,"column":13}},"4":{"start":{"line":24,"column":0},"end":{"line":24,"column":27}}},"fnMap":{"0":{"name":"(anonymous_0)","decl":{"start":{"line":5,"column":2},"end":{"line":5,"column":8}},"loc":{"start":{"line":5,"column":8},"end":{"line":21,"column":3}}}},"branchMap":{},"s":{"0":1,"1":1,"2":2,"3":1,"4":1},"f":{"0":2},"b":{}}
,"C:\\Users\\rakshit.chauhan\\Desktop\\projects\\movie_explorer_reactjs_rakshit\\src\\components\\common\\MoviesGrid\\MoviesGrid.tsx": {"path":"C:\\Users\\rakshit.chauhan\\Desktop\\projects\\movie_explorer_reactjs_rakshit\\src\\components\\common\\MoviesGrid\\MoviesGrid.tsx","statementMap":{"0":{"start":{"line":2,"column":0},"end":{"line":2,"column":39}},"1":{"start":{"line":3,"column":0},"end":{"line":3,"column":50}},"2":{"start":{"line":18,"column":29},"end":{"line":21,"column":5}},"3":{"start":{"line":19,"column":8},"end":{"line":19,"column":55}},"4":{"start":{"line":19,"column":48},"end":{"line":19,"column":55}},"5":{"start":{"line":20,"column":8},"end":{"line":20,"column":24}},"6":{"start":{"line":23,"column":22},"end":{"line":23,"column":68}},"7":{"start":{"line":25,"column":4},"end":{"line":83,"column":6}},"8":{"start":{"line":35,"column":24},"end":{"line":35,"column":64}},"9":{"start":{"line":86,"column":0},"end":{"line":86,"column":26}}},"fnMap":{"0":{"name":"MoviesGrid","decl":{"start":{"line":17,"column":9},"end":{"line":17,"column":19}},"loc":{"start":{"line":17,"column":159},"end":{"line":84,"column":1}}},"1":{"name":"(anonymous_2)","decl":{"start":{"line":18,"column":29},"end":{"line":18,"column":30}},"loc":{"start":{"line":18,"column":83},"end":{"line":21,"column":5}}},"2":{"name":"(anonymous_3)","decl":{"start":{"line":34,"column":34},"end":{"line":34,"column":35}},"loc":{"start":{"line":35,"column":24},"end":{"line":35,"column":64}}}},"branchMap":{"0":{"loc":{"start":{"line":17,"column":43},"end":{"line":17,"column":58}},"type":"default-arg","locations":[{"start":{"line":17,"column":56},"end":{"line":17,"column":58}}]},"1":{"loc":{"start":{"line":17,"column":60},"end":{"line":17,"column":75}},"type":"default-arg","locations":[{"start":{"line":17,"column":74},"end":{"line":17,"column":75}}]},"2":{"loc":{"start":{"line":17,"column":77},"end":{"line":17,"column":88}},"type":"default-arg","locations":[{"start":{"line":17,"column":84},"end":{"line":17,"column":88}}]},"3":{"loc":{"start":{"line":17,"column":90},"end":{"line":17,"column":107}},"type":"default-arg","locations":[{"start":{"line":17,"column":102},"end":{"line":17,"column":107}}]},"4":{"loc":{"start":{"line":19,"column":8},"end":{"line":19,"column":55}},"type":"if","locations":[{"start":{"line":19,"column":8},"end":{"line":19,"column":55}}]},"5":{"loc":{"start":{"line":19,"column":12},"end":{"line":19,"column":46}},"type":"binary-expr","locations":[{"start":{"line":19,"column":12},"end":{"line":19,"column":33}},{"start":{"line":19,"column":37},"end":{"line":19,"column":46}}]},"6":{"loc":{"start":{"line":23,"column":22},"end":{"line":23,"column":68}},"type":"binary-expr","locations":[{"start":{"line":23,"column":22},"end":{"line":23,"column":32}},{"start":{"line":23,"column":36},"end":{"line":23,"column":68}}]},"7":{"loc":{"start":{"line":29,"column":17},"end":{"line":42,"column":null}},"type":"cond-expr","locations":[{"start":{"line":30,"column":20},"end":{"line":30,"column":null}},{"start":{"line":33,"column":20},"end":{"line":42,"column":null}}]},"8":{"loc":{"start":{"line":33,"column":20},"end":{"line":42,"column":null}},"type":"cond-expr","locations":[{"start":{"line":34,"column":20},"end":{"line":38,"column":22}},{"start":{"line":40,"column":20},"end":{"line":40,"column":null}}]},"9":{"loc":{"start":{"line":35,"column":43},"end":{"line":35,"column":60}},"type":"binary-expr","locations":[{"start":{"line":35,"column":43},"end":{"line":35,"column":51}},{"start":{"line":35,"column":55},"end":{"line":35,"column":60}}]},"10":{"loc":{"start":{"line":46,"column":13},"end":{"line":80,"column":null}},"type":"binary-expr","locations":[{"start":{"line":46,"column":15},"end":{"line":46,"column":31}},{"start":{"line":46,"column":35},"end":{"line":46,"column":52}},{"start":{"line":46,"column":57},"end":{"line":46,"column":70}},{"start":{"line":47,"column":16},"end":{"line":79,"column":null}}]}},"s":{"0":1,"1":1,"2":8,"3":1,"4":0,"5":1,"6":8,"7":8,"8":78,"9":1},"f":{"0":8,"1":1,"2":78},"b":{"0":[3],"1":[3],"2":[3],"3":[6],"4":[0],"5":[1,1],"6":[8,0],"7":[1,7],"8":[6,1],"9":[78,0],"10":[8,5,4,4]}}
,"C:\\Users\\rakshit.chauhan\\Desktop\\projects\\movie_explorer_reactjs_rakshit\\src\\components\\genre\\GenreToolbar.tsx": {"path":"C:\\Users\\rakshit.chauhan\\Desktop\\projects\\movie_explorer_reactjs_rakshit\\src\\components\\genre\\GenreToolbar.tsx","statementMap":{"0":{"start":{"line":1,"column":0},"end":{"line":1,"column":41}},"1":{"start":{"line":2,"column":0},"end":{"line":2,"column":39}},"2":{"start":{"line":3,"column":0},"end":{"line":3,"column":63}},"3":{"start":{"line":17,"column":63},"end":{"line":17,"column":73}},"4":{"start":{"line":18,"column":29},"end":{"line":18,"column":46}},"5":{"start":{"line":20,"column":8},"end":{"line":57,"column":null}},"6":{"start":{"line":33,"column":28},"end":{"line":35,"column":null}},"7":{"start":{"line":34,"column":47},"end":{"line":34,"column":86}},"8":{"start":{"line":15,"column":0},"end":{"line":15,"column":13}},"9":{"start":{"line":61,"column":0},"end":{"line":61,"column":28}}},"fnMap":{"0":{"name":"(anonymous_0)","decl":{"start":{"line":16,"column":4},"end":{"line":16,"column":10}},"loc":{"start":{"line":16,"column":10},"end":{"line":58,"column":5}}},"1":{"name":"(anonymous_1)","decl":{"start":{"line":32,"column":36},"end":{"line":32,"column":37}},"loc":{"start":{"line":33,"column":28},"end":{"line":35,"column":null}}},"2":{"name":"(anonymous_2)","decl":{"start":{"line":34,"column":41},"end":{"line":34,"column":44}},"loc":{"start":{"line":34,"column":47},"end":{"line":34,"column":86}}}},"branchMap":{"0":{"loc":{"start":{"line":17,"column":37},"end":{"line":17,"column":58}},"type":"default-arg","locations":[{"start":{"line":17,"column":53},"end":{"line":17,"column":58}}]},"1":{"loc":{"start":{"line":21,"column":31},"end":{"line":21,"column":75}},"type":"cond-expr","locations":[{"start":{"line":21,"column":64},"end":{"line":21,"column":70}},{"start":{"line":21,"column":73},"end":{"line":21,"column":75}}]},"2":{"loc":{"start":{"line":21,"column":31},"end":{"line":21,"column":61}},"type":"binary-expr","locations":[{"start":{"line":21,"column":31},"end":{"line":21,"column":43}},{"start":{"line":21,"column":47},"end":{"line":21,"column":61}}]},"3":{"loc":{"start":{"line":22,"column":17},"end":{"line":26,"column":null}},"type":"binary-expr","locations":[{"start":{"line":22,"column":17},"end":{"line":22,"column":30}},{"start":{"line":23,"column":20},"end":{"line":25,"column":null}}]},"4":{"loc":{"start":{"line":30,"column":39},"end":{"line":31,"column":116}},"type":"cond-expr","locations":[{"start":{"line":30,"column":54},"end":{"line":30,"column":80}},{"start":{"line":31,"column":30},"end":{"line":31,"column":116}}]},"5":{"loc":{"start":{"line":39,"column":151},"end":{"line":39,"column":254}},"type":"cond-expr","locations":[{"start":{"line":39,"column":182},"end":{"line":39,"column":204}},{"start":{"line":39,"column":207},"end":{"line":39,"column":254}}]},"6":{"loc":{"start":{"line":39,"column":258},"end":{"line":39,"column":343}},"type":"cond-expr","locations":[{"start":{"line":39,"column":308},"end":{"line":39,"column":338}},{"start":{"line":39,"column":341},"end":{"line":39,"column":343}}]},"7":{"loc":{"start":{"line":39,"column":258},"end":{"line":39,"column":305}},"type":"binary-expr","locations":[{"start":{"line":39,"column":258},"end":{"line":39,"column":278}},{"start":{"line":39,"column":282},"end":{"line":39,"column":305}}]},"8":{"loc":{"start":{"line":42,"column":33},"end":{"line":49,"column":null}},"type":"binary-expr","locations":[{"start":{"line":42,"column":33},"end":{"line":42,"column":61}},{"start":{"line":43,"column":36},"end":{"line":48,"column":null}}]}},"s":{"0":1,"1":1,"2":1,"3":5,"4":5,"5":5,"6":50,"7":1,"8":1,"9":1},"f":{"0":5,"1":50,"2":1},"b":{"0":[4],"1":[1,4],"2":[5,2],"3":[5,3],"4":[2,3],"5":[5,45],"6":[1,49],"7":[50,5],"8":[50,5]}}
,"C:\\Users\\rakshit.chauhan\\Desktop\\projects\\movie_explorer_reactjs_rakshit\\src\\components\\hoc\\WithReduxState.tsx": {"path":"C:\\Users\\rakshit.chauhan\\Desktop\\projects\\movie_explorer_reactjs_rakshit\\src\\components\\hoc\\WithReduxState.tsx","statementMap":{"0":{"start":{"line":3,"column":0},"end":{"line":3,"column":42}},"1":{"start":{"line":5,"column":0},"end":{"line":5,"column":47}},"2":{"start":{"line":7,"column":23},"end":{"line":19,"column":1}},"3":{"start":{"line":8,"column":25},"end":{"line":16,"column":5}},"4":{"start":{"line":9,"column":25},"end":{"line":9,"column":79}},"5":{"start":{"line":9,"column":59},"end":{"line":9,"column":78}},"6":{"start":{"line":10,"column":27},"end":{"line":10,"column":83}},"7":{"start":{"line":10,"column":61},"end":{"line":10,"column":82}},"8":{"start":{"line":11,"column":26},"end":{"line":11,"column":79}},"9":{"start":{"line":11,"column":60},"end":{"line":11,"column":78}},"10":{"start":{"line":12,"column":28},"end":{"line":12,"column":85}},"11":{"start":{"line":12,"column":62},"end":{"line":12,"column":84}},"12":{"start":{"line":14,"column":25},"end":{"line":14,"column":38}},"13":{"start":{"line":15,"column":8},"end":{"line":15,"column":151}},"14":{"start":{"line":18,"column":4},"end":{"line":18,"column":null}},"15":{"start":{"line":21,"column":0},"end":{"line":21,"column":30}}},"fnMap":{"0":{"name":"(anonymous_0)","decl":{"start":{"line":7,"column":23},"end":{"line":7,"column":24}},"loc":{"start":{"line":7,"column":57},"end":{"line":19,"column":1}}},"1":{"name":"(anonymous_1)","decl":{"start":{"line":8,"column":25},"end":{"line":8,"column":26}},"loc":{"start":{"line":8,"column":40},"end":{"line":16,"column":5}}},"2":{"name":"(anonymous_2)","decl":{"start":{"line":9,"column":37},"end":{"line":9,"column":38}},"loc":{"start":{"line":9,"column":59},"end":{"line":9,"column":78}}},"3":{"name":"(anonymous_3)","decl":{"start":{"line":10,"column":39},"end":{"line":10,"column":40}},"loc":{"start":{"line":10,"column":61},"end":{"line":10,"column":82}}},"4":{"name":"(anonymous_4)","decl":{"start":{"line":11,"column":38},"end":{"line":11,"column":39}},"loc":{"start":{"line":11,"column":60},"end":{"line":11,"column":78}}},"5":{"name":"(anonymous_5)","decl":{"start":{"line":12,"column":40},"end":{"line":12,"column":41}},"loc":{"start":{"line":12,"column":62},"end":{"line":12,"column":84}}}},"branchMap":{},"s":{"0":1,"1":1,"2":1,"3":1,"4":0,"5":0,"6":0,"7":0,"8":0,"9":0,"10":0,"11":0,"12":0,"13":0,"14":1,"15":1},"f":{"0":1,"1":0,"2":0,"3":0,"4":0,"5":0},"b":{}}
,"C:\\Users\\rakshit.chauhan\\Desktop\\projects\\movie_explorer_reactjs_rakshit\\src\\components\\hoc\\WithRouter.tsx": {"path":"C:\\Users\\rakshit.chauhan\\Desktop\\projects\\movie_explorer_reactjs_rakshit\\src\\components\\hoc\\WithRouter.tsx","statementMap":{"0":{"start":{"line":2,"column":0},"end":{"line":2,"column":55}},"1":{"start":{"line":3,"column":0},"end":{"line":3,"column":71}},"2":{"start":{"line":6,"column":19},"end":{"line":16,"column":1}},"3":{"start":{"line":7,"column":25},"end":{"line":14,"column":5}},"4":{"start":{"line":8,"column":25},"end":{"line":8,"column":38}},"5":{"start":{"line":9,"column":25},"end":{"line":9,"column":38}},"6":{"start":{"line":10,"column":25},"end":{"line":10,"column":38}},"7":{"start":{"line":11,"column":23},"end":{"line":11,"column":34}},"8":{"start":{"line":12,"column":24},"end":{"line":12,"column":78}},"9":{"start":{"line":12,"column":58},"end":{"line":12,"column":77}},"10":{"start":{"line":13,"column":8},"end":{"line":13,"column":139}},"11":{"start":{"line":15,"column":4},"end":{"line":15,"column":24}},"12":{"start":{"line":18,"column":0},"end":{"line":18,"column":26}}},"fnMap":{"0":{"name":"(anonymous_0)","decl":{"start":{"line":6,"column":19},"end":{"line":6,"column":20}},"loc":{"start":{"line":6,"column":53},"end":{"line":16,"column":1}}},"1":{"name":"(anonymous_1)","decl":{"start":{"line":7,"column":25},"end":{"line":7,"column":26}},"loc":{"start":{"line":7,"column":40},"end":{"line":14,"column":5}}},"2":{"name":"(anonymous_2)","decl":{"start":{"line":12,"column":36},"end":{"line":12,"column":37}},"loc":{"start":{"line":12,"column":58},"end":{"line":12,"column":77}}}},"branchMap":{},"s":{"0":3,"1":3,"2":3,"3":3,"4":10,"5":10,"6":10,"7":10,"8":10,"9":20,"10":10,"11":3,"12":3},"f":{"0":3,"1":10,"2":20},"b":{}}
,"C:\\Users\\rakshit.chauhan\\Desktop\\projects\\movie_explorer_reactjs_rakshit\\src\\components\\home\\MainCarousel.tsx": {"path":"C:\\Users\\rakshit.chauhan\\Desktop\\projects\\movie_explorer_reactjs_rakshit\\src\\components\\home\\MainCarousel.tsx","statementMap":{"0":{"start":{"line":2,"column":0},"end":{"line":2,"column":33}},"1":{"start":{"line":3,"column":0},"end":{"line":3,"column":46}},"2":{"start":{"line":4,"column":0},"end":{"line":4,"column":60}},"3":{"start":{"line":5,"column":0},"end":{"line":5,"column":42}},"4":{"start":{"line":6,"column":0},"end":{"line":6,"column":40}},"5":{"start":{"line":7,"column":0},"end":{"line":7,"column":46}},"6":{"start":{"line":9,"column":0},"end":{"line":9,"column":62}},"7":{"start":{"line":11,"column":21},"end":{"line":96,"column":1}},"8":{"start":{"line":12,"column":28},"end":{"line":12,"column":75}},"9":{"start":{"line":12,"column":56},"end":{"line":12,"column":74}},"10":{"start":{"line":14,"column":26},"end":{"line":16,"column":12}},"11":{"start":{"line":15,"column":56},"end":{"line":15,"column":75}},"12":{"start":{"line":18,"column":22},"end":{"line":28,"column":5}},"13":{"start":{"line":19,"column":28},"end":{"line":19,"column":33}},"14":{"start":{"line":20,"column":8},"end":{"line":27,"column":10}},"15":{"start":{"line":30,"column":21},"end":{"line":40,"column":6}},"16":{"start":{"line":42,"column":4},"end":{"line":48,"column":5}},"17":{"start":{"line":43,"column":8},"end":{"line":47,"column":10}},"18":{"start":{"line":50,"column":4},"end":{"line":95,"column":6}},"19":{"start":{"line":58,"column":20},"end":{"line":58,"column":null}},"20":{"start":{"line":98,"column":0},"end":{"line":98,"column":28}}},"fnMap":{"0":{"name":"(anonymous_1)","decl":{"start":{"line":11,"column":21},"end":{"line":11,"column":24}},"loc":{"start":{"line":11,"column":26},"end":{"line":96,"column":1}}},"1":{"name":"(anonymous_2)","decl":{"start":{"line":12,"column":40},"end":{"line":12,"column":41}},"loc":{"start":{"line":12,"column":56},"end":{"line":12,"column":74}}},"2":{"name":"(anonymous_3)","decl":{"start":{"line":15,"column":36},"end":{"line":15,"column":37}},"loc":{"start":{"line":15,"column":56},"end":{"line":15,"column":75}}},"3":{"name":"(anonymous_4)","decl":{"start":{"line":18,"column":22},"end":{"line":18,"column":23}},"loc":{"start":{"line":18,"column":37},"end":{"line":28,"column":5}}},"4":{"name":"(anonymous_5)","decl":{"start":{"line":57,"column":35},"end":{"line":57,"column":36}},"loc":{"start":{"line":58,"column":20},"end":{"line":58,"column":null}}}},"branchMap":{"0":{"loc":{"start":{"line":14,"column":26},"end":{"line":16,"column":12}},"type":"cond-expr","locations":[{"start":{"line":15,"column":10},"end":{"line":15,"column":89}},{"start":{"line":16,"column":10},"end":{"line":16,"column":12}}]},"1":{"loc":{"start":{"line":14,"column":26},"end":{"line":14,"column":71}},"type":"binary-expr","locations":[{"start":{"line":14,"column":26},"end":{"line":14,"column":41}},{"start":{"line":14,"column":45},"end":{"line":14,"column":71}}]},"2":{"loc":{"start":{"line":42,"column":4},"end":{"line":48,"column":5}},"type":"if","locations":[{"start":{"line":42,"column":4},"end":{"line":48,"column":5}}]},"3":{"loc":{"start":{"line":58,"column":30},"end":{"line":58,"column":58}},"type":"binary-expr","locations":[{"start":{"line":58,"column":30},"end":{"line":58,"column":38}},{"start":{"line":58,"column":42},"end":{"line":58,"column":58}}]}},"s":{"0":1,"1":1,"2":1,"3":1,"4":1,"5":1,"6":1,"7":1,"8":2,"9":4,"10":2,"11":1,"12":2,"13":1,"14":1,"15":2,"16":2,"17":1,"18":1,"19":2,"20":1},"f":{"0":2,"1":4,"2":1,"3":1,"4":2},"b":{"0":[1,1],"1":[2,2],"2":[1],"3":[2,0]}}
,"C:\\Users\\rakshit.chauhan\\Desktop\\projects\\movie_explorer_reactjs_rakshit\\src\\components\\home\\MainCarouselMovieCard.tsx": {"path":"C:\\Users\\rakshit.chauhan\\Desktop\\projects\\movie_explorer_reactjs_rakshit\\src\\components\\home\\MainCarouselMovieCard.tsx","statementMap":{"0":{"start":{"line":1,"column":0},"end":{"line":1,"column":41}},"1":{"start":{"line":9,"column":2},"end":{"line":12,"column":4}},"2":{"start":{"line":24,"column":2},"end":{"line":34,"column":4}},"3":{"start":{"line":25,"column":4},"end":{"line":33,"column":5}},"4":{"start":{"line":26,"column":21},"end":{"line":26,"column":53}},"5":{"start":{"line":27,"column":6},"end":{"line":32,"column":9}},"6":{"start":{"line":28,"column":20},"end":{"line":28,"column":43}},"7":{"start":{"line":29,"column":8},"end":{"line":31,"column":9}},"8":{"start":{"line":30,"column":10},"end":{"line":30,"column":39}},"9":{"start":{"line":15,"column":26},"end":{"line":15,"column":37}},"10":{"start":{"line":16,"column":4},"end":{"line":16,"column":44}},"11":{"start":{"line":18,"column":26},"end":{"line":18,"column":37}},"12":{"start":{"line":19,"column":4},"end":{"line":19,"column":45}},"13":{"start":{"line":21,"column":4},"end":{"line":21,"column":79}},"14":{"start":{"line":37,"column":4},"end":{"line":37,"column":82}},"15":{"start":{"line":41,"column":36},"end":{"line":41,"column":46}},"16":{"start":{"line":42,"column":78},"end":{"line":42,"column":94}},"17":{"start":{"line":44,"column":4},"end":{"line":121,"column":6}},"18":{"start":{"line":110,"column":29},"end":{"line":110,"column":69}},"19":{"start":{"line":8,"column":0},"end":{"line":8,"column":13}},"20":{"start":{"line":125,"column":0},"end":{"line":125,"column":37}}},"fnMap":{"0":{"name":"(anonymous_0)","decl":{"start":{"line":8,"column":0},"end":{"line":8,"column":13}},"loc":{"start":{"line":8,"column":0},"end":{"line":123,"column":1}}},"1":{"name":"(anonymous_1)","decl":{"start":{"line":24,"column":27},"end":{"line":24,"column":30}},"loc":{"start":{"line":24,"column":32},"end":{"line":34,"column":3}}},"2":{"name":"(anonymous_2)","decl":{"start":{"line":27,"column":21},"end":{"line":27,"column":22}},"loc":{"start":{"line":27,"column":29},"end":{"line":32,"column":7}}},"3":{"name":"(anonymous_3)","decl":{"start":{"line":14,"column":2},"end":{"line":14,"column":19}},"loc":{"start":{"line":14,"column":19},"end":{"line":22,"column":3}}},"4":{"name":"(anonymous_4)","decl":{"start":{"line":36,"column":2},"end":{"line":36,"column":22}},"loc":{"start":{"line":36,"column":22},"end":{"line":38,"column":3}}},"5":{"name":"(anonymous_5)","decl":{"start":{"line":40,"column":2},"end":{"line":40,"column":8}},"loc":{"start":{"line":40,"column":8},"end":{"line":122,"column":3}}},"6":{"name":"(anonymous_6)","decl":{"start":{"line":110,"column":23},"end":{"line":110,"column":26}},"loc":{"start":{"line":110,"column":29},"end":{"line":110,"column":69}}}},"branchMap":{"0":{"loc":{"start":{"line":25,"column":4},"end":{"line":33,"column":5}},"type":"if","locations":[{"start":{"line":25,"column":4},"end":{"line":33,"column":5}}]},"1":{"loc":{"start":{"line":29,"column":8},"end":{"line":31,"column":9}},"type":"if","locations":[{"start":{"line":29,"column":8},"end":{"line":31,"column":9}}]},"2":{"loc":{"start":{"line":87,"column":15},"end":{"line":90,"column":null}},"type":"binary-expr","locations":[{"start":{"line":87,"column":15},"end":{"line":87,"column":20}},{"start":{"line":88,"column":16},"end":{"line":89,"column":null}}]},"3":{"loc":{"start":{"line":92,"column":15},"end":{"line":93,"column":null}},"type":"binary-expr","locations":[{"start":{"line":92,"column":15},"end":{"line":92,"column":27}},{"start":{"line":93,"column":16},"end":{"line":93,"column":69}}]},"4":{"loc":{"start":{"line":95,"column":15},"end":{"line":101,"column":null}},"type":"binary-expr","locations":[{"start":{"line":95,"column":15},"end":{"line":95,"column":21}},{"start":{"line":96,"column":16},"end":{"line":100,"column":null}}]}},"s":{"0":1,"1":3,"2":3,"3":0,"4":0,"5":0,"6":0,"7":0,"8":0,"9":3,"10":3,"11":3,"12":3,"13":3,"14":3,"15":3,"16":3,"17":3,"18":1,"19":1,"20":1},"f":{"0":3,"1":0,"2":0,"3":3,"4":3,"5":3,"6":1},"b":{"0":[0],"1":[0],"2":[3,3],"3":[3,3],"4":[3,3]}}
,"C:\\Users\\rakshit.chauhan\\Desktop\\projects\\movie_explorer_reactjs_rakshit\\src\\components\\home\\CategorySection\\CarouselSection.tsx": {"path":"C:\\Users\\rakshit.chauhan\\Desktop\\projects\\movie_explorer_reactjs_rakshit\\src\\components\\home\\CategorySection\\CarouselSection.tsx","statementMap":{"0":{"start":{"line":1,"column":0},"end":{"line":1,"column":40}},"1":{"start":{"line":2,"column":0},"end":{"line":2,"column":33}},"2":{"start":{"line":3,"column":0},"end":{"line":3,"column":41}},"3":{"start":{"line":4,"column":0},"end":{"line":4,"column":61}},"4":{"start":{"line":5,"column":0},"end":{"line":5,"column":42}},"5":{"start":{"line":6,"column":0},"end":{"line":6,"column":55}},"6":{"start":{"line":16,"column":19},"end":{"line":16,"column":66}},"7":{"start":{"line":16,"column":47},"end":{"line":16,"column":65}},"8":{"start":{"line":18,"column":31},"end":{"line":33,"column":22}},"9":{"start":{"line":19,"column":12},"end":{"line":32,"column":13}},"10":{"start":{"line":21,"column":20},"end":{"line":21,"column":146}},"11":{"start":{"line":21,"column":57},"end":{"line":21,"column":85}},"12":{"start":{"line":21,"column":112},"end":{"line":21,"column":131}},"13":{"start":{"line":23,"column":20},"end":{"line":23,"column":165}},"14":{"start":{"line":23,"column":57},"end":{"line":23,"column":92}},"15":{"start":{"line":23,"column":119},"end":{"line":23,"column":150}},"16":{"start":{"line":25,"column":20},"end":{"line":25,"column":133}},"17":{"start":{"line":25,"column":57},"end":{"line":25,"column":85}},"18":{"start":{"line":25,"column":112},"end":{"line":25,"column":131}},"19":{"start":{"line":27,"column":20},"end":{"line":27,"column":142}},"20":{"start":{"line":27,"column":57},"end":{"line":27,"column":81}},"21":{"start":{"line":27,"column":108},"end":{"line":27,"column":127}},"22":{"start":{"line":29,"column":20},"end":{"line":29,"column":null}},"23":{"start":{"line":29,"column":57},"end":{"line":29,"column":81}},"24":{"start":{"line":29,"column":108},"end":{"line":29,"column":127}},"25":{"start":{"line":31,"column":20},"end":{"line":31,"column":34}},"26":{"start":{"line":35,"column":4},"end":{"line":59,"column":null}},"27":{"start":{"line":62,"column":0},"end":{"line":62,"column":null}}},"fnMap":{"0":{"name":"CarouselSection","decl":{"start":{"line":14,"column":9},"end":{"line":14,"column":24}},"loc":{"start":{"line":14,"column":64},"end":{"line":60,"column":1}}},"1":{"name":"(anonymous_2)","decl":{"start":{"line":16,"column":31},"end":{"line":16,"column":32}},"loc":{"start":{"line":16,"column":47},"end":{"line":16,"column":65}}},"2":{"name":"(anonymous_3)","decl":{"start":{"line":18,"column":45},"end":{"line":18,"column":48}},"loc":{"start":{"line":18,"column":50},"end":{"line":33,"column":5}}},"3":{"name":"(anonymous_4)","decl":{"start":{"line":21,"column":41},"end":{"line":21,"column":42}},"loc":{"start":{"line":21,"column":57},"end":{"line":21,"column":85}}},"4":{"name":"(anonymous_5)","decl":{"start":{"line":21,"column":92},"end":{"line":21,"column":93}},"loc":{"start":{"line":21,"column":112},"end":{"line":21,"column":131}}},"5":{"name":"(anonymous_6)","decl":{"start":{"line":23,"column":41},"end":{"line":23,"column":42}},"loc":{"start":{"line":23,"column":57},"end":{"line":23,"column":92}}},"6":{"name":"(anonymous_7)","decl":{"start":{"line":23,"column":99},"end":{"line":23,"column":100}},"loc":{"start":{"line":23,"column":119},"end":{"line":23,"column":150}}},"7":{"name":"(anonymous_8)","decl":{"start":{"line":25,"column":41},"end":{"line":25,"column":42}},"loc":{"start":{"line":25,"column":57},"end":{"line":25,"column":85}}},"8":{"name":"(anonymous_9)","decl":{"start":{"line":25,"column":92},"end":{"line":25,"column":93}},"loc":{"start":{"line":25,"column":112},"end":{"line":25,"column":131}}},"9":{"name":"(anonymous_10)","decl":{"start":{"line":27,"column":41},"end":{"line":27,"column":42}},"loc":{"start":{"line":27,"column":57},"end":{"line":27,"column":81}}},"10":{"name":"(anonymous_11)","decl":{"start":{"line":27,"column":88},"end":{"line":27,"column":89}},"loc":{"start":{"line":27,"column":108},"end":{"line":27,"column":127}}},"11":{"name":"(anonymous_12)","decl":{"start":{"line":29,"column":41},"end":{"line":29,"column":42}},"loc":{"start":{"line":29,"column":57},"end":{"line":29,"column":81}}},"12":{"name":"(anonymous_13)","decl":{"start":{"line":29,"column":88},"end":{"line":29,"column":89}},"loc":{"start":{"line":29,"column":108},"end":{"line":29,"column":127}}}},"branchMap":{"0":{"loc":{"start":{"line":19,"column":12},"end":{"line":32,"column":13}},"type":"switch","locations":[{"start":{"line":20,"column":16},"end":{"line":21,"column":146}},{"start":{"line":22,"column":16},"end":{"line":23,"column":165}},{"start":{"line":24,"column":16},"end":{"line":25,"column":133}},{"start":{"line":26,"column":16},"end":{"line":27,"column":142}},{"start":{"line":28,"column":16},"end":{"line":29,"column":null}},{"start":{"line":30,"column":16},"end":{"line":31,"column":34}}]},"1":{"loc":{"start":{"line":39,"column":29},"end":{"line":39,"column":67}},"type":"cond-expr","locations":[{"start":{"line":39,"column":47},"end":{"line":39,"column":55}},{"start":{"line":39,"column":58},"end":{"line":39,"column":67}}]},"2":{"loc":{"start":{"line":51,"column":17},"end":{"line":54,"column":null}},"type":"cond-expr","locations":[{"start":{"line":52,"column":20},"end":{"line":52,"column":36}},{"start":{"line":54,"column":20},"end":{"line":54,"column":66}}]}},"s":{"0":1,"1":1,"2":1,"3":1,"4":1,"5":1,"6":5,"7":10,"8":5,"9":5,"10":2,"11":6,"12":2,"13":0,"14":0,"15":0,"16":0,"17":0,"18":0,"19":1,"20":3,"21":0,"22":1,"23":3,"24":0,"25":1,"26":5,"27":1},"f":{"0":5,"1":10,"2":5,"3":6,"4":2,"5":0,"6":0,"7":0,"8":0,"9":3,"10":0,"11":3,"12":0},"b":{"0":[2,0,0,1,1,1],"1":[1,4],"2":[1,4]}}
,"C:\\Users\\rakshit.chauhan\\Desktop\\projects\\movie_explorer_reactjs_rakshit\\src\\components\\home\\CategorySection\\CompactCarousel.tsx": {"path":"C:\\Users\\rakshit.chauhan\\Desktop\\projects\\movie_explorer_reactjs_rakshit\\src\\components\\home\\CategorySection\\CompactCarousel.tsx","statementMap":{"0":{"start":{"line":2,"column":0},"end":{"line":2,"column":33}},"1":{"start":{"line":4,"column":0},"end":{"line":4,"column":47}},"2":{"start":{"line":5,"column":0},"end":{"line":5,"column":40}},"3":{"start":{"line":6,"column":0},"end":{"line":6,"column":46}},"4":{"start":{"line":13,"column":24},"end":{"line":101,"column":1}},"5":{"start":{"line":14,"column":19},"end":{"line":14,"column":32}},"6":{"start":{"line":16,"column":19},"end":{"line":35,"column":4}},"7":{"start":{"line":28,"column":6},"end":{"line":29,"column":null}},"8":{"start":{"line":33,"column":6},"end":{"line":33,"column":119}},"9":{"start":{"line":38,"column":22},"end":{"line":38,"column":80}},"10":{"start":{"line":38,"column":48},"end":{"line":38,"column":73}},"11":{"start":{"line":40,"column":2},"end":{"line":42,"column":3}},"12":{"start":{"line":41,"column":4},"end":{"line":41,"column":16}},"13":{"start":{"line":44,"column":2},"end":{"line":100,"column":4}},"14":{"start":{"line":49,"column":12},"end":{"line":49,"column":41}},"15":{"start":{"line":52,"column":31},"end":{"line":52,"column":64}},"16":{"start":{"line":103,"column":0},"end":{"line":103,"column":31}}},"fnMap":{"0":{"name":"(anonymous_1)","decl":{"start":{"line":13,"column":24},"end":{"line":13,"column":25}},"loc":{"start":{"line":13,"column":66},"end":{"line":101,"column":1}}},"1":{"name":"(anonymous_2)","decl":{"start":{"line":27,"column":16},"end":{"line":27,"column":17}},"loc":{"start":{"line":28,"column":6},"end":{"line":29,"column":null}}},"2":{"name":"(anonymous_3)","decl":{"start":{"line":32,"column":18},"end":{"line":32,"column":21}},"loc":{"start":{"line":33,"column":6},"end":{"line":33,"column":119}}},"3":{"name":"(anonymous_4)","decl":{"start":{"line":38,"column":39},"end":{"line":38,"column":44}},"loc":{"start":{"line":38,"column":48},"end":{"line":38,"column":73}}},"4":{"name":"(anonymous_5)","decl":{"start":{"line":48,"column":27},"end":{"line":48,"column":28}},"loc":{"start":{"line":49,"column":12},"end":{"line":49,"column":41}}},"5":{"name":"(anonymous_6)","decl":{"start":{"line":52,"column":25},"end":{"line":52,"column":28}},"loc":{"start":{"line":52,"column":31},"end":{"line":52,"column":64}}}},"branchMap":{"0":{"loc":{"start":{"line":38,"column":22},"end":{"line":38,"column":80}},"type":"binary-expr","locations":[{"start":{"line":38,"column":22},"end":{"line":38,"column":74}},{"start":{"line":38,"column":78},"end":{"line":38,"column":80}}]},"1":{"loc":{"start":{"line":40,"column":2},"end":{"line":42,"column":3}},"type":"if","locations":[{"start":{"line":40,"column":2},"end":{"line":42,"column":3}}]},"2":{"loc":{"start":{"line":59,"column":27},"end":{"line":59,"column":56}},"type":"cond-expr","locations":[{"start":{"line":59,"column":40},"end":{"line":59,"column":47}},{"start":{"line":59,"column":50},"end":{"line":59,"column":56}}]},"3":{"loc":{"start":{"line":49,"column":22},"end":{"line":49,"column":39}},"type":"binary-expr","locations":[{"start":{"line":49,"column":22},"end":{"line":49,"column":30}},{"start":{"line":49,"column":34},"end":{"line":49,"column":39}}]}},"s":{"0":1,"1":1,"2":1,"3":1,"4":1,"5":3,"6":3,"7":0,"8":0,"9":3,"10":9,"11":3,"12":0,"13":3,"14":6,"15":1,"16":1},"f":{"0":3,"1":0,"2":0,"3":9,"4":6,"5":1},"b":{"0":[3,0],"1":[0],"2":[6,0],"3":[6,0]}}
,"C:\\Users\\rakshit.chauhan\\Desktop\\projects\\movie_explorer_reactjs_rakshit\\src\\components\\home\\CategorySection\\Index.tsx": {"path":"C:\\Users\\rakshit.chauhan\\Desktop\\projects\\movie_explorer_reactjs_rakshit\\src\\components\\home\\CategorySection\\Index.tsx","statementMap":{"0":{"start":{"line":1,"column":0},"end":{"line":1,"column":49}},"1":{"start":{"line":2,"column":0},"end":{"line":2,"column":46}},"2":{"start":{"line":3,"column":0},"end":{"line":3,"column":55}},"3":{"start":{"line":4,"column":0},"end":{"line":4,"column":48}},"4":{"start":{"line":5,"column":0},"end":{"line":5,"column":43}},"5":{"start":{"line":6,"column":0},"end":{"line":6,"column":63}},"6":{"start":{"line":7,"column":0},"end":{"line":7,"column":51}},"7":{"start":{"line":8,"column":0},"end":{"line":8,"column":63}},"8":{"start":{"line":9,"column":0},"end":{"line":9,"column":48}},"9":{"start":{"line":10,"column":0},"end":{"line":10,"column":39}},"10":{"start":{"line":11,"column":0},"end":{"line":11,"column":66}},"11":{"start":{"line":12,"column":0},"end":{"line":12,"column":65}},"12":{"start":{"line":13,"column":0},"end":{"line":13,"column":70}},"13":{"start":{"line":14,"column":0},"end":{"line":14,"column":74}},"14":{"start":{"line":15,"column":0},"end":{"line":15,"column":39}},"15":{"start":{"line":19,"column":14},"end":{"line":218,"column":1}},"16":{"start":{"line":20,"column":18},"end":{"line":20,"column":66}},"17":{"start":{"line":20,"column":46},"end":{"line":20,"column":65}},"18":{"start":{"line":21,"column":23},"end":{"line":21,"column":51}},"19":{"start":{"line":22,"column":19},"end":{"line":22,"column":45}},"20":{"start":{"line":24,"column":2},"end":{"line":24,"column":null}},"21":{"start":{"line":26,"column":2},"end":{"line":53,"column":9}},"22":{"start":{"line":27,"column":4},"end":{"line":27,"column":22}},"23":{"start":{"line":28,"column":4},"end":{"line":28,"column":null}},"24":{"start":{"line":29,"column":4},"end":{"line":29,"column":30}},"25":{"start":{"line":30,"column":4},"end":{"line":32,"column":5}},"26":{"start":{"line":31,"column":6},"end":{"line":31,"column":66}},"27":{"start":{"line":34,"column":18},"end":{"line":34,"column":49}},"28":{"start":{"line":35,"column":4},"end":{"line":47,"column":6}},"29":{"start":{"line":48,"column":4},"end":{"line":48,"column":37}},"30":{"start":{"line":50,"column":4},"end":{"line":52,"column":6}},"31":{"start":{"line":51,"column":6},"end":{"line":51,"column":39}},"32":{"start":{"line":55,"column":34},"end":{"line":74,"column":3}},"33":{"start":{"line":56,"column":4},"end":{"line":73,"column":5}},"34":{"start":{"line":57,"column":21},"end":{"line":57,"column":58}},"35":{"start":{"line":58,"column":6},"end":{"line":70,"column":7}},"36":{"start":{"line":59,"column":30},"end":{"line":59,"column":48}},"37":{"start":{"line":61,"column":8},"end":{"line":67,"column":null}},"38":{"start":{"line":62,"column":10},"end":{"line":66,"column":null}},"39":{"start":{"line":69,"column":8},"end":{"line":69,"column":49}},"40":{"start":{"line":72,"column":6},"end":{"line":72,"column":65}},"41":{"start":{"line":76,"column":26},"end":{"line":78,"column":4}},"42":{"start":{"line":76,"column":37},"end":{"line":78,"column":4}},"43":{"start":{"line":77,"column":4},"end":{"line":77,"column":null}},"44":{"start":{"line":80,"column":27},"end":{"line":93,"column":null}},"45":{"start":{"line":80,"column":38},"end":{"line":93,"column":null}},"46":{"start":{"line":81,"column":4},"end":{"line":92,"column":5}},"47":{"start":{"line":82,"column":23},"end":{"line":82,"column":56}},"48":{"start":{"line":83,"column":6},"end":{"line":89,"column":7}},"49":{"start":{"line":84,"column":8},"end":{"line":87,"column":9}},"50":{"start":{"line":85,"column":10},"end":{"line":85,"column":44}},"51":{"start":{"line":86,"column":10},"end":{"line":86,"column":16}},"52":{"start":{"line":88,"column":8},"end":{"line":88,"column":null}},"53":{"start":{"line":91,"column":6},"end":{"line":91,"column":73}},"54":{"start":{"line":95,"column":33},"end":{"line":104,"column":null}},"55":{"start":{"line":96,"column":4},"end":{"line":103,"column":null}},"56":{"start":{"line":107,"column":35},"end":{"line":152,"column":null}},"57":{"start":{"line":108,"column":4},"end":{"line":151,"column":null}},"58":{"start":{"line":119,"column":10},"end":{"line":120,"column":null}},"59":{"start":{"line":155,"column":26},"end":{"line":161,"column":4}},"60":{"start":{"line":163,"column":2},"end":{"line":217,"column":4}},"61":{"start":{"line":220,"column":0},"end":{"line":220,"column":21}}},"fnMap":{"0":{"name":"(anonymous_8)","decl":{"start":{"line":19,"column":14},"end":{"line":19,"column":17}},"loc":{"start":{"line":19,"column":19},"end":{"line":218,"column":1}}},"1":{"name":"(anonymous_9)","decl":{"start":{"line":20,"column":30},"end":{"line":20,"column":31}},"loc":{"start":{"line":20,"column":46},"end":{"line":20,"column":65}}},"2":{"name":"(anonymous_10)","decl":{"start":{"line":26,"column":12},"end":{"line":26,"column":15}},"loc":{"start":{"line":26,"column":17},"end":{"line":53,"column":3}}},"3":{"name":"(anonymous_11)","decl":{"start":{"line":50,"column":11},"end":{"line":50,"column":14}},"loc":{"start":{"line":50,"column":16},"end":{"line":52,"column":5}}},"4":{"name":"(anonymous_12)","decl":{"start":{"line":55,"column":34},"end":{"line":55,"column":37}},"loc":{"start":{"line":55,"column":39},"end":{"line":74,"column":3}}},"5":{"name":"(anonymous_13)","decl":{"start":{"line":61,"column":30},"end":{"line":61,"column":31}},"loc":{"start":{"line":61,"column":52},"end":{"line":67,"column":9}}},"6":{"name":"(anonymous_14)","decl":{"start":{"line":76,"column":26},"end":{"line":76,"column":35}},"loc":{"start":{"line":76,"column":37},"end":{"line":78,"column":4}}},"7":{"name":"(anonymous_15)","decl":{"start":{"line":76,"column":37},"end":{"line":76,"column":null}},"loc":{"start":{"line":76,"column":37},"end":{"line":78,"column":3}}},"8":{"name":"(anonymous_16)","decl":{"start":{"line":80,"column":27},"end":{"line":80,"column":36}},"loc":{"start":{"line":80,"column":38},"end":{"line":93,"column":null}}},"9":{"name":"(anonymous_17)","decl":{"start":{"line":80,"column":38},"end":{"line":80,"column":null}},"loc":{"start":{"line":80,"column":38},"end":{"line":93,"column":3}}},"10":{"name":"(anonymous_18)","decl":{"start":{"line":95,"column":33},"end":{"line":95,"column":36}},"loc":{"start":{"line":96,"column":4},"end":{"line":103,"column":null}}},"11":{"name":"(anonymous_19)","decl":{"start":{"line":107,"column":35},"end":{"line":107,"column":38}},"loc":{"start":{"line":108,"column":4},"end":{"line":151,"column":null}}},"12":{"name":"(anonymous_20)","decl":{"start":{"line":118,"column":28},"end":{"line":118,"column":29}},"loc":{"start":{"line":119,"column":10},"end":{"line":120,"column":null}}}},"branchMap":{"0":{"loc":{"start":{"line":30,"column":4},"end":{"line":32,"column":5}},"type":"if","locations":[{"start":{"line":30,"column":4},"end":{"line":32,"column":5}}]},"1":{"loc":{"start":{"line":58,"column":6},"end":{"line":70,"column":7}},"type":"if","locations":[{"start":{"line":58,"column":6},"end":{"line":70,"column":7}}]},"2":{"loc":{"start":{"line":65,"column":23},"end":{"line":65,"column":59}},"type":"binary-expr","locations":[{"start":{"line":65,"column":23},"end":{"line":65,"column":45}},{"start":{"line":65,"column":49},"end":{"line":65,"column":59}}]},"3":{"loc":{"start":{"line":72,"column":18},"end":{"line":72,"column":63}},"type":"binary-expr","locations":[{"start":{"line":72,"column":18},"end":{"line":72,"column":30}},{"start":{"line":72,"column":34},"end":{"line":72,"column":63}}]},"4":{"loc":{"start":{"line":72,"column":18},"end":{"line":72,"column":30}},"type":"cond-expr","locations":[{"start":{"line":72,"column":21},"end":{"line":72,"column":23}},{"start":{"line":72,"column":18},"end":{"line":72,"column":30}}]},"5":{"loc":{"start":{"line":72,"column":18},"end":{"line":72,"column":23}},"type":"binary-expr","locations":[{"start":{"line":72,"column":18},"end":{"line":72,"column":23}},{"start":{"line":72,"column":18},"end":{"line":72,"column":23}}]},"6":{"loc":{"start":{"line":83,"column":6},"end":{"line":89,"column":7}},"type":"if","locations":[{"start":{"line":83,"column":6},"end":{"line":89,"column":7}}]},"7":{"loc":{"start":{"line":84,"column":8},"end":{"line":87,"column":9}},"type":"if","locations":[{"start":{"line":84,"column":8},"end":{"line":87,"column":9}}]},"8":{"loc":{"start":{"line":84,"column":12},"end":{"line":84,"column":28}},"type":"cond-expr","locations":[{"start":{"line":84,"column":20},"end":{"line":84,"column":22}},{"start":{"line":84,"column":12},"end":{"line":84,"column":28}}]},"9":{"loc":{"start":{"line":84,"column":12},"end":{"line":84,"column":22}},"type":"binary-expr","locations":[{"start":{"line":84,"column":12},"end":{"line":84,"column":22}},{"start":{"line":84,"column":12},"end":{"line":84,"column":22}}]},"10":{"loc":{"start":{"line":88,"column":32},"end":{"line":88,"column":46}},"type":"cond-expr","locations":[{"start":{"line":88,"column":40},"end":{"line":88,"column":42}},{"start":{"line":88,"column":32},"end":{"line":88,"column":46}}]},"11":{"loc":{"start":{"line":88,"column":32},"end":{"line":88,"column":42}},"type":"binary-expr","locations":[{"start":{"line":88,"column":32},"end":{"line":88,"column":42}},{"start":{"line":88,"column":32},"end":{"line":88,"column":42}}]},"12":{"loc":{"start":{"line":91,"column":18},"end":{"line":91,"column":71}},"type":"binary-expr","locations":[{"start":{"line":91,"column":18},"end":{"line":91,"column":30}},{"start":{"line":91,"column":34},"end":{"line":91,"column":71}}]},"13":{"loc":{"start":{"line":91,"column":18},"end":{"line":91,"column":30}},"type":"cond-expr","locations":[{"start":{"line":91,"column":21},"end":{"line":91,"column":23}},{"start":{"line":91,"column":18},"end":{"line":91,"column":30}}]},"14":{"loc":{"start":{"line":91,"column":18},"end":{"line":91,"column":23}},"type":"binary-expr","locations":[{"start":{"line":91,"column":18},"end":{"line":91,"column":23}},{"start":{"line":91,"column":18},"end":{"line":91,"column":23}}]},"15":{"loc":{"start":{"line":165,"column":5},"end":{"line":168,"column":null}},"type":"binary-expr","locations":[{"start":{"line":165,"column":5},"end":{"line":165,"column":13}},{"start":{"line":166,"column":6},"end":{"line":167,"column":null}}]},"16":{"loc":{"start":{"line":171,"column":7},"end":{"line":171,"column":38}},"type":"binary-expr","locations":[{"start":{"line":171,"column":7},"end":{"line":171,"column":15}},{"start":{"line":171,"column":19},"end":{"line":171,"column":38}}]},"17":{"loc":{"start":{"line":173,"column":9},"end":{"line":179,"column":null}},"type":"cond-expr","locations":[{"start":{"line":174,"column":10},"end":{"line":174,"column":34}},{"start":{"line":176,"column":10},"end":{"line":178,"column":null}}]},"18":{"loc":{"start":{"line":184,"column":9},"end":{"line":213,"column":null}},"type":"cond-expr","locations":[{"start":{"line":185,"column":10},"end":{"line":188,"column":null}},{"start":{"line":191,"column":10},"end":{"line":212,"column":null}}]}},"s":{"0":1,"1":1,"2":1,"3":1,"4":1,"5":1,"6":1,"7":1,"8":1,"9":1,"10":1,"11":1,"12":1,"13":1,"14":1,"15":1,"16":3,"17":4,"18":2,"19":2,"20":2,"21":2,"22":2,"23":2,"24":2,"25":2,"26":2,"27":2,"28":2,"29":2,"30":2,"31":2,"32":2,"33":2,"34":2,"35":2,"36":0,"37":0,"38":0,"39":0,"40":0,"41":2,"42":2,"43":2,"44":2,"45":2,"46":2,"47":2,"48":2,"49":0,"50":0,"51":0,"52":0,"53":0,"54":2,"55":1,"56":2,"57":3,"58":30,"59":2,"60":2,"61":1},"f":{"0":3,"1":4,"2":2,"3":2,"4":2,"5":0,"6":2,"7":2,"8":2,"9":2,"10":1,"11":3,"12":30},"b":{"0":[2],"1":[0],"2":[0,0],"3":[0,0],"4":[0,0],"5":[0,0],"6":[0],"7":[0],"8":[0,0],"9":[0,0],"10":[0,0],"11":[0,0],"12":[0,0],"13":[0,0],"14":[0,0],"15":[2,1],"16":[2,1],"17":[1,1],"18":[1,1]}}
,"C:\\Users\\rakshit.chauhan\\Desktop\\projects\\movie_explorer_reactjs_rakshit\\src\\components\\notification\\NotificationCenter.tsx": {"path":"C:\\Users\\rakshit.chauhan\\Desktop\\projects\\movie_explorer_reactjs_rakshit\\src\\components\\notification\\NotificationCenter.tsx","statementMap":{"0":{"start":{"line":1,"column":0},"end":{"line":1,"column":51}},"1":{"start":{"line":2,"column":0},"end":{"line":2,"column":55}},"2":{"start":{"line":3,"column":0},"end":{"line":3,"column":101}},"3":{"start":{"line":4,"column":0},"end":{"line":4,"column":67}},"4":{"start":{"line":5,"column":0},"end":{"line":5,"column":66}},"5":{"start":{"line":6,"column":0},"end":{"line":6,"column":50}},"6":{"start":{"line":7,"column":0},"end":{"line":7,"column":54}},"7":{"start":{"line":8,"column":0},"end":{"line":8,"column":52}},"8":{"start":{"line":9,"column":0},"end":{"line":9,"column":40}},"9":{"start":{"line":11,"column":0},"end":{"line":11,"column":39}},"10":{"start":{"line":13,"column":37},"end":{"line":185,"column":1}},"11":{"start":{"line":14,"column":32},"end":{"line":14,"column":47}},"12":{"start":{"line":15,"column":46},"end":{"line":15,"column":61}},"13":{"start":{"line":16,"column":21},"end":{"line":16,"column":34}},"14":{"start":{"line":18,"column":18},"end":{"line":18,"column":71}},"15":{"start":{"line":18,"column":46},"end":{"line":18,"column":70}},"16":{"start":{"line":19,"column":24},"end":{"line":19,"column":83}},"17":{"start":{"line":19,"column":52},"end":{"line":19,"column":82}},"18":{"start":{"line":20,"column":23},"end":{"line":20,"column":73}},"19":{"start":{"line":20,"column":51},"end":{"line":20,"column":72}},"20":{"start":{"line":22,"column":4},"end":{"line":28,"column":30}},"21":{"start":{"line":23,"column":8},"end":{"line":27,"column":9}},"22":{"start":{"line":24,"column":12},"end":{"line":24,"column":35}},"23":{"start":{"line":25,"column":26},"end":{"line":25,"column":73}},"24":{"start":{"line":25,"column":43},"end":{"line":25,"column":66}},"25":{"start":{"line":26,"column":12},"end":{"line":26,"column":45}},"26":{"start":{"line":26,"column":25},"end":{"line":26,"column":44}},"27":{"start":{"line":30,"column":25},"end":{"line":39,"column":5}},"28":{"start":{"line":31,"column":8},"end":{"line":34,"column":9}},"29":{"start":{"line":32,"column":12},"end":{"line":32,"column":64}},"30":{"start":{"line":33,"column":12},"end":{"line":33,"column":19}},"31":{"start":{"line":35,"column":8},"end":{"line":35,"column":27}},"32":{"start":{"line":36,"column":8},"end":{"line":38,"column":9}},"33":{"start":{"line":37,"column":12},"end":{"line":37,"column":38}},"34":{"start":{"line":41,"column":24},"end":{"line":43,"column":5}},"35":{"start":{"line":42,"column":8},"end":{"line":42,"column":39}},"36":{"start":{"line":45,"column":29},"end":{"line":47,"column":5}},"37":{"start":{"line":46,"column":8},"end":{"line":46,"column":33}},"38":{"start":{"line":49,"column":4},"end":{"line":184,"column":6}},"39":{"start":{"line":78,"column":39},"end":{"line":78,"column":55}},"40":{"start":{"line":93,"column":40},"end":{"line":93,"column":60}},"41":{"start":{"line":94,"column":40},"end":{"line":94,"column":66}},"42":{"start":{"line":103,"column":40},"end":{"line":103,"column":60}},"43":{"start":{"line":104,"column":40},"end":{"line":104,"column":54}},"44":{"start":{"line":113,"column":40},"end":{"line":113,"column":60}},"45":{"start":{"line":114,"column":40},"end":{"line":114,"column":57}},"46":{"start":{"line":138,"column":40},"end":{"line":139,"column":null}},"47":{"start":{"line":142,"column":48},"end":{"line":142,"column":68}},"48":{"start":{"line":143,"column":48},"end":{"line":143,"column":82}},"49":{"start":{"line":187,"column":0},"end":{"line":187,"column":34}}},"fnMap":{"0":{"name":"(anonymous_1)","decl":{"start":{"line":13,"column":37},"end":{"line":13,"column":40}},"loc":{"start":{"line":13,"column":42},"end":{"line":185,"column":1}}},"1":{"name":"(anonymous_2)","decl":{"start":{"line":18,"column":30},"end":{"line":18,"column":31}},"loc":{"start":{"line":18,"column":46},"end":{"line":18,"column":70}}},"2":{"name":"(anonymous_3)","decl":{"start":{"line":19,"column":36},"end":{"line":19,"column":37}},"loc":{"start":{"line":19,"column":52},"end":{"line":19,"column":82}}},"3":{"name":"(anonymous_4)","decl":{"start":{"line":20,"column":35},"end":{"line":20,"column":36}},"loc":{"start":{"line":20,"column":51},"end":{"line":20,"column":72}}},"4":{"name":"(anonymous_5)","decl":{"start":{"line":22,"column":14},"end":{"line":22,"column":17}},"loc":{"start":{"line":22,"column":19},"end":{"line":28,"column":5}}},"5":{"name":"(anonymous_6)","decl":{"start":{"line":25,"column":37},"end":{"line":25,"column":40}},"loc":{"start":{"line":25,"column":43},"end":{"line":25,"column":66}}},"6":{"name":"(anonymous_7)","decl":{"start":{"line":26,"column":19},"end":{"line":26,"column":22}},"loc":{"start":{"line":26,"column":25},"end":{"line":26,"column":44}}},"7":{"name":"(anonymous_8)","decl":{"start":{"line":30,"column":25},"end":{"line":30,"column":28}},"loc":{"start":{"line":30,"column":30},"end":{"line":39,"column":5}}},"8":{"name":"(anonymous_9)","decl":{"start":{"line":41,"column":24},"end":{"line":41,"column":27}},"loc":{"start":{"line":41,"column":29},"end":{"line":43,"column":5}}},"9":{"name":"(anonymous_10)","decl":{"start":{"line":45,"column":29},"end":{"line":45,"column":30}},"loc":{"start":{"line":45,"column":44},"end":{"line":47,"column":5}}},"10":{"name":"(anonymous_11)","decl":{"start":{"line":78,"column":33},"end":{"line":78,"column":36}},"loc":{"start":{"line":78,"column":39},"end":{"line":78,"column":55}}},"11":{"name":"(anonymous_12)","decl":{"start":{"line":92,"column":45},"end":{"line":92,"column":46}},"loc":{"start":{"line":92,"column":51},"end":{"line":95,"column":37}}},"12":{"name":"(anonymous_13)","decl":{"start":{"line":102,"column":45},"end":{"line":102,"column":46}},"loc":{"start":{"line":102,"column":51},"end":{"line":105,"column":37}}},"13":{"name":"(anonymous_14)","decl":{"start":{"line":112,"column":45},"end":{"line":112,"column":46}},"loc":{"start":{"line":112,"column":51},"end":{"line":115,"column":37}}},"14":{"name":"(anonymous_15)","decl":{"start":{"line":137,"column":46},"end":{"line":137,"column":47}},"loc":{"start":{"line":138,"column":40},"end":{"line":139,"column":null}}},"15":{"name":"(anonymous_16)","decl":{"start":{"line":141,"column":53},"end":{"line":141,"column":54}},"loc":{"start":{"line":141,"column":59},"end":{"line":144,"column":45}}}},"branchMap":{"0":{"loc":{"start":{"line":23,"column":8},"end":{"line":27,"column":9}},"type":"if","locations":[{"start":{"line":23,"column":8},"end":{"line":27,"column":9}}]},"1":{"loc":{"start":{"line":23,"column":12},"end":{"line":23,"column":38}},"type":"binary-expr","locations":[{"start":{"line":23,"column":12},"end":{"line":23,"column":27}},{"start":{"line":23,"column":31},"end":{"line":23,"column":38}}]},"2":{"loc":{"start":{"line":31,"column":8},"end":{"line":34,"column":9}},"type":"if","locations":[{"start":{"line":31,"column":8},"end":{"line":34,"column":9}}]},"3":{"loc":{"start":{"line":36,"column":8},"end":{"line":38,"column":9}},"type":"if","locations":[{"start":{"line":36,"column":8},"end":{"line":38,"column":9}}]},"4":{"loc":{"start":{"line":36,"column":12},"end":{"line":36,"column":38}},"type":"binary-expr","locations":[{"start":{"line":36,"column":12},"end":{"line":36,"column":19}},{"start":{"line":36,"column":23},"end":{"line":36,"column":38}}]},"5":{"loc":{"start":{"line":53,"column":170},"end":{"line":53,"column":211}},"type":"cond-expr","locations":[{"start":{"line":53,"column":186},"end":{"line":53,"column":206}},{"start":{"line":53,"column":209},"end":{"line":53,"column":211}}]},"6":{"loc":{"start":{"line":71,"column":13},"end":{"line":181,"column":null}},"type":"binary-expr","locations":[{"start":{"line":71,"column":13},"end":{"line":71,"column":19}},{"start":{"line":72,"column":16},"end":{"line":180,"column":null}}]},"7":{"loc":{"start":{"line":126,"column":33},"end":{"line":171,"column":null}},"type":"cond-expr","locations":[{"start":{"line":127,"column":36},"end":{"line":134,"column":null}},{"start":{"line":137,"column":36},"end":{"line":171,"column":38}}]},"8":{"loc":{"start":{"line":140,"column":114},"end":{"line":140,"column":168}},"type":"cond-expr","locations":[{"start":{"line":140,"column":134},"end":{"line":140,"column":136}},{"start":{"line":140,"column":139},"end":{"line":140,"column":168}}]},"9":{"loc":{"start":{"line":148,"column":53},"end":{"line":149,"column":null}},"type":"binary-expr","locations":[{"start":{"line":148,"column":53},"end":{"line":148,"column":71}},{"start":{"line":149,"column":56},"end":{"line":149,"column":134}}]},"10":{"loc":{"start":{"line":151,"column":92},"end":{"line":151,"column":142}},"type":"cond-expr","locations":[{"start":{"line":151,"column":112},"end":{"line":151,"column":127}},{"start":{"line":151,"column":130},"end":{"line":151,"column":142}}]},"11":{"loc":{"start":{"line":160,"column":45},"end":{"line":168,"column":null}},"type":"binary-expr","locations":[{"start":{"line":160,"column":45},"end":{"line":160,"column":66}},{"start":{"line":161,"column":48},"end":{"line":167,"column":null}}]}},"s":{"0":1,"1":1,"2":1,"3":1,"4":1,"5":1,"6":1,"7":1,"8":1,"9":1,"10":1,"11":28,"12":28,"13":28,"14":28,"15":37,"16":28,"17":37,"18":28,"19":37,"20":28,"21":18,"22":10,"23":10,"24":0,"25":10,"26":10,"27":28,"28":8,"29":1,"30":1,"31":7,"32":7,"33":6,"34":28,"35":1,"36":28,"37":1,"38":28,"39":1,"40":1,"41":1,"42":1,"43":1,"44":1,"45":1,"46":6,"47":1,"48":1,"49":1},"f":{"0":28,"1":37,"2":37,"3":37,"4":18,"5":0,"6":10,"7":8,"8":1,"9":1,"10":1,"11":1,"12":1,"13":1,"14":6,"15":1},"b":{"0":[10],"1":[18,16],"2":[1],"3":[6],"4":[7,7],"5":[18,10],"6":[28,7],"7":[1,6],"8":[0,6],"9":[6,6],"10":[0,6],"11":[6,0]}}
,"C:\\Users\\rakshit.chauhan\\Desktop\\projects\\movie_explorer_reactjs_rakshit\\src\\components\\profile\\PersonalInformation.tsx": {"path":"C:\\Users\\rakshit.chauhan\\Desktop\\projects\\movie_explorer_reactjs_rakshit\\src\\components\\profile\\PersonalInformation.tsx","statementMap":{"0":{"start":{"line":1,"column":0},"end":{"line":1,"column":41}},"1":{"start":{"line":2,"column":0},"end":{"line":2,"column":72}},"2":{"start":{"line":3,"column":0},"end":{"line":3,"column":62}},"3":{"start":{"line":4,"column":0},"end":{"line":4,"column":52}},"4":{"start":{"line":5,"column":0},"end":{"line":5,"column":66}},"5":{"start":{"line":6,"column":0},"end":{"line":6,"column":60}},"6":{"start":{"line":7,"column":0},"end":{"line":7,"column":76}},"7":{"start":{"line":8,"column":0},"end":{"line":8,"column":66}},"8":{"start":{"line":9,"column":0},"end":{"line":9,"column":56}},"9":{"start":{"line":10,"column":0},"end":{"line":10,"column":62}},"10":{"start":{"line":11,"column":0},"end":{"line":11,"column":43}},"11":{"start":{"line":17,"column":147},"end":{"line":17,"column":157}},"12":{"start":{"line":19,"column":8},"end":{"line":408,"column":null}},"13":{"start":{"line":68,"column":63},"end":{"line":68,"column":107}},"14":{"start":{"line":76,"column":63},"end":{"line":76,"column":91}},"15":{"start":{"line":84,"column":63},"end":{"line":84,"column":91}},"16":{"start":{"line":212,"column":67},"end":{"line":212,"column":105}},"17":{"start":{"line":344,"column":60},"end":{"line":344,"column":77}},"18":{"start":{"line":380,"column":67},"end":{"line":380,"column":105}},"19":{"start":{"line":13,"column":0},"end":{"line":13,"column":13}},"20":{"start":{"line":412,"column":0},"end":{"line":412,"column":47}}},"fnMap":{"0":{"name":"(anonymous_1)","decl":{"start":{"line":16,"column":4},"end":{"line":16,"column":10}},"loc":{"start":{"line":16,"column":10},"end":{"line":409,"column":5}}},"1":{"name":"(anonymous_2)","decl":{"start":{"line":68,"column":57},"end":{"line":68,"column":60}},"loc":{"start":{"line":68,"column":63},"end":{"line":68,"column":107}}},"2":{"name":"(anonymous_3)","decl":{"start":{"line":76,"column":57},"end":{"line":76,"column":60}},"loc":{"start":{"line":76,"column":63},"end":{"line":76,"column":91}}},"3":{"name":"(anonymous_4)","decl":{"start":{"line":84,"column":57},"end":{"line":84,"column":60}},"loc":{"start":{"line":84,"column":63},"end":{"line":84,"column":91}}},"4":{"name":"(anonymous_5)","decl":{"start":{"line":212,"column":61},"end":{"line":212,"column":64}},"loc":{"start":{"line":212,"column":67},"end":{"line":212,"column":105}}},"5":{"name":"(anonymous_6)","decl":{"start":{"line":343,"column":91},"end":{"line":343,"column":92}},"loc":{"start":{"line":344,"column":60},"end":{"line":344,"column":77}}},"6":{"name":"(anonymous_7)","decl":{"start":{"line":380,"column":61},"end":{"line":380,"column":64}},"loc":{"start":{"line":380,"column":67},"end":{"line":380,"column":105}}}},"branchMap":{"0":{"loc":{"start":{"line":55,"column":29},"end":{"line":92,"column":null}},"type":"binary-expr","locations":[{"start":{"line":55,"column":29},"end":{"line":55,"column":59}},{"start":{"line":56,"column":32},"end":{"line":91,"column":null}}]},"1":{"loc":{"start":{"line":98,"column":34},"end":{"line":102,"column":103}},"type":"cond-expr","locations":[{"start":{"line":99,"column":38},"end":{"line":99,"column":147}},{"start":{"line"
[...]
olumn":45}},{"start":{"line":25,"column":43},"end":{"line":25,"column":45}}]},"41":{"loc":{"start":{"line":25,"column":24},"end":{"line":25,"column":43}},"type":"cond-expr","locations":[{"start":{"line":25,"column":37},"end":{"line":25,"column":39}},{"start":{"line":25,"column":37},"end":{"line":25,"column":43}}]},"42":{"loc":{"start":{"line":25,"column":24},"end":{"line":25,"column":39}},"type":"binary-expr","locations":[{"start":{"line":25,"column":24},"end":{"line":25,"column":39}},{"start":{"line":25,"column":37},"end":{"line":25,"column":39}}]},"43":{"loc":{"start":{"line":25,"column":24},"end":{"line":25,"column":37}},"type":"cond-expr","locations":[{"start":{"line":25,"column":27},"end":{"line":25,"column":29}},{"start":{"line":25,"column":24},"end":{"line":25,"column":37}}]},"44":{"loc":{"start":{"line":25,"column":24},"end":{"line":25,"column":29}},"type":"binary-expr","locations":[{"start":{"line":25,"column":24},"end":{"line":25,"column":29}},{"start":{"line":25,"column":24},"end":{"line":25,"column":29}}]},"45":{"loc":{"start":{"line":27,"column":24},"end":{"line":27,"column":84}},"type":"cond-expr","locations":[{"start":{"line":27,"column":46},"end":{"line":27,"column":50}},{"start":{"line":27,"column":50},"end":{"line":27,"column":84}}]},"46":{"loc":{"start":{"line":27,"column":24},"end":{"line":27,"column":50}},"type":"binary-expr","locations":[{"start":{"line":27,"column":24},"end":{"line":27,"column":50}},{"start":{"line":27,"column":46},"end":{"line":27,"column":50}}]},"47":{"loc":{"start":{"line":27,"column":24},"end":{"line":27,"column":46}},"type":"cond-expr","locations":[{"start":{"line":27,"column":37},"end":{"line":27,"column":39}},{"start":{"line":27,"column":37},"end":{"line":27,"column":46}}]},"48":{"loc":{"start":{"line":27,"column":24},"end":{"line":27,"column":39}},"type":"binary-expr","locations":[{"start":{"line":27,"column":24},"end":{"line":27,"column":39}},{"start":{"line":27,"column":37},"end":{"line":27,"column":39}}]},"49":{"loc":{"start":{"line":27,"column":24},"end":{"line":27,"column":37}},"type":"cond-expr","locations":[{"start":{"line":27,"column":27},"end":{"line":27,"column":29}},{"start":{"line":27,"column":24},"end":{"line":27,"column":37}}]},"50":{"loc":{"start":{"line":27,"column":24},"end":{"line":27,"column":29}},"type":"binary-expr","locations":[{"start":{"line":27,"column":24},"end":{"line":27,"column":29}},{"start":{"line":27,"column":24},"end":{"line":27,"column":29}}]},"51":{"loc":{"start":{"line":44,"column":4},"end":{"line":44,"column":22}},"type":"if","locations":[{"start":{"line":44,"column":4},"end":{"line":44,"column":22}}]},"52":{"loc":{"start":{"line":50,"column":20},"end":{"line":50,"column":70}},"type":"cond-expr","locations":[{"start":{"line":50,"column":32},"end":{"line":50,"column":36}},{"start":{"line":50,"column":36},"end":{"line":50,"column":70}}]},"53":{"loc":{"start":{"line":50,"column":20},"end":{"line":50,"column":36}},"type":"binary-expr","locations":[{"start":{"line":50,"column":20},"end":{"line":50,"column":36}},{"start":{"line":50,"column":32},"end":{"line":50,"column":36}}]},"54":{"loc":{"start":{"line":50,"column":20},"end":{"line":50,"column":32}},"type":"cond-expr","locations":[{"start":{"line":50,"column":23},"end":{"line":50,"column":25}},{"start":{"line":50,"column":20},"end":{"line":50,"column":32}}]},"55":{"loc":{"start":{"line":50,"column":20},"end":{"line":50,"column":25}},"type":"binary-expr","locations":[{"start":{"line":50,"column":20},"end":{"line":50,"column":25}},{"start":{"line":50,"column":20},"end":{"line":50,"column":25}}]},"56":{"loc":{"start":{"line":92,"column":4},"end":{"line":92,"column":22}},"type":"if","locations":[{"start":{"line":92,"column":4},"end":{"line":92,"column":22}}]},"57":{"loc":{"start":{"line":102,"column":15},"end":{"line":102,"column":44}},"type":"cond-expr","locations":[{"start":{"line":102,"column":29},"end":{"line":102,"column":31}},{"start":{"line":102,"column":29},"end":{"line":102,"column":44}}]},"58":{"loc":{"start":{"line":102,"column":15},"end":{"line":102,"column":31}},"type":"binary-expr","locations":[{"start":{"line":102,"column":15},"end":{"line":102,"column":31}},{"start":{"line":102,"column":29},"end":{"line":102,"column":31}}]},"59":{"loc":{"start":{"line":102,"column":15},"end":{"line":102,"column":29}},"type":"cond-expr","locations":[{"start":{"line":102,"column":23},"end":{"line":102,"column":25}},{"start":{"line":102,"column":15},"end":{"line":102,"column":29}}]},"60":{"loc":{"start":{"line":102,"column":15},"end":{"line":102,"column":25}},"type":"binary-expr","locations":[{"start":{"line":102,"column":15},"end":{"line":102,"column":25}},{"start":{"line":102,"column":15},"end":{"line":102,"column":25}}]}},"s":{"0":1,"1":1,"2":1,"3":1,"4":0,"5":0,"6":0,"7":0,"8":0,"9":0,"10":0,"11":0,"12":0,"13":0,"14":0,"15":0,"16":0,"17":1,"18":1,"19":0,"20":0,"21":0,"22":0,"23":0,"24":1,"25":1,"26":0,"27":0,"28":0,"29":0,"30":0,"31":0,"32":0,"33":0,"34":1,"35":1,"36":0,"37":0,"38":0,"39":0,"40":1,"41":1,"42":0,"43":0,"44":0,"45":0,"46":0,"47":1,"48":1,"49":2,"50":2,"51":2,"52":2,"53":0,"54":0,"55":0,"56":0,"57":1,"58":1,"59":0,"60":0,"61":0,"62":0,"63":0,"64":1,"65":1,"66":0,"67":0,"68":0,"69":0,"70":0,"71":1},"f":{"0":0,"1":0,"2":0,"3":0,"4":0,"5":0,"6":0,"7":0,"8":0,"9":0,"10":2,"11":2,"12":0,"13":0,"14":0,"15":0},"b":{"0":[0,0],"1":[0,0],"2":[0,0],"3":[0,0],"4":[0,0],"5":[0,0],"6":[0,0],"7":[0,0],"8":[0,0],"9":[0,0],"10":[0,0],"11":[0,0],"12":[0,0],"13":[0,0],"14":[0,0],"15":[0,0],"16":[0,0],"17":[0,0],"18":[0,0],"19":[0,0],"20":[0,0],"21":[0,0],"22":[0,0],"23":[0,0],"24":[0,0],"25":[0,0],"26":[0,0],"27":[0,0],"28":[0,0],"29":[0,0],"30":[0,0],"31":[0,0],"32":[0,0],"33":[0,0],"34":[0,0],"35":[0,0],"36":[0,0],"37":[0,0],"38":[0,0],"39":[0,0],"40":[0,0],"41":[0,0],"42":[0,0],"43":[0,0],"44":[0,0],"45":[0,0],"46":[0,0],"47":[0,0],"48":[0,0],"49":[0,0],"50":[0,0],"51":[0],"52":[0,0],"53":[0,0],"54":[0,0],"55":[0,0],"56":[2],"57":[0,0],"58":[0,0],"59":[0,0],"60":[0,0]}}
,"C:\\Users\\rakshit.chauhan\\Desktop\\projects\\movie_explorer_reactjs_rakshit\\src\\services\\interceptor\\apiConnector.ts": {"path":"C:\\Users\\rakshit.chauhan\\Desktop\\projects\\movie_explorer_reactjs_rakshit\\src\\services\\interceptor\\apiConnector.ts","statementMap":{"0":{"start":{"line":1,"column":0},"end":{"line":1,"column":72}},"1":{"start":{"line":2,"column":0},"end":{"line":2,"column":38}},"2":{"start":{"line":4,"column":22},"end":{"line":4,"column":38}},"3":{"start":{"line":6,"column":0},"end":{"line":21,"column":null}},"4":{"start":{"line":8,"column":8},"end":{"line":13,"column":9}},"5":{"start":{"line":9,"column":26},"end":{"line":9,"column":55}},"6":{"start":{"line":10,"column":12},"end":{"line":12,"column":13}},"7":{"start":{"line":11,"column":16},"end":{"line":11,"column":null}},"8":{"start":{"line":15,"column":8},"end":{"line":15,"column":null}},"9":{"start":{"line":16,"column":8},"end":{"line":16,"column":null}},"10":{"start":{"line":19,"column":8},"end":{"line":19,"column":null}},"11":{"start":{"line":23,"column":0},"end":{"line":36,"column":null}},"12":{"start":{"line":25,"column":8},"end":{"line":25,"column":null}},"13":{"start":{"line":28,"column":8},"end":{"line":33,"column":9}},"14":{"start":{"line":29,"column":12},"end":{"line":29,"column":null}},"15":{"start":{"line":30,"column":12},"end":{"line":30,"column":null}},"16":{"start":{"line":31,"column":14},"end":{"line":33,"column":9}},"17":{"start":{"line":32,"column":12},"end":{"line":32,"column":null}},"18":{"start":{"line":34,"column":8},"end":{"line":34,"column":null}},"19":{"start":{"line":38,"column":28},"end":{"line":50,"column":1}},"20":{"start":{"line":39,"column":4},"end":{"line":49,"column":null}},"21":{"start":{"line":38,"column":13},"end":{"line":38,"column":28}}},"fnMap":{"0":{"name":"(anonymous_1)","decl":{"start":{"line":7,"column":4},"end":{"line":7,"column":5}},"loc":{"start":{"line":7,"column":20},"end":{"line":17,"column":5}}},"1":{"name":"(anonymous_2)","decl":{"start":{"line":18,"column":4},"end":{"line":18,"column":5}},"loc":{"start":{"line":18,"column":14},"end":{"line":20,"column":5}}},"2":{"name":"(anonymous_3)","decl":{"start":{"line":24,"column":4},"end":{"line":24,"column":5}},"loc":{"start":{"line":24,"column":17},"end":{"line":26,"column":5}}},"3":{"name":"(anonymous_4)","decl":{"start":{"line":27,"column":4},"end":{"line":27,"column":5}},"loc":{"start":{"line":27,"column":14},"end":{"line":35,"column":5}}},"4":{"name":"(anonymous_5)","decl":{"start":{"line":38,"column":28},"end":{"line":38,"column":29}},"loc":{"start":{"line":38,"column":176},"end":{"line":50,"column":1}}}},"branchMap":{"0":{"loc":{"start":{"line":8,"column":8},"end":{"line":13,"column":9}},"type":"if","locations":[{"start":{"line":8,"column":8},"end":{"line":13,"column":9}}]},"1":{"loc":{"start":{"line":10,"column":12},"end":{"line":12,"column":13}},"type":"if","locations":[{"start":{"line":10,"column":12},"end":{"line":12,"column":13}}]},"2":{"loc":{"start":{"line":28,"column":8},"end":{"line":33,"column":9}},"type":"if","locations":[{"start":{"line":28,"column":8},"end":{"line":33,"column":9}},{"start":{"line":31,"column":14},"end":{"line":33,"column":9}}]},"3":{"loc":{"start":{"line":31,"column":14},"end":{"line":33,"column":9}},"type":"if","locations":[{"start":{"line":31,"column":14},"end":{"line":33,"column":9}}]},"4":{"loc":{"start":{"line":42,"column":14},"end":{"line":42,"column":30}},"type":"cond-expr","locations":[{"start":{"line":42,"column":21},"end":{"line":42,"column":25}},{"start":{"line":42,"column":28},"end":{"line":42,"column":30}}]},"5":{"loc":{"start":{"line":44,"column":28},"end":{"line":44,"column":81}},"type":"cond-expr","locations":[{"start":{"line":44,"column":39},"end":{"line":44,"column":60}},{"start":{"line":44,"column":63},"end":{"line":44,"column":81}}]},"6":{"loc":{"start":{"line":47,"column":16},"end":{"line":47,"column":45}},"type":"cond-expr","locations":[{"start":{"line":47,"column":24},"end":{"line":47,"column":39}},{"start":{"line":47,"column":41},"end":{"line":47,"column":45}}]}},"s":{"0":1,"1":1,"2":1,"3":1,"4":0,"5":0,"6":0,"7":0,"8":0,"9":0,"10":0,"11":1,"12":0,"13":0,"14":0,"15":0,"16":0,"17":0,"18":0,"19":1,"20":0,"21":1},"f":{"0":0,"1":0,"2":0,"3":0,"4":0},"b":{"0":[0],"1":[0],"2":[0,0],"3":[0],"4":[0,0],"5":[0,0],"6":[0,0]}}
,"C:\\Users\\rakshit.chauhan\\Desktop\\projects\\movie_explorer_reactjs_rakshit\\src\\utils\\authActions.ts": {"path":"C:\\Users\\rakshit.chauhan\\Desktop\\projects\\movie_explorer_reactjs_rakshit\\src\\utils\\authActions.ts","statementMap":{"0":{"start":{"line":1,"column":0},"end":{"line":1,"column":38}},"1":{"start":{"line":2,"column":0},"end":{"line":2,"column":100}},"2":{"start":{"line":3,"column":0},"end":{"line":3,"column":65}},"3":{"start":{"line":4,"column":0},"end":{"line":4,"column":39}},"4":{"start":{"line":6,"column":25},"end":{"line":19,"column":null}},"5":{"start":{"line":6,"column":79},"end":{"line":19,"column":null}},"6":{"start":{"line":7,"column":4},"end":{"line":7,"column":null}},"7":{"start":{"line":8,"column":4},"end":{"line":8,"column":null}},"8":{"start":{"line":9,"column":4},"end":{"line":9,"column":null}},"9":{"start":{"line":10,"column":4},"end":{"line":10,"column":null}},"10":{"start":{"line":11,"column":4},"end":{"line":11,"column":null}},"11":{"start":{"line":12,"column":21},"end":{"line":12,"column":44}},"12":{"start":{"line":13,"column":4},"end":{"line":18,"column":5}},"13":{"start":{"line":14,"column":8},"end":{"line":17,"column":null}},"14":{"start":{"line":6,"column":13},"end":{"line":6,"column":25}},"15":{"start":{"line":21,"column":26},"end":{"line":36,"column":null}},"16":{"start":{"line":21,"column":67},"end":{"line":36,"column":null}},"17":{"start":{"line":22,"column":4},"end":{"line":35,"column":5}},"18":{"start":{"line":23,"column":25},"end":{"line":23,"column":43}},"19":{"start":{"line":24,"column":8},"end":{"line":32,"column":9}},"20":{"start":{"line":25,"column":12},"end":{"line":25,"column":null}},"21":{"start":{"line":26,"column":12},"end":{"line":26,"column":null}},"22":{"start":{"line":27,"column":12},"end":{"line":27,"column":52}},"23":{"start":{"line":28,"column":12},"end":{"line":28,"column":null}},"24":{"start":{"line":29,"column":12},"end":{"line":29,"column":null}},"25":{"start":{"line":30,"column":12},"end":{"line":30,"column":null}},"26":{"start":{"line":31,"column":12},"end":{"line":31,"column":null}},"27":{"start":{"line":34,"column":8},"end":{"line":34,"column":null}},"28":{"start":{"line":21,"column":13},"end":{"line":21,"column":26}}},"fnMap":{"0":{"name":"(anonymous_7)","decl":{"start":{"line":6,"column":25},"end":{"line":6,"column":32}},"loc":{"start":{"line":6,"column":79},"end":{"line":19,"column":null}}},"1":{"name":"(anonymous_8)","decl":{"start":{"line":6,"column":79},"end":{"line":6,"column":null}},"loc":{"start":{"line":6,"column":79},"end":{"line":19,"column":1}}},"2":{"name":"(anonymous_9)","decl":{"start":{"line":21,"column":26},"end":{"line":21,"column":33}},"loc":{"start":{"line":21,"column":67},"end":{"line":36,"column":null}}},"3":{"name":"(anonymous_10)","decl":{"start":{"line":21,"column":67},"end":{"line":21,"column":null}},"loc":{"start":{"line":21,"column":67},"end":{"line":36,"column":1}}}},"branchMap":{"0":{"loc":{"start":{"line":7,"column":21},"end":{"line":7,"column":41}},"type":"cond-expr","locations":[{"start":{"line":7,"column":35},"end":{"line":7,"column":37}},{"start":{"line":7,"column":35},"end":{"line":7,"column":41}}]},"1":{"loc":{"start":{"line":7,"column":21},"end":{"line":7,"column":37}},"type":"binary-expr","locations":[{"start":{"line":7,"column":21},"end":{"line":7,"column":37}},{"start":{"line":7,"column":35},"end":{"line":7,"column":37}}]},"2":{"loc":{"start":{"line":7,"column":21},"end":{"line":7,"column":35}},"type":"cond-expr","locations":[{"start":{"line":7,"column":29},"end":{"line":7,"column":31}},{"start":{"line":7,"column":21},"end":{"line":7,"column":35}}]},"3":{"loc":{"start":{"line":7,"column":21},"end":{"line":7,"column":31}},"type":"binary-expr","locations":[{"start":{"line":7,"column":21},"end":{"line":7,"column":31}},{"start":{"line":7,"column":21},"end":{"line":7,"column":31}}]},"4":{"loc":{"start":{"line":8,"column":22},"end":{"line":8,"column":43}},"type":"cond-expr","locations":[{"start":{"line":8,"column":36},"end":{"line":8,"column":38}},{"start":{"line":8,"column":36},"end":{"line":8,"column":43}}]},"5":{"loc":{"start":{"line":8,"column":22},"end":{"line":8,"column":38}},"type":"binary-expr","locations":[{"start":{"line":8,"column":22},"end":{"line":8,"column":38}},{"start":{"line":8,"column":36},"end":{"line":8,"column":38}}]},"6":{"loc":{"start":{"line":8,"column":22},"end":{"line":8,"column":36}},"type":"cond-expr","locations":[{"start":{"line":8,"column":30},"end":{"line":8,"column":32}},{"start":{"line":8,"column":22},"end":{"line":8,"column":36}}]},"7":{"loc":{"start":{"line":8,"column":22},"end":{"line":8,"column":32}},"type":"binary-expr","locations":[{"start":{"line":8,"column":22},"end":{"line":8,"column":32}},{"start":{"line":8,"column":22},"end":{"line":8,"column":32}}]},"8":{"loc":{"start":{"line":9,"column":28},"end":{"line":9,"column":61}},"type":"cond-expr","locations":[{"start":{"line":9,"column":48},"end":{"line":9,"column":50}},{"start":{"line":9,"column":48},"end":{"line":9,"column":61}}]},"9":{"loc":{"start":{"line":9,"column":28},"end":{"line":9,"column":50}},"type":"binary-expr","locations":[{"start":{"line":9,"column":28},"end":{"line":9,"column":50}},{"start":{"line":9,"column":48},"end":{"line":9,"column":50}}]},"10":{"loc":{"start":{"line":9,"column":28},"end":{"line":9,"column":48}},"type":"cond-expr","locations":[{"start":{"line":9,"column":42},"end":{"line":9,"column":44}},{"start":{"line":9,"column":42},"end":{"line":9,"column":48}}]},"11":{"loc":{"start":{"line":9,"column":28},"end":{"line":9,"column":44}},"type":"binary-expr","locations":[{"start":{"line":9,"column":28},"end":{"line":9,"column":44}},{"start":{"line":9,"column":42},"end":{"line":9,"column":44}}]},"12":{"loc":{"start":{"line":9,"column":28},"end":{"line":9,"column":42}},"type":"cond-expr","locations":[{"start":{"line":9,"column":36},"end":{"line":9,"column":38}},{"start":{"line":9,"column":28},"end":{"line":9,"column":42}}]},"13":{"loc":{"start":{"line":9,"column":28},"end":{"line":9,"column":38}},"type":"binary-expr","locations":[{"start":{"line":9,"column":28},"end":{"line":9,"column":38}},{"start":{"line":9,"column":28},"end":{"line":9,"column":38}}]},"14":{"loc":{"start":{"line":10,"column":34},"end":{"line":10,"column":55}},"type":"cond-expr","locations":[{"start":{"line":10,"column":48},"end":{"line":10,"column":50}},{"start":{"line":10,"column":48},"end":{"line":10,"column":55}}]},"15":{"loc":{"start":{"line":10,"column":34},"end":{"line":10,"column":50}},"type":"binary-expr","locations":[{"start":{"line":10,"column":34},"end":{"line":10,"column":50}},{"start":{"line":10,"column":48},"end":{"line":10,"column":50}}]},"16":{"loc":{"start":{"line":10,"column":34},"end":{"line":10,"column":48}},"type":"cond-expr","locations":[{"start":{"line":10,"column":42},"end":{"line":10,"column":44}},{"start":{"line":10,"column":34},"end":{"line":10,"column":48}}]},"17":{"loc":{"start":{"line":10,"column":34},"end":{"line":10,"column":44}},"type":"binary-expr","locations":[{"start":{"line":10,"column":34},"end":{"line":10,"column":44}},{"start":{"line":10,"column":34},"end":{"line":10,"column":44}}]},"18":{"loc":{"start":{"line":13,"column":4},"end":{"line":18,"column":5}},"type":"if","locations":[{"start":{"line":13,"column":4},"end":{"line":18,"column":5}}]},"19":{"loc":{"start":{"line":24,"column":8},"end":{"line":32,"column":9}},"type":"if","locations":[{"start":{"line":24,"column":8},"end":{"line":32,"column":9}}]},"20":{"loc":{"start":{"line":24,"column":12},"end":{"line":24,"column":35}},"type":"cond-expr","locations":[{"start":{"line":24,"column":26},"end":{"line":24,"column":28}},{"start":{"line":24,"column":26},"end":{"line":24,"column":35}}]},"21":{"loc":{"start":{"line":24,"column":12},"end":{"line":24,"column":28}},"type":"binary-expr","locations":[{"start":{"line":24,"column":12},"end":{"line":24,"column":28}},{"start":{"line":24,"column":26},"end":{"line":24,"column":28}}]},"22":{"loc":{"start":{"line":24,"column":12},"end":{"line":24,"column":26}},"type":"cond-expr","locations":[{"start":{"line":24,"column":20},"end":{"line":24,"column":22}},{"start":{"line":24,"column":12},"end":{"line":24,"column":26}}]},"23":{"loc":{"start":{"line":24,"column":12},"end":{"line":24,"column":22}},"type":"binary-expr","locations":[{"start":{"line":24,"column":12},"end":{"line":24,"column":22}},{"start":{"line":24,"column":12},"end":{"line":24,"column":22}}]},"24":{"loc":{"start":{"line":34,"column":24},"end":{"line":34,"column":57}},"type":"binary-expr","locations":[{"start":{"line":34,"column":24},"end":{"line":34,"column":36}},{"start":{"line":34,"column":40},"end":{"line":34,"column":57}}]},"25":{"loc":{"start":{"line":34,"column":24},"end":{"line":34,"column":36}},"type":"cond-expr","locations":[{"start":{"line":34,"column":27},"end":{"line":34,"column":29}},{"start":{"line":34,"column":24},"end":{"line":34,"column":36}}]},"26":{"loc":{"start":{"line":34,"column":24},"end":{"line":34,"column":29}},"type":"binary-expr","locations":[{"start":{"line":34,"column":24},"end":{"line":34,"column":29}},{"start":{"line":34,"column":24},"end":{"line":34,"column":29}}]}},"s":{"0":1,"1":1,"2":1,"3":1,"4":1,"5":1,"6":1,"7":1,"8":1,"9":1,"10":1,"11":1,"12":1,"13":1,"14":1,"15":1,"16":0,"17":0,"18":0,"19":0,"20":0,"21":0,"22":0,"23":0,"24":0,"25":0,"26":0,"27":0,"28":1},"f":{"0":1,"1":1,"2":0,"3":0},"b":{"0":[0,1],"1":[1,1],"2":[0,1],"3":[1,1],"4":[0,1],"5":[1,1],"6":[0,1],"7":[1,1],"8":[0,1],"9":[1,1],"10":[0,1],"11":[1,1],"12":[0,1],"13":[1,1],"14":[0,1],"15":[1,1],"16":[0,1],"17":[1,1],"18":[1],"19":[0],"20":[0,0],"21":[0,0],"22":[0,0],"23":[0,0],"24":[0,0],"25":[0,0],"26":[0,0]}}
}
