{"C:\\Users\\rakshit.chauhan\\Desktop\\projects\\movie_explorer_reactjs_rakshit\\src\\components\\common\\AuthTemplate.tsx": {"path":"C:\\Users\\rakshit.chauhan\\Desktop\\projects\\movie_explorer_reactjs_rakshit\\src\\components\\common\\AuthTemplate.tsx","statementMap":{"0":{"start":{"line":1,"column":0},"end":{"line":1,"column":40}},"1":{"start":{"line":2,"column":0},"end":{"line":2,"column":36}},"2":{"start":{"line":3,"column":0},"end":{"line":3,"column":60}},"3":{"start":{"line":4,"column":0},"end":{"line":4,"column":86}},"4":{"start":{"line":5,"column":0},"end":{"line":5,"column":43}},"5":{"start":{"line":6,"column":0},"end":{"line":6,"column":60}},"6":{"start":{"line":7,"column":0},"end":{"line":7,"column":66}},"7":{"start":{"line":8,"column":0},"end":{"line":8,"column":80}},"8":{"start":{"line":10,"column":0},"end":{"line":10,"column":39}},"9":{"start":{"line":11,"column":0},"end":{"line":11,"column":43}},"10":{"start":{"line":12,"column":0},"end":{"line":12,"column":48}},"11":{"start":{"line":13,"column":0},"end":{"line":13,"column":104}},"12":{"start":{"line":14,"column":0},"end":{"line":14,"column":50}},"13":{"start":{"line":15,"column":0},"end":{"line":15,"column":63}},"14":{"start":{"line":48,"column":8},"end":{"line":48,"column":null}},"15":{"start":{"line":72,"column":4},"end":{"line":85,"column":null}},"16":{"start":{"line":73,"column":30},"end":{"line":73,"column":38}},"17":{"start":{"line":75,"column":8},"end":{"line":84,"column":null}},"18":{"start":{"line":75,"column":38},"end":{"line":84,"column":10}},"19":{"start":{"line":87,"column":4},"end":{"line":149,"column":null}},"20":{"start":{"line":88,"column":22},"end":{"line":88,"column":26}},"21":{"start":{"line":89,"column":25},"end":{"line":96,"column":null}},"22":{"start":{"line":98,"column":8},"end":{"line":130,"column":9}},"23":{"start":{"line":99,"column":12},"end":{"line":102,"column":13}},"24":{"start":{"line":100,"column":16},"end":{"line":100,"column":null}},"25":{"start":{"line":101,"column":16},"end":{"line":101,"column":null}},"26":{"start":{"line":103,"column":12},"end":{"line":106,"column":13}},"27":{"start":{"line":104,"column":16},"end":{"line":104,"column":null}},"28":{"start":{"line":105,"column":16},"end":{"line":105,"column":null}},"29":{"start":{"line":107,"column":12},"end":{"line":110,"column":13}},"30":{"start":{"line":108,"column":16},"end":{"line":108,"column":null}},"31":{"start":{"line":109,"column":16},"end":{"line":109,"column":null}},"32":{"start":{"line":111,"column":12},"end":{"line":114,"column":13}},"33":{"start":{"line":112,"column":16},"end":{"line":112,"column":null}},"34":{"start":{"line":113,"column":16},"end":{"line":113,"column":null}},"35":{"start":{"line":115,"column":12},"end":{"line":118,"column":13}},"36":{"start":{"line":116,"column":16},"end":{"line":116,"column":null}},"37":{"start":{"line":117,"column":16},"end":{"line":117,"column":null}},"38":{"start":{"line":119,"column":12},"end":{"line":122,"column":13}},"39":{"start":{"line":120,"column":16},"end":{"line":120,"column":null}},"40":{"start":{"line":121,"column":16},"end":{"line":121,"column":null}},"41":{"start":{"line":123,"column":12},"end":{"line":129,"column":13}},"42":{"start":{"line":124,"column":16},"end":{"line":124,"column":null}},"43":{"start":{"line":125,"column":16},"end":{"line":125,"column":null}},"44":{"start":{"line":126,"column":19},"end":{"line":129,"column":13}},"45":{"start":{"line":127,"column":16},"end":{"line":127,"column":null}},"46":{"start":{"line":128,"column":16},"end":{"line":128,"column":null}},"47":{"start":{"line":132,"column":8},"end":{"line":135,"column":9}},"48":{"start":{"line":133,"column":12},"end":{"line":133,"column":null}},"49":{"start":{"line":134,"column":12},"end":{"line":134,"column":null}},"50":{"start":{"line":138,"column":8},"end":{"line":141,"column":9}},"51":{"start":{"line":139,"column":12},"end":{"line":139,"column":null}},"52":{"start":{"line":140,"column":12},"end":{"line":140,"column":null}},"53":{"start":{"line":144,"column":8},"end":{"line":147,"column":null}},"54":{"start":{"line":148,"column":8},"end":{"line":148,"column":null}},"55":{"start":{"line":151,"column":4},"end":{"line":228,"column":null}},"56":{"start":{"line":151,"column":65},"end":{"line":228,"column":null}},"57":{"start":{"line":152,"column":8},"end":{"line":152,"column":null}},"58":{"start":{"line":153,"column":29},"end":{"line":153,"column":39}},"59":{"start":{"line":154,"column":24},"end":{"line":154,"column":46}},"60":{"start":{"line":156,"column":8},"end":{"line":158,"column":9}},"61":{"start":{"line":157,"column":12},"end":{"line":157,"column":18}},"62":{"start":{"line":160,"column":8},"end":{"line":162,"column":null}},"63":{"start":{"line":160,"column":38},"end":{"line":162,"column":10}},"64":{"start":{"line":169,"column":12},"end":{"line":169,"column":31}},"65":{"start":{"line":171,"column":8},"end":{"line":211,"column":9}},"66":{"start":{"line":172,"column":12},"end":{"line":192,"column":13}},"67":{"start":{"line":173,"column":33},"end":{"line":173,"column":68}},"68":{"start":{"line":175,"column":16},"end":{"line":189,"column":17}},"69":{"start":{"line":176,"column":20},"end":{"line":176,"column":null}},"70":{"start":{"line":177,"column":20},"end":{"line":177,"column":null}},"71":{"start":{"line":178,"column":20},"end":{"line":178,"column":null}},"72":{"start":{"line":179,"column":20},"end":{"line":179,"column":null}},"73":{"start":{"line":180,"column":20},"end":{"line":180,"column":null}},"74":{"start":{"line":181,"column":37},"end":{"line":181,"column":60}},"75":{"start":{"line":182,"column":20},"end":{"line":187,"column":21}},"76":{"start":{"line":183,"column":24},"end":{"line":186,"column":null}},"77":{"start":{"line":188,"column":20},"end":{"line":188,"column":null}},"78":{"start":{"line":191,"column":16},"end":{"line":191,"column":null}},"79":{"start":{"line":193,"column":15},"end":{"line":211,"column":9}},"80":{"start":{"line":194,"column":12},"end":{"line":209,"column":13}},"81":{"start":{"line":195,"column":33},"end":{"line":201,"column":18}},"82":{"start":{"line":203,"column":16},"end":{"line":206,"column":17}},"83":{"start":{"line":204,"column":20},"end":{"line":204,"column":null}},"84":{"start":{"line":205,"column":20},"end":{"line":205,"column":null}},"85":{"start":{"line":208,"column":16},"end":{"line":208,"column":null}},"86":{"start":{"line":213,"column":8},"end":{"line":222,"column":null}},"87":{"start":{"line":225,"column":8},"end":{"line":227,"column":null}},"88":{"start":{"line":225,"column":38},"end":{"line":227,"column":10}},"89":{"start":{"line":49,"column":8},"end":{"line":69,"column":null}},"90":{"start":{"line":232,"column":25},"end":{"line":232,"column":35}},"91":{"start":{"line":233,"column":72},"end":{"line":233,"column":82}},"92":{"start":{"line":235,"column":8},"end":{"line":854,"column":null}},"93":{"start":{"line":426,"column":71},"end":{"line":426,"column":117}},"94":{"start":{"line":437,"column":71},"end":{"line":437,"column":117}},"95":{"start":{"line":687,"column":71},"end":{"line":687,"column":117}},"96":{"start":{"line":697,"column":71},"end":{"line":697,"column":117}},"97":{"start":{"line":754,"column":71},"end":{"line":754,"column":131}},"98":{"start":{"line":764,"column":71},"end":{"line":764,"column":131}},"99":{"start":{"line":858,"column":0},"end":{"line":858,"column":null}}},"fnMap":{"0":{"name":"(anonymous_8)","decl":{"start":{"line":47,"column":4},"end":{"line":47,"column":16}},"loc":{"start":{"line":47,"column":40},"end":{"line":70,"column":5}}},"1":{"name":"(anonymous_9)","decl":{"start":{"line":72,"column":19},"end":{"line":72,"column":20}},"loc":{"start":{"line":72,"column":68},"end":{"line":85,"column":5}}},"2":{"name":"(anonymous_10)","decl":{"start":{"line":75,"column":22},"end":{"line":75,"column":23}},"loc":{"start":{"line":75,"column":38},"end":{"line":84,"column":10}}},"3":{"name":"(anonymous_11)","decl":{"start":{"line":87,"column":14},"end":{"line":87,"column":15}},"loc":{"start":{"line":87,"column":32},"end":{"line":149,"column":5}}},"4":{"name":"(anonymous_12)","decl":{"start":{"line":151,"column":19},"end":{"line":151,"column":26}},"loc":{"start":{"line":151,"column":65},"end":{"line":228,"column":null}}},"5":{"name":"(anonymous_13)","decl":{"start":{"line":151,"column":65},"end":{"line":151,"column":null}},"loc":{"start":{"line":151,"column":65},"end":{"line":228,"column":5}}},"6":{"name":"(anonymous_14)","decl":{"start":{"line":160,"column":22},"end":{"line":160,"column":23}},"loc":{"start":{"line":160,"column":38},"end":{"line":162,"column":10}}},"7":{"name":"(anonymous_15)","decl":{"start":{"line":225,"column":22},"end":{"line":225,"column":23}},"loc":{"start":{"line":225,"column":38},"end":{"line":227,"column":10}}},"8":{"name":"(anonymous_16)","decl":{"start":{"line":230,"column":4},"end":{"line":230,"column":10}},"loc":{"start":{"line":230,"column":10},"end":{"line":855,"column":5}}},"9":{"name":"(anonymous_17)","decl":{"start":{"line":426,"column":65},"end":{"line":426,"column":68}},"loc":{"start":{"line":426,"column":71},"end":{"line":426,"column":117}}},"10":{"name":"(anonymous_18)","decl":{"start":{"line":437,"column":65},"end":{"line":437,"column":68}},"loc":{"start":{"line":437,"column":71},"end":{"line":437,"column":117}}},"11":{"name":"(anonymous_19)","decl":{"start":{"line":687,"column":65},"end":{"line":687,"column":68}},"loc":{"start":{"line":687,"column":71},"end":{"line":687,"column":117}}},"12":{"name":"(anonymous_20)","decl":{"start":{"line":697,"column":65},"end":{"line":697,"column":68}},"loc":{"start":{"line":697,"column":71},"end":{"line":697,"column":117}}},"13":{"name":"(anonymous_21)","decl":{"start":{"line":754,"column":65},"end":{"line":754,"column":68}},"loc":{"start":{"line":754,"column":71},"end":{"line":754,"column":131}}},"14":{"name":"(anonymous_22)","decl":{"start":{"line":764,"column":65},"end":{"line":764,"column":68}},"loc":{"start":{"line":764,"column":71},"end":{"line":764,"column":131}}}},"branchMap":{"0":{"loc":{"start":{"line":98,"column":8},"end":{"line":130,"column":9}},"type":"if","locations":[{"start":{"line":98,"column":8},"end":{"line":130,"column":9}}]},"1":{"loc":{"start":{"line":99,"column":12},"end":{"line":102,"column":13}},"type":"if","locations":[{"start":{"line":99,"column":12},"end":{"line":102,"column":13}}]},"2":{"loc":{"start":{"line":103,"column":12},"end":{"line":106,"column":13}},"type":"if","locations":[{"start":{"line":103,"column":12},"end":{"line":106,"column":13}}]},"3":{"loc":{"start":{"line":107,"column":12},"end":{"line":110,"column":13}},"type":"if","locations":[{"start":{"line":107,"column":12},"end":{"line":110,"column":13}}]},"4":{"loc":{"start":{"line":111,"column":12},"end":{"line":114,"column":13}},"type":"if","locations":[{"start":{"line":111,"column":12},"end":{"line":114,"column":13}}]},"5":{"loc":{"start":{"line":115,"column":12},"end":{"line":118,"column":13}},"type":"if","locations":[{"start":{"line":115,"column":12},"end":{"line":118,"column":13}}]},"6":{"loc":{"start":{"line":119,"column":12},"end":{"line":122,"column":13}},"type":"if","locations":[{"start":{"line":119,"column":12},"end":{"line":122,"column":13}}]},"7":{"loc":{"start":{"line":123,"column":12},"end":{"line":129,"column":13}},"type":"if","locations":[{"start":{"line":123,"column":12},"end":{"line":129,"column":13}},{"start":{"line":126,"column":19},"end":{"line":129,"column":13}}]},"8":{"loc":{"start":{"line":126,"column":19},"end":{"line":129,"column":13}},"type":"if","locations":[{"start":{"line":126,"column":19},"end":{"line":129,"column":13}}]},"9":{"loc":{"start":{"line":132,"column":8},"end":{"line":135,"column":9}},"type":"if","locations":[{"start":{"line":132,"column":8},"end":{"line":135,"column":9}}]},"10":{"loc":{"start":{"line":138,"column":8},"end":{"line":141,"column":9}},"type":"if","locations":[{"start":{"line":138,"column":8},"end":{"line":141,"column":9}}]},"11":{"loc":{"start":{"line":156,"column":8},"end":{"line":158,"column":9}},"type":"if","locations":[{"start":{"line":156,"column":8},"end":{"line":158,"column":9}}]},"12":{"loc":{"start":{"line":171,"column":8},"end":{"line":211,"column":9}},"type":"if","locations":[{"start":{"line":171,"column":8},"end":{"line":211,"column":9}},{"start":{"line":193,"column":15},"end":{"line":211,"column":9}}]},"13":{"loc":{"start":{"line":175,"column":16},"end":{"line":189,"column":17}},"type":"if","locations":[{"start":{"line":175,"column":16},"end":{"line":189,"column":17}}]},"14":{"loc":{"start":{"line":175,"column":20},"end":{"line":175,"column":36}},"type":"cond-expr","locations":[{"start":{"line":175,"column":28},"end":{"line":175,"column":30}},{"start":{"line":175,"column":20},"end":{"line":175,"column":36}}]},"15":{"loc":{"start":{"line":175,"column":20},"end":{"line":175,"column":30}},"type":"binary-expr","locations":[{"start":{"line":175,"column":20},"end":{"line":175,"column":30}},{"start":{"line":175,"column":20},"end":{"line":175,"column":30}}]},"16":{"loc":{"start":{"line":176,"column":48},"end":{"line":176,"column":68}},"type":"cond-expr","locations":[{"start":{"line":176,"column":62},"end":{"line":176,"column":64}},{"start":{"line":176,"column":62},"end":{"line":176,"column":68}}]},"17":{"loc":{"start":{"line":176,"column":48},"end":{"line":176,"column":64}},"type":"binary-expr","locations":[{"start":{"line":176,"column":48},"end":{"line":176,"column":64}},{"start":{"line":176,"column":62},"end":{"line":176,"column":64}}]},"18":{"loc":{"start":{"line":176,"column":48},"end":{"line":176,"column":62}},"type":"cond-expr","locations":[{"start":{"line":176,"column":56},"end":{"line":176,"column":58}},{"start":{"line":176,"column":48},"end":{"line":176,"column":62}}]},"19":{"loc":{"start":{"line":176,"column":48},"end":{"line":176,"column":58}},"type":"binary-expr","locations":[{"start":{"line":176,"column":48},"end":{"line":176,"column":58}},{"start":{"line":176,"column":48},"end":{"line":176,"column":58}}]},"20":{"loc":{"start":{"line":177,"column":49},"end":{"line":177,"column":70}},"type":"cond-expr","locations":[{"start":{"line":177,"column":63},"end":{"line":177,"column":65}},{"start":{"line":177,"column":63},"end":{"line":177,"column":70}}]},"21":{"loc":{"start":{"line":177,"column":49},"end":{"line":177,"column":65}},"type":"binary-expr","locations":[{"start":{"line":177,"column":49},"end":{"line":177,"column":65}},{"start":{"line":177,"column":63},"end":{"line":177,"column":65}}]},"22":{"loc":{"start":{"line":177,"column":49},"end":{"line":177,"column":63}},"type":"cond-expr","locations":[{"start":{"line":177,"column":57},"end":{"line":177,"column":59}},{"start":{"line":177,"column":49},"end":{"line":177,"column":63}}]},"23":{"loc":{"start":{"line":177,"column":49},"end":{"line":177,"column":59}},"type":"binary-expr","locations":[{"start":{"line":177,"column":49},"end":{"line":177,"column":59}},{"start":{"line":177,"column":49},"end":{"line":177,"column":59}}]},"24":{"loc":{"start":{"line":178,"column":55},"end":{"line":178,"column":88}},"type":"cond-expr","locations":[{"start":{"line":178,"column":75},"end":{"line":178,"column":77}},{"start":{"line":178,"column":75},"end":{"line":178,"column":88}}]},"25":{"loc":{"start":{"line":178,"column":55},"end":{"line":178,"column":77}},"type":"binary-expr","locations":[{"start":{"line":178,"column":55},"end":{"line":178,"column":77}},{"start":{"line":178,"column":75},"end":{"line":178,"column":77}}]},"26":{"loc":{"start":{"line":178,"column":55},"end":{"line":178,"column":75}},"type":"cond-expr","locations":[{"start":{"line":178,"column":69},"end":{"line":178,"column":71}},{"start":{"line":178,"column":69},"end":{"line":178,"column":75}}]},"27":{"loc":{"start":{"line":178,"column":55},"end":{"line":178,"column":71}},"type":"binary-expr","locations":[{"start":{"line":178,"column":55},"end":{"line":178,"column":71}},{"start":{"line":178,"column":69},"end":{"line":178,"column":71}}]},"28":{"loc":{"start":{"line":178,"column":55},"end":{"line":178,"column":69}},"type":"cond-expr","locations":[{"start":{"line":178,"column":63},"end":{"line":178,"column":65}},{"start":{"line":178,"column":55},"end":{"line":178,"column":69}}]},"29":{"loc":{"start":{"line":178,"column":55},"end":{"line":178,"column":65}},"type":"binary-expr","locations":[{"start":{"line":178,"column":55},"end":{"line":178,"column":65}},{"start":{"line":178,"column":55},"end":{"line":178,"column":65}}]},"30":{"loc":{"start":{"line":179,"column":50},"end":{"line":179,"column":71}},"type":"cond-expr","locations":[{"start":{"line":179,"column":64},"end":{"line":179,"column":66}},{"start":{"line":179,"column":64},"end":{"line":179,"column":71}}]},"31":{"loc":{"start":{"line":179,"column":50},"end":{"line":179,"column":66}},"type":"binary-expr","locations":[{"start":{"line":179,"column":50},"end":{"line":179,"column":66}},{"start":{"line":179,"column":64},"end":{"line":179,"column":66}}]},"32":{"loc":{"start":{"line":179,"column":50},"end":{"line":179,"column":64}},"type":"cond-expr","locations":[{"start":{"line":179,"column":58},"end":{"line":179,"column":60}},{"start":{"line":179,"column":50},"end":{"line":179,"column":64}}]},"33":{"loc":{"start":{"line":179,"column":50},"end":{"line":179,"column":60}},"type":"binary-expr","locations":[{"start":{"line":179,"column":50},"end":{"line":179,"column":60}},{"start":{"line":179,"column":50},"end":{"line":179,"column":60}}]},"34":{"loc":{"start":{"line":182,"column":20},"end":{"line":187,"column":21}},"type":"if","locations":[{"start":{"line":182,"column":20},"end":{"line":187,"column":21}}]},"35":{"loc":{"start":{"line":191,"column":28},"end":{"line":191,"column":85}},"type":"cond-expr","locations":[{"start":{"line":191,"column":40},"end":{"line":191,"column":44}},{"start":{"line":191,"column":44},"end":{"line":191,"column":85}}]},"36":{"loc":{"start":{"line":191,"column":28},"end":{"line":191,"column":44}},"type":"binary-expr","locations":[{"start":{"line":191,"column":28},"end":{"line":191,"column":44}},{"start":{"line":191,"column":40},"end":{"line":191,"column":44}}]},"37":{"loc":{"start":{"line":191,"column":28},"end":{"line":191,"column":40}},"type":"cond-expr","locations":[{"start":{"line":191,"column":31},"end":{"line":191,"column":33}},{"start":{"line":191,"column":28},"end":{"line":191,"column":40}}]},"38":{"loc":{"start":{"line":191,"column":28},"end":{"line":191,"column":33}},"type":"binary-expr","locations":[{"start":{"line":191,"column":28},"end":{"line":191,"column":33}},{"start":{"line":191,"column":28},"end":{"line":191,"column":33}}]},"39":{"loc":{"start":{"line":193,"column":15},"end":{"line":211,"column":9}},"type":"if","locations":[{"start":{"line":193,"column":15},"end":{"line":211,"column":9}}]},"40":{"loc":{"start":{"line":203,"column":16},"end":{"line":206,"column":17}},"type":"if","locations":[{"start":{"line":203,"column":16},"end":{"line":206,"column":17}}]},"41":{"loc":{"start":{"line":203,"column":20},"end":{"line":203,"column":36}},"type":"cond-expr","locations":[{"start":{"line":203,"column":28},"end":{"line":203,"column":30}},{"start":{"line":203,"column":20},"end":{"line":203,"column":36}}]},"42":{"loc":{"start":{"line":203,"column":20},"end":{"line":203,"column":30}},"type":"binary-expr","locations":[{"start":{"line":203,"column":20},"end":{"line":203,"column":30}},{"start":{"line":203,"column":20},"end":{"line":203,"column":30}}]},"43":{"loc":{"start":{"line":208,"column":28},"end":{"line":208,"column":84}},"type":"binary-expr","locations":[{"start":{"line":208,"column":28},"end":{"line":208,"column":40}},{"start":{"line":208,"column":44},"end":{"line":208,"column":84}}]},"44":{"loc":{"start":{"line":208,"column":28},"end":{"line":208,"column":40}},"type":"cond-expr","locations":[{"start":{"line":208,"column":31},"end":{"line":208,"column":33}},{"start":{"line":208,"column":28},"end":{"line":208,"column":40}}]},"45":{"loc":{"start":{"line":208,"column":28},"end":{"line":208,"column":33}},"type":"binary-expr","locations":[{"start":{"line":208,"column":28},"end":{"line":208,"column":33}},{"start":{"line":208,"column":28},"end":{"line":208,"column":33}}]},"46":{"loc":{"start":{"line":302,"column":29},"end":{"line":302,"column":103}},"type":"cond-expr","locations":[{"start":{"line":302,"column":48},"end":{"line":302,"column":57}},{"start":{"line":302,"column":60},"end":{"line":302,"column":103}}]},"47":{"loc":{"start":{"line":302,"column":60},"end":{"line":302,"column":103}},"type":"cond-expr","locations":[{"start":{"line":302,"column":82},"end":{"line":302,"column":98}},{"start":{"line":302,"column":101},"end":{"line":302,"column":103}}]},"48":{"loc":{"start":{"line":309,"column":28},"end":{"line":449,"column":null}},"type":"binary-expr","locations":[{"start":{"line":309,"column":28},"end":{"line":309,"column":44}},{"start":{"line":310,"column":32},"end":{"line":447,"column":null}}]},"49":{"loc":{"start":{"line":360,"column":40},"end":{"line":361,"column":null}},"type":"binary-expr","locations":[{"start":{"line":360,"column":40},"end":{"line":360,"column":57}},{"start":{"line":361,"column":44},"end":{"line":361,"column":109}}]},"50":{"loc":{"start":{"line":369,"column":50},"end":{"line":369,"column":84}},"type":"cond-expr","locations":[{"start":{"line":369,"column":65},"end":{"line":369,"column":71}},{"start":{"line":369,"column":74},"end":{"line":369,"column":84}}]},"51":{"loc":{"start":{"line":417,"column":48},"end":{"line":438,"column":null}},"type":"cond-expr","locations":[{"start":{"line":418,"column":52},"end":{"line":426,"column":null}},{"start":{"line":429,"column":52},"end":{"line":437,"column":null}}]},"52":{"loc":{"start":{"line":445,"column":40},"end":{"line":446,"column":null}},"type":"binary-expr","locations":[{"start":{"line":445,"column":40},"end":{"line":445,"column":60}},{"start":{"line":446,"column":44},"end":{"line":446,"column":112}}]},"53":{"loc":{"start":{"line":454,"column":28},"end":{"line":773,"column":null}},"type":"binary-expr","locations":[{"start":{"line":454,"column":28},"end":{"line":454,"column":47}},{"start":{"line":455,"column":32},"end":{"line":772,"column":null}}]},"54":{"loc":{"start":{"line":497,"column":45},"end":{"line":498,"column":null}},"type":"binary-expr","locations":[{"start":{"line":497,"column":45},"end":{"line":497,"column":67}},{"start":{"line":498,"column":48},"end":{"line":498,"column":125}}]},"55":{"loc":{"start":{"line":540,"column":45},"end":{"line":541,"column":null}},"type":"binary-expr","locations":[{"start":{"line":540,"column":45},"end":{"line":540,"column":65}},{"start":{"line":541,"column":48},"end":{"line":541,"column":123}}]},"56":{"loc":{"start":{"line":586,"column":41},"end":{"line":587,"column":null}},"type":"binary-expr","locations":[{"start":{"line":586,"column":41},"end":{"line":586,"column":58}},{"start":{"line":587,"column":44},"end":{"line":587,"column":116}}]},"57":{"loc":{"start":{"line":631,"column":41},"end":{"line":632,"column":null}},"type":"binary-expr","locations":[{"start":{"line":631,"column":41},"end":{"line":631,"column":59}},{"start":{"line":632,"column":44},"end":{"line":632,"column":117}}]},"58":{"loc":{"start":{"line":646,"column":58},"end":{"line":646,"column":92}},"type":"cond-expr","locations":[{"start":{"line":646,"column":73},"end":{"line":646,"column":79}},{"start":{"line":646,"column":82},"end":{"line":646,"column":92}}]},"59":{"loc":{"start":{"line":679,"column":49},"end":{"line":698,"column":null}},"type":"cond-expr","locations":[{"start":{"line":680,"column":52},"end":{"line":687,"column":null}},{"start":{"line":690,"column":52},"end":{"line":697,"column":null}}]},"60":{"loc":{"start":{"line":701,"column":45},"end":{"line":702,"column":null}},"type":"binary-expr","locations":[{"start":{"line":701,"column":45},"end":{"line":701,"column":65}},{"start":{"line":702,"column":48},"end":{"line":702,"column":132}}]},"61":{"loc":{"start":{"line":713,"column":58},"end":{"line":713,"column":99}},"type":"cond-expr","locations":[{"start":{"line":713,"column":80},"end":{"line":713,"column":86}},{"start":{"line":713,"column":89},"end":{"line":713,"column":99}}]},"62":{"loc":{"start":{"line":746,"column":49},"end":{"line":765,"column":null}},"type":"cond-expr","locations":[{"start":{"line":747,"column":52},"end":{"line":754,"column":null}},{"start":{"line":757,"column":52},"end":{"line":764,"column":null}}]},"63":{"loc":{"start":{"line":768,"column":45},"end":{"line":769,"column":null}},"type":"binary-expr","locations":[{"start":{"line":768,"column":45},"end":{"line":768,"column":72}},{"start":{"line":769,"column":48},"end":{"line":769,"column":139}}]},"64":{"loc":{"start":{"line":778,"column":28},"end":{"line":808,"column":null}},"type":"cond-expr","locations":[{"start":{"line":779,"column":32},"end":{"line":791,"column":null}},{"start":{"line":795,"column":32},"end":{"line":805,"column":null}}]},"65":{"loc":{"start":{"line":791,"column":40},"end":{"line":791,"column":112}},"type":"cond-expr","locations":[{"start":{"line":791,"column":59},"end":{"line":791,"column":66}},{"start":{"line":791,"column":69},"end":{"line":791,"column":112}}]},"66":{"loc":{"start":{"line":791,"column":69},"end":{"line":791,"column":112}},"type":"cond-expr","locations":[{"start":{"line":791,"column":91},"end":{"line":791,"column":107}},{"start":{"line":791,"column":110},"end":{"line":791,"column":112}}]},"67":{"loc":{"start":{"line":819,"column":32},"end":{"line":824,"column":null}},"type":"binary-expr","locations":[{"start":{"line":819,"column":32},"end":{"line":819,"column":48}},{"start":{"line":820,"column":36},"end":{"line":823,"column":null}}]},"68":{"loc":{"start":{"line":831,"column":41},"end":{"line":831,"column":82}},"type":"cond-expr","locations":[{"start":{"line":831,"column":60},"end":{"line":831,"column":71}},{"start":{"line":831,"column":74},"end":{"line":831,"column":82}}]},"69":{"loc":{"start":{"line":838,"column":47},"end":{"line":838,"column":80}},"type":"cond-expr","locations":[{"start":{"line":838,"column":69},"end":{"line":838,"column":75}},{"start":{"line":838,"column":78},"end":{"line":838,"column":80}}]},"70":{"loc":{"start":{"line":847,"column":37},"end":{"line":847,"column":104}},"type":"cond-expr","locations":[{"start":{"line":847,"column":56},"end":{"line":847,"column":75}},{"start":{"line":847,"column":78},"end":{"line":847,"column":104}}]}},"s":{"0":1,"1":1,"2":1,"3":1,"4":1,"5":1,"6":1,"7":1,"8":1,"9":1,"10":1,"11":1,"12":1,"13":1,"14":10,"15":10,"16":12,"17":12,"18":12,"19":10,"20":5,"21":5,"22":5,"23":2,"24":1,"25":1,"26":2,"27":1,"28":1,"29":2,"30":1,"31":1,"32":2,"33":1,"34":1,"35":2,"36":0,"37":0,"38":2,"39":1,"40":1,"41":2,"42":1,"43":1,"44":1,"45":0,"46":0,"47":5,"48":2,"49":2,"50":5,"51":2,"52":2,"53":5,"54":5,"55":10,"56":5,"57":5,"58":5,"59":5,"60":5,"61":2,"62":3,"63":3,"64":3,"65":3,"66":2,"67":2,"68":1,"69":1,"70":0,"71":0,"72":0,"73":0,"74":0,"75":0,"76":0,"77":0,"78":2,"79":1,"80":1,"81":1,"82":1,"83":1,"84":1,"85":0,"86":3,"87":3,"88":3,"89":10,"90":32,"91":32,"92":32,"93":1,"94":1,"95":0,"96":0,"97":0,"98":0,"99":1},"f":{"0":10,"1":12,"2":12,"3":5,"4":5,"5":5,"6":3,"7":3,"8":32,"9":1,"10":1,"11":0,"12":0,"13":0,"14":0},"b":{"0":[2],"1":[1],"2":[1],"3":[1],"4":[1],"5":[0],"6":[1],"7":[1,1],"8":[0],"9":[2],"10":[2],"11":[2],"12":[2,1],"13":[1],"14":[0,1],"15":[1,1],"16":[0,1],"17":[1,1],"18":[0,1],"19":[1,1],"20":[0,0],"21":[0,0],"22":[0,0],"23":[0,0],"24":[0,0],"25":[0,0],"26":[0,0],"27":[0,0],"28":[0,0],"29":[0,0],"30":[0,0],"31":[0,0],"32":[0,0],"33":[0,0],"34":[0],"35":[2,0],"36":[2,2],"37":[0,2],"38":[2,2],"39":[1],"40":[1],"41":[0,1],"42":[1,1],"43":[0,0],"44":[0,0],"45":[0,0],"46":[20,12],"47":[12,0],"48":[32,20],"49":[20,1],"50":[1,19],"51":[1,19],"52":[20,1],"53":[32,12],"54":[12,1],"55":[12,1],"56":[12,1],"57":[12,1],"58":[0,12],"59":[0,12],"60":[12,1],"61":[0,12],"62":[0,12],"63":[12,1],"64":[29,3],"65":[18,11],"66":[11,0],"67":[32,20],"68":[20,12],"69":[12,20],"70":[20,12]}}
,"C:\\Users\\rakshit.chauhan\\Desktop\\projects\\movie_explorer_reactjs_rakshit\\src\\components\\common\\Footer.tsx": {"path":"C:\\Users\\rakshit.chauhan\\Desktop\\projects\\movie_explorer_reactjs_rakshit\\src\\components\\common\\Footer.tsx","statementMap":{"0":{"start":{"line":2,"column":0},"end":{"line":2,"column":80}},"1":{"start":{"line":4,"column":15},"end":{"line":61,"column":1}},"2":{"start":{"line":5,"column":2},"end":{"line":60,"column":4}},"3":{"start":{"line":63,"column":0},"end":{"line":63,"column":22}}},"fnMap":{"0":{"name":"(anonymous_0)","decl":{"start":{"line":4,"column":15},"end":{"line":4,"column":18}},"loc":{"start":{"line":4,"column":20},"end":{"line":61,"column":1}}}},"branchMap":{},"s":{"0":1,"1":1,"2":4,"3":1},"f":{"0":4},"b":{}}
,"C:\\Users\\rakshit.chauhan\\Desktop\\projects\\movie_explorer_reactjs_rakshit\\src\\components\\common\\LoadingFallback.tsx": {"path":"C:\\Users\\rakshit.chauhan\\Desktop\\projects\\movie_explorer_reactjs_rakshit\\src\\components\\common\\LoadingFallback.tsx","statementMap":{"0":{"start":{"line":2,"column":0},"end":{"line":2,"column":66}},"1":{"start":{"line":4,"column":34},"end":{"line":17,"column":null}},"2":{"start":{"line":5,"column":2},"end":{"line":16,"column":null}},"3":{"start":{"line":20,"column":0},"end":{"line":20,"column":31}}},"fnMap":{"0":{"name":"(anonymous_0)","decl":{"start":{"line":4,"column":34},"end":{"line":4,"column":37}},"loc":{"start":{"line":5,"column":2},"end":{"line":16,"column":null}}}},"branchMap":{},"s":{"0":1,"1":1,"2":2,"3":1},"f":{"0":2},"b":{}}
,"C:\\Users\\rakshit.chauhan\\Desktop\\projects\\movie_explorer_reactjs_rakshit\\src\\components\\common\\Placeholder.tsx": {"path":"C:\\Users\\rakshit.chauhan\\Desktop\\projects\\movie_explorer_reactjs_rakshit\\src\\components\\common\\Placeholder.tsx","statementMap":{"0":{"start":{"line":1,"column":0},"end":{"line":1,"column":41}},"1":{"start":{"line":2,"column":0},"end":{"line":2,"column":42}},"2":{"start":{"line":6,"column":4},"end":{"line":20,"column":6}},"3":{"start":{"line":4,"column":0},"end":{"line":4,"column":13}},"4":{"start":{"line":24,"column":0},"end":{"line":24,"column":27}}},"fnMap":{"0":{"name":"(anonymous_0)","decl":{"start":{"line":5,"column":2},"end":{"line":5,"column":8}},"loc":{"start":{"line":5,"column":8},"end":{"line":21,"column":3}}}},"branchMap":{},"s":{"0":1,"1":1,"2":2,"3":1,"4":1},"f":{"0":2},"b":{}}
,"C:\\Users\\rakshit.chauhan\\Desktop\\projects\\movie_explorer_reactjs_rakshit\\src\\components\\common\\Header\\Header.tsx": {"path":"C:\\Users\\rakshit.chauhan\\Desktop\\projects\\movie_explorer_reactjs_rakshit\\src\\components\\common\\Header\\Header.tsx","statementMap":{"0":{"start":{"line":1,"column":0},"end":{"line":1,"column":41}},"1":{"start":{"line":2,"column":0},"end":{"line":2,"column":43}},"2":{"start":{"line":3,"column":0},"end":{"line":3,"column":86}},"3":{"start":{"line":4,"column":0},"end":{"line":4,"column":51}},"4":{"start":{"line":5,"column":0},"end":{"line":5,"column":64}},"5":{"start":{"line":6,"column":0},"end":{"line":6,"column":50}},"6":{"start":{"line":7,"column":0},"end":{"line":7,"column":46}},"7":{"start":{"line":8,"column":0},"end":{"line":8,"column":67}},"8":{"start":{"line":9,"column":0},"end":{"line":9,"column":32}},"9":{"start":{"line":10,"column":0},"end":{"line":10,"column":54}},"10":{"start":{"line":35,"column":4},"end":{"line":35,"column":17}},"11":{"start":{"line":44,"column":2},"end":{"line":48,"column":null}},"12":{"start":{"line":45,"column":4},"end":{"line":45,"column":57}},"13":{"start":{"line":46,"column":4},"end":{"line":46,"column":62}},"14":{"start":{"line":61,"column":2},"end":{"line":66,"column":4}},"15":{"start":{"line":62,"column":24},"end":{"line":62,"column":41}},"16":{"start":{"line":63,"column":4},"end":{"line":65,"column":7}},"17":{"start":{"line":68,"column":2},"end":{"line":72,"column":4}},"18":{"start":{"line":69,"column":4},"end":{"line":71,"column":5}},"19":{"start":{"line":70,"column":6},"end":{"line":70,"column":40}},"20":{"start":{"line":74,"column":2},"end":{"line":78,"column":null}},"21":{"start":{"line":75,"column":4},"end":{"line":77,"column":5}},"22":{"start":{"line":76,"column":6},"end":{"line":76,"column":41}},"23":{"start":{"line":80,"column":2},"end":{"line":84,"column":4}},"24":{"start":{"line":81,"column":4},"end":{"line":83,"column":5}},"25":{"start":{"line":82,"column":6},"end":{"line":82,"column":41}},"26":{"start":{"line":36,"column":4},"end":{"line":36,"column":62}},"27":{"start":{"line":37,"column":4},"end":{"line":40,"column":6}},"28":{"start":{"line":51,"column":4},"end":{"line":53,"column":5}},"29":{"start":{"line":52,"column":6},"end":{"line":52,"column":26}},"30":{"start":{"line":57,"column":4},"end":{"line":57,"column":60}},"31":{"start":{"line":58,"column":4},"end":{"line":58,"column":65}},"32":{"start":{"line":88,"column":42},"end":{"line":129,"column":6}},"33":{"start":{"line":131,"column":25},"end":{"line":131,"column":35}},"34":{"start":{"line":133,"column":4},"end":{"line":183,"column":6}},"35":{"start":{"line":155,"column":14},"end":{"line":155,"column":44}},"36":{"start":{"line":167,"column":14},"end":{"line":170,"column":null}},"37":{"start":{"line":172,"column":18},"end":{"line":174,"column":81}},"38":{"start":{"line":187,"column":0},"end":{"line":187,"column":38}}},"fnMap":{"0":{"name":"(anonymous_10)","decl":{"start":{"line":34,"column":2},"end":{"line":34,"column":14}},"loc":{"start":{"line":34,"column":32},"end":{"line":41,"column":3}}},"1":{"name":"(anonymous_11)","decl":{"start":{"line":44,"column":22},"end":{"line":44,"column":25}},"loc":{"start":{"line":44,"column":27},"end":{"line":48,"column":3}}},"2":{"name":"(anonymous_12)","decl":{"start":{"line":61,"column":17},"end":{"line":61,"column":20}},"loc":{"start":{"line":61,"column":22},"end":{"line":66,"column":3}}},"3":{"name":"(anonymous_13)","decl":{"start":{"line":68,"column":21},"end":{"line":68,"column":24}},"loc":{"start":{"line":68,"column":26},"end":{"line":72,"column":3}}},"4":{"name":"(anonymous_14)","decl":{"start":{"line":74,"column":23},"end":{"line":74,"column":24}},"loc":{"start":{"line":74,"column":45},"end":{"line":78,"column":3}}},"5":{"name":"(anonymous_15)","decl":{"start":{"line":80,"column":21},"end":{"line":80,"column":24}},"loc":{"start":{"line":80,"column":26},"end":{"line":84,"column":3}}},"6":{"name":"(anonymous_16)","decl":{"start":{"line":50,"column":2},"end":{"line":50,"column":20}},"loc":{"start":{"line":50,"column":35},"end":{"line":54,"column":3}}},"7":{"name":"(anonymous_17)","decl":{"start":{"line":56,"column":2},"end":{"line":56,"column":22}},"loc":{"start":{"line":56,"column":22},"end":{"line":59,"column":3}}},"8":{"name":"(anonymous_18)","decl":{"start":{"line":86,"column":2},"end":{"line":86,"column":8}},"loc":{"start":{"line":86,"column":8},"end":{"line":184,"column":3}}},"9":{"name":"(anonymous_19)","decl":{"start":{"line":154,"column":27},"end":{"line":154,"column":28}},"loc":{"start":{"line":155,"column":14},"end":{"line":155,"column":44}}},"10":{"name":"(anonymous_20)","decl":{"start":{"line":166,"column":27},"end":{"line":166,"column":28}},"loc":{"start":{"line":167,"column":14},"end":{"line":170,"column":null}}},"11":{"name":"(anonymous_21)","decl":{"start":{"line":171,"column":27},"end":{"line":171,"column":28}},"loc":{"start":{"line":172,"column":18},"end":{"line":174,"column":81}}}},"branchMap":{"0":{"loc":{"start":{"line":69,"column":4},"end":{"line":71,"column":5}},"type":"if","locations":[{"start":{"line":69,"column":4},"end":{"line":71,"column":5}}]},"1":{"loc":{"start":{"line":75,"column":4},"end":{"line":77,"column":5}},"type":"if","locations":[{"start":{"line":75,"column":4},"end":{"line":77,"column":5}}]},"2":{"loc":{"start":{"line":75,"column":8},"end":{"line":75,"column":102}},"type":"binary-expr","locations":[{"start":{"line":75,"column":8},"end":{"line":75,"column":37}},{"start":{"line":75,"column":41},"end":{"line":75,"column":102}}]},"3":{"loc":{"start":{"line":81,"column":4},"end":{"line":83,"column":5}},"type":"if","locations":[{"start":{"line":81,"column":4},"end":{"line":83,"column":5}}]},"4":{"loc":{"start":{"line":51,"column":4},"end":{"line":53,"column":5}},"type":"if","locations":[{"start":{"line":51,"column":4},"end":{"line":53,"column":5}}]},"5":{"loc":{"start":{"line":126,"column":15},"end":{"line":126,"column":88}},"type":"cond-expr","locations":[{"start":{"line":126,"column":39},"end":{"line":126,"column":78}},{"start":{"line":126,"column":81},"end":{"line":126,"column":88}}]},"6":{"loc":{"start":{"line":127,"column":14},"end":{"line":127,"column":59}},"type":"cond-expr","locations":[{"start":{"line":127,"column":38},"end":{"line":127,"column":48}},{"start":{"line":127,"column":51},"end":{"line":127,"column":59}}]},"7":{"loc":{"start":{"line":163,"column":22},"end":{"line":163,"column":69}},"type":"cond-expr","locations":[{"start":{"line":163,"column":33},"end":{"line":163,"column":51}},{"start":{"line":163,"column":54},"end":{"line":163,"column":69}}]},"8":{"loc":{"start":{"line":174,"column":21},"end":{"line":174,"column":79}},"type":"cond-expr","locations":[{"start":{"line":174,"column":32},"end":{"line":174,"column":44}},{"start":{"line":174,"column":47},"end":{"line":174,"column":79}}]}},"s":{"0":1,"1":1,"2":1,"3":1,"4":1,"5":1,"6":1,"7":1,"8":1,"9":1,"10":3,"11":3,"12":3,"13":3,"14":3,"15":0,"16":0,"17":3,"18":0,"19":0,"20":3,"21":0,"22":0,"23":3,"24":0,"25":0,"26":3,"27":3,"28":0,"29":0,"30":3,"31":3,"32":3,"33":3,"34":3,"35":15,"36":15,"37":15,"38":1},"f":{"0":3,"1":3,"2":0,"3":0,"4":0,"5":0,"6":0,"7":3,"8":3,"9":15,"10":15,"11":15},"b":{"0":[0],"1":[0],"2":[0,0],"3":[0],"4":[0],"5":[3,0],"6":[3,0],"7":[0,3],"8":[0,15]}}
,"C:\\Users\\rakshit.chauhan\\Desktop\\projects\\movie_explorer_reactjs_rakshit\\src\\components\\common\\Header\\NavItem.tsx": {"path":"C:\\Users\\rakshit.chauhan\\Desktop\\projects\\movie_explorer_reactjs_rakshit\\src\\components\\common\\Header\\NavItem.tsx","statementMap":{"0":{"start":{"line":1,"column":0},"end":{"line":1,"column":34}},"1":{"start":{"line":2,"column":0},"end":{"line":2,"column":43}},"2":{"start":{"line":3,"column":0},"end":{"line":3,"column":46}},"3":{"start":{"line":21,"column":4},"end":{"line":21,"column":17}},"4":{"start":{"line":35,"column":2},"end":{"line":37,"column":4}},"5":{"start":{"line":36,"column":4},"end":{"line":36,"column":40}},"6":{"start":{"line":39,"column":2},"end":{"line":41,"column":4}},"7":{"start":{"line":40,"column":4},"end":{"line":40,"column":98}},"8":{"start":{"line":22,"column":4},"end":{"line":24,"column":6}},"9":{"start":{"line":28,"column":4},"end":{"line":32,"column":5}},"10":{"start":{"line":29,"column":6},"end":{"line":31,"column":9}},"11":{"start":{"line":44,"column":34},"end":{"line":44,"column":44}},"12":{"start":{"line":45,"column":27},"end":{"line":45,"column":37}},"13":{"start":{"line":47,"column":4},"end":{"line":68,"column":6}},"14":{"start":{"line":72,"column":0},"end":{"line":72,"column":35}}},"fnMap":{"0":{"name":"(anonymous_1)","decl":{"start":{"line":20,"column":2},"end":{"line":20,"column":14}},"loc":{"start":{"line":20,"column":33},"end":{"line":25,"column":3}}},"1":{"name":"(anonymous_2)","decl":{"start":{"line":35,"column":21},"end":{"line":35,"column":24}},"loc":{"start":{"line":35,"column":26},"end":{"line":37,"column":3}}},"2":{"name":"(anonymous_3)","decl":{"start":{"line":39,"column":21},"end":{"line":39,"column":24}},"loc":{"start":{"line":39,"column":26},"end":{"line":41,"column":3}}},"3":{"name":"(anonymous_4)","decl":{"start":{"line":27,"column":2},"end":{"line":27,"column":20}},"loc":{"start":{"line":27,"column":44},"end":{"line":33,"column":3}}},"4":{"name":"(anonymous_5)","decl":{"start":{"line":43,"column":2},"end":{"line":43,"column":8}},"loc":{"start":{"line":43,"column":8},"end":{"line":69,"column":3}}}},"branchMap":{"0":{"loc":{"start":{"line":28,"column":4},"end":{"line":32,"column":5}},"type":"if","locations":[{"start":{"line":28,"column":4},"end":{"line":32,"column":5}}]},"1":{"loc":{"start":{"line":61,"column":11},"end":{"line":64,"column":null}},"type":"cond-expr","locations":[{"start":{"line":62,"column":12},"end":{"line":62,"column":61}},{"start":{"line":64,"column":12},"end":{"line":64,"column":65}}]}},"s":{"0":1,"1":1,"2":1,"3":18,"4":18,"5":0,"6":18,"7":0,"8":18,"9":0,"10":0,"11":18,"12":18,"13":18,"14":1},"f":{"0":18,"1":0,"2":0,"3":0,"4":18},"b":{"0":[0],"1":[0,18]}}
,"C:\\Users\\rakshit.chauhan\\Desktop\\projects\\movie_explorer_reactjs_rakshit\\src\\components\\common\\MoviesGrid\\MoviesGrid.tsx": {"path":"C:\\Users\\rakshit.chauhan\\Desktop\\projects\\movie_explorer_reactjs_rakshit\\src\\components\\common\\MoviesGrid\\MoviesGrid.tsx","statementMap":{"0":{"start":{"line":2,"column":0},"end":{"line":2,"column":63}},"1":{"start":{"line":3,"column":0},"end":{"line":3,"column":50}},"2":{"start":{"line":16,"column":29},"end":{"line":19,"column":5}},"3":{"start":{"line":17,"column":8},"end":{"line":17,"column":55}},"4":{"start":{"line":17,"column":48},"end":{"line":17,"column":55}},"5":{"start":{"line":18,"column":8},"end":{"line":18,"column":24}},"6":{"start":{"line":21,"column":22},"end":{"line":21,"column":68}},"7":{"start":{"line":23,"column":4},"end":{"line":81,"column":6}},"8":{"start":{"line":33,"column":24},"end":{"line":33,"column":64}},"9":{"start":{"line":84,"column":0},"end":{"line":84,"column":26}}},"fnMap":{"0":{"name":"MoviesGrid","decl":{"start":{"line":15,"column":9},"end":{"line":15,"column":19}},"loc":{"start":{"line":15,"column":126},"end":{"line":82,"column":1}}},"1":{"name":"(anonymous_2)","decl":{"start":{"line":16,"column":29},"end":{"line":16,"column":30}},"loc":{"start":{"line":16,"column":83},"end":{"line":19,"column":5}}},"2":{"name":"(anonymous_3)","decl":{"start":{"line":32,"column":34},"end":{"line":32,"column":35}},"loc":{"start":{"line":33,"column":24},"end":{"line":33,"column":64}}}},"branchMap":{"0":{"loc":{"start":{"line":15,"column":43},"end":{"line":15,"column":58}},"type":"default-arg","locations":[{"start":{"line":15,"column":56},"end":{"line":15,"column":58}}]},"1":{"loc":{"start":{"line":15,"column":60},"end":{"line":15,"column":75}},"type":"default-arg","locations":[{"start":{"line":15,"column":74},"end":{"line":15,"column":75}}]},"2":{"loc":{"start":{"line":15,"column":77},"end":{"line":15,"column":88}},"type":"default-arg","locations":[{"start":{"line":15,"column":84},"end":{"line":15,"column":88}}]},"3":{"loc":{"start":{"line":15,"column":90},"end":{"line":15,"column":107}},"type":"default-arg","locations":[{"start":{"line":15,"column":102},"end":{"line":15,"column":107}}]},"4":{"loc":{"start":{"line":17,"column":8},"end":{"line":17,"column":55}},"type":"if","locations":[{"start":{"line":17,"column":8},"end":{"line":17,"column":55}}]},"5":{"loc":{"start":{"line":17,"column":12},"end":{"line":17,"column":46}},"type":"binary-expr","locations":[{"start":{"line":17,"column":12},"end":{"line":17,"column":33}},{"start":{"line":17,"column":37},"end":{"line":17,"column":46}}]},"6":{"loc":{"start":{"line":21,"column":22},"end":{"line":21,"column":68}},"type":"binary-expr","locations":[{"start":{"line":21,"column":22},"end":{"line":21,"column":32}},{"start":{"line":21,"column":36},"end":{"line":21,"column":68}}]},"7":{"loc":{"start":{"line":27,"column":17},"end":{"line":40,"column":null}},"type":"cond-expr","locations":[{"start":{"line":28,"column":20},"end":{"line":28,"column":null}},{"start":{"line":31,"column":20},"end":{"line":40,"column":null}}]},"8":{"loc":{"start":{"line":31,"column":20},"end":{"line":40,"column":null}},"type":"cond-expr","locations":[{"start":{"line":32,"column":20},"end":{"line":36,"column":22}},{"start":{"line":38,"column":20},"end":{"line":38,"column":null}}]},"9":{"loc":{"start":{"line":33,"column":43},"end":{"line":33,"column":60}},"type":"binary-expr","locations":[{"start":{"line":33,"column":43},"end":{"line":33,"column":51}},{"start":{"line":33,"column":55},"end":{"line":33,"column":60}}]},"10":{"loc":{"start":{"line":44,"column":13},"end":{"line":78,"column":null}},"type":"binary-expr","locations":[{"start":{"line":44,"column":15},"end":{"line":44,"column":31}},{"start":{"line":44,"column":35},"end":{"line":44,"column":52}},{"start":{"line":44,"column":57},"end":{"line":44,"column":70}},{"start":{"line":45,"column":16},"end":{"line":77,"column":null}}]}},"s":{"0":1,"1":1,"2":8,"3":1,"4":0,"5":1,"6":8,"7":8,"8":12,"9":1},"f":{"0":8,"1":1,"2":12},"b":{"0":[3],"1":[3],"2":[3],"3":[6],"4":[0],"5":[1,1],"6":[8,0],"7":[1,7],"8":[6,1],"9":[12,0],"10":[8,5,4,4]}}
,"C:\\Users\\rakshit.chauhan\\Desktop\\projects\\movie_explorer_reactjs_rakshit\\src\\components\\genre\\GenreToolbar.tsx": {"path":"C:\\Users\\rakshit.chauhan\\Desktop\\projects\\movie_explorer_reactjs_rakshit\\src\\components\\genre\\GenreToolbar.tsx","statementMap":{"0":{"start":{"line":1,"column":0},"end":{"line":1,"column":41}},"1":{"start":{"line":2,"column":0},"end":{"line":2,"column":39}},"2":{"start":{"line":4,"column":15},"end":{"line":15,"column":null}},"3":{"start":{"line":17,"column":47},"end":{"line":28,"column":2}},"4":{"start":{"line":42,"column":63},"end":{"line":42,"column":73}},"5":{"start":{"line":43,"column":29},"end":{"line":43,"column":46}},"6":{"start":{"line":45,"column":8},"end":{"line":82,"column":null}},"7":{"start":{"line":58,"column":28},"end":{"line":60,"column":null}},"8":{"start":{"line":59,"column":47},"end":{"line":59,"column":86}},"9":{"start":{"line":40,"column":0},"end":{"line":40,"column":13}},"10":{"start":{"line":86,"column":0},"end":{"line":86,"column":28}}},"fnMap":{"0":{"name":"(anonymous_0)","decl":{"start":{"line":41,"column":4},"end":{"line":41,"column":10}},"loc":{"start":{"line":41,"column":10},"end":{"line":83,"column":5}}},"1":{"name":"(anonymous_1)","decl":{"start":{"line":57,"column":36},"end":{"line":57,"column":37}},"loc":{"start":{"line":58,"column":28},"end":{"line":60,"column":null}}},"2":{"name":"(anonymous_2)","decl":{"start":{"line":59,"column":41},"end":{"line":59,"column":44}},"loc":{"start":{"line":59,"column":47},"end":{"line":59,"column":86}}}},"branchMap":{"0":{"loc":{"start":{"line":42,"column":37},"end":{"line":42,"column":58}},"type":"default-arg","locations":[{"start":{"line":42,"column":53},"end":{"line":42,"column":58}}]},"1":{"loc":{"start":{"line":46,"column":31},"end":{"line":46,"column":75}},"type":"cond-expr","locations":[{"start":{"line":46,"column":64},"end":{"line":46,"column":70}},{"start":{"line":46,"column":73},"end":{"line":46,"column":75}}]},"2":{"loc":{"start":{"line":46,"column":31},"end":{"line":46,"column":61}},"type":"binary-expr","locations":[{"start":{"line":46,"column":31},"end":{"line":46,"column":43}},{"start":{"line":46,"column":47},"end":{"line":46,"column":61}}]},"3":{"loc":{"start":{"line":47,"column":17},"end":{"line":51,"column":null}},"type":"binary-expr","locations":[{"start":{"line":47,"column":17},"end":{"line":47,"column":30}},{"start":{"line":48,"column":20},"end":{"line":50,"column":null}}]},"4":{"loc":{"start":{"line":55,"column":39},"end":{"line":56,"column":116}},"type":"cond-expr","locations":[{"start":{"line":55,"column":54},"end":{"line":55,"column":80}},{"start":{"line":56,"column":30},"end":{"line":56,"column":116}}]},"5":{"loc":{"start":{"line":64,"column":151},"end":{"line":64,"column":254}},"type":"cond-expr","locations":[{"start":{"line":64,"column":182},"end":{"line":64,"column":204}},{"start":{"line":64,"column":207},"end":{"line":64,"column":254}}]},"6":{"loc":{"start":{"line":64,"column":258},"end":{"line":64,"column":343}},"type":"cond-expr","locations":[{"start":{"line":64,"column":308},"end":{"line":64,"column":338}},{"start":{"line":64,"column":341},"end":{"line":64,"column":343}}]},"7":{"loc":{"start":{"line":64,"column":258},"end":{"line":64,"column":305}},"type":"binary-expr","locations":[{"start":{"line":64,"column":258},"end":{"line":64,"column":278}},{"start":{"line":64,"column":282},"end":{"line":64,"column":305}}]},"8":{"loc":{"start":{"line":67,"column":33},"end":{"line":74,"column":null}},"type":"binary-expr","locations":[{"start":{"line":67,"column":33},"end":{"line":67,"column":61}},{"start":{"line":68,"column":36},"end":{"line":73,"column":null}}]}},"s":{"0":1,"1":1,"2":1,"3":1,"4":5,"5":5,"6":5,"7":50,"8":1,"9":1,"10":1},"f":{"0":5,"1":50,"2":1},"b":{"0":[4],"1":[1,4],"2":[5,2],"3":[5,3],"4":[2,3],"5":[5,45],"6":[1,49],"7":[50,5],"8":[50,5]}}
,"C:\\Users\\rakshit.chauhan\\Desktop\\projects\\movie_explorer_reactjs_rakshit\\src\\components\\hoc\\WithReduxState.tsx": {"path":"C:\\Users\\rakshit.chauhan\\Desktop\\projects\\movie_explorer_reactjs_rakshit\\src\\components\\hoc\\WithReduxState.tsx","statementMap":{"0":{"start":{"line":3,"column":0},"end":{"line":3,"column":42}},"1":{"start":{"line":5,"column":0},"end":{"line":5,"column":47}},"2":{"start":{"line":7,"column":23},"end":{"line":19,"column":1}},"3":{"start":{"line":8,"column":25},"end":{"line":16,"column":5}},"4":{"start":{"line":9,"column":25},"end":{"line":9,"column":79}},"5":{"start":{"line":9,"column":59},"end":{"line":9,"column":78}},"6":{"start":{"line":10,"column":27},"end":{"line":10,"column":83}},"7":{"start":{"line":10,"column":61},"end":{"line":10,"column":82}},"8":{"start":{"line":11,"column":26},"end":{"line":11,"column":79}},"9":{"start":{"line":11,"column":60},"end":{"line":11,"column":78}},"10":{"start":{"line":12,"column":28},"end":{"line":12,"column":85}},"11":{"start":{"line":12,"column":62},"end":{"line":12,"column":84}},"12":{"start":{"line":14,"column":25},"end":{"line":14,"column":38}},"13":{"start":{"line":15,"column":8},"end":{"line":15,"column":151}},"14":{"start":{"line":18,"column":4},"end":{"line":18,"column":null}},"15":{"start":{"line":21,"column":0},"end":{"line":21,"column":30}}},"fnMap":{"0":{"name":"(anonymous_0)","decl":{"start":{"line":7,"column":23},"end":{"line":7,"column":24}},"loc":{"start":{"line":7,"column":57},"end":{"line":19,"column":1}}},"1":{"name":"(anonymous_1)","decl":{"start":{"line":8,"column":25},"end":{"line":8,"column":26}},"loc":{"start":{"line":8,"column":40},"end":{"line":16,"column":5}}},"2":{"name":"(anonymous_2)","decl":{"start":{"line":9,"column":37},"end":{"line":9,"column":38}},"loc":{"start":{"line":9,"column":59},"end":{"line":9,"column":78}}},"3":{"name":"(anonymous_3)","decl":{"start":{"line":10,"column":39},"end":{"line":10,"column":40}},"loc":{"start":{"line":10,"column":61},"end":{"line":10,"column":82}}},"4":{"name":"(anonymous_4)","decl":{"start":{"line":11,"column":38},"end":{"line":11,"column":39}},"loc":{"start":{"line":11,"column":60},"end":{"line":11,"column":78}}},"5":{"name":"(anonymous_5)","decl":{"start":{"line":12,"column":40},"end":{"line":12,"column":41}},"loc":{"start":{"line":12,"column":62},"end":{"line":12,"column":84}}}},"branchMap":{},"s":{"0":2,"1":2,"2":2,"3":2,"4":3,"5":6,"6":3,"7":6,"8":3,"9":6,"10":3,"11":6,"12":3,"13":3,"14":2,"15":2},"f":{"0":2,"1":3,"2":6,"3":6,"4":6,"5":6},"b":{}}
,"C:\\Users\\rakshit.chauhan\\Desktop\\projects\\movie_explorer_reactjs_rakshit\\src\\components\\hoc\\WithRouter.tsx": {"path":"C:\\Users\\rakshit.chauhan\\Desktop\\projects\\movie_explorer_reactjs_rakshit\\src\\components\\hoc\\WithRouter.tsx","statementMap":{"0":{"start":{"line":2,"column":0},"end":{"line":2,"column":55}},"1":{"start":{"line":3,"column":0},"end":{"line":3,"column":71}},"2":{"start":{"line":6,"column":19},"end":{"line":16,"column":1}},"3":{"start":{"line":7,"column":25},"end":{"line":14,"column":5}},"4":{"start":{"line":8,"column":25},"end":{"line":8,"column":38}},"5":{"start":{"line":9,"column":25},"end":{"line":9,"column":38}},"6":{"start":{"line":10,"column":25},"end":{"line":10,"column":38}},"7":{"start":{"line":11,"column":23},"end":{"line":11,"column":34}},"8":{"start":{"line":12,"column":24},"end":{"line":12,"column":78}},"9":{"start":{"line":12,"column":58},"end":{"line":12,"column":77}},"10":{"start":{"line":13,"column":8},"end":{"line":13,"column":139}},"11":{"start":{"line":15,"column":4},"end":{"line":15,"column":24}},"12":{"start":{"line":18,"column":0},"end":{"line":18,"column":26}}},"fnMap":{"0":{"name":"(anonymous_0)","decl":{"start":{"line":6,"column":19},"end":{"line":6,"column":20}},"loc":{"start":{"line":6,"column":53},"end":{"line":16,"column":1}}},"1":{"name":"(anonymous_1)","decl":{"start":{"line":7,"column":25},"end":{"line":7,"column":26}},"loc":{"start":{"line":7,"column":40},"end":{"line":14,"column":5}}},"2":{"name":"(anonymous_2)","decl":{"start":{"line":12,"column":36},"end":{"line":12,"column":37}},"loc":{"start":{"line":12,"column":58},"end":{"line":12,"column":77}}}},"branchMap":{},"s":{"0":2,"1":2,"2":2,"3":2,"4":28,"5":28,"6":28,"7":28,"8":28,"9":56,"10":28,"11":2,"12":2},"f":{"0":2,"1":28,"2":56},"b":{}}
,"C:\\Users\\rakshit.chauhan\\Desktop\\projects\\movie_explorer_reactjs_rakshit\\src\\components\\home\\MainCarousel.tsx": {"path":"C:\\Users\\rakshit.chauhan\\Desktop\\projects\\movie_explorer_reactjs_rakshit\\src\\components\\home\\MainCarousel.tsx","statementMap":{"0":{"start":{"line":2,"column":0},"end":{"line":2,"column":33}},"1":{"start":{"line":3,"column":0},"end":{"line":3,"column":46}},"2":{"start":{"line":4,"column":0},"end":{"line":4,"column":60}},"3":{"start":{"line":5,"column":0},"end":{"line":5,"column":55}},"4":{"start":{"line":6,"column":0},"end":{"line":6,"column":40}},"5":{"start":{"line":7,"column":0},"end":{"line":7,"column":46}},"6":{"start":{"line":9,"column":0},"end":{"line":9,"column":62}},"7":{"start":{"line":11,"column":21},"end":{"line":96,"column":1}},"8":{"start":{"line":12,"column":28},"end":{"line":12,"column":75}},"9":{"start":{"line":12,"column":56},"end":{"line":12,"column":74}},"10":{"start":{"line":14,"column":26},"end":{"line":16,"column":12}},"11":{"start":{"line":15,"column":56},"end":{"line":15,"column":75}},"12":{"start":{"line":18,"column":22},"end":{"line":28,"column":5}},"13":{"start":{"line":19,"column":28},"end":{"line":19,"column":33}},"14":{"start":{"line":20,"column":8},"end":{"line":27,"column":10}},"15":{"start":{"line":30,"column":21},"end":{"line":40,"column":6}},"16":{"start":{"line":42,"column":4},"end":{"line":48,"column":5}},"17":{"start":{"line":43,"column":8},"end":{"line":47,"column":10}},"18":{"start":{"line":50,"column":4},"end":{"line":95,"column":6}},"19":{"start":{"line":58,"column":20},"end":{"line":58,"column":null}},"20":{"start":{"line":98,"column":0},"end":{"line":98,"column":28}}},"fnMap":{"0":{"name":"(anonymous_1)","decl":{"start":{"line":11,"column":21},"end":{"line":11,"column":24}},"loc":{"start":{"line":11,"column":26},"end":{"line":96,"column":1}}},"1":{"name":"(anonymous_2)","decl":{"start":{"line":12,"column":40},"end":{"line":12,"column":41}},"loc":{"start":{"line":12,"column":56},"end":{"line":12,"column":74}}},"2":{"name":"(anonymous_3)","decl":{"start":{"line":15,"column":36},"end":{"line":15,"column":37}},"loc":{"start":{"line":15,"column":56},"end":{"line":15,"column":75}}},"3":{"name":"(anonymous_4)","decl":{"start":{"line":18,"column":22},"end":{"line":18,"column":23}},"loc":{"start":{"line":18,"column":37},"end":{"line":28,"column":5}}},"4":{"name":"(anonymous_5)","decl":{"start":{"line":57,"column":35},"end":{"line":57,"column":36}},"loc":{"start":{"line":58,"column":20},"end":{"line":58,"column":null}}}},"branchMap":{"0":{"loc":{"start":{"line":14,"column":26},"end":{"line":16,"column":12}},"type":"cond-expr","locations":[{"start":{"line":15,"column":10},"end":{"line":15,"column":89}},{"start":{"line":16,"column":10},"end":{"line":16,"column":12}}]},"1":{"loc":{"start":{"line":14,"column":26},"end":{"line":14,"column":71}},"type":"binary-expr","locations":[{"start":{"line":14,"column":26},"end":{"line":14,"column":41}},{"start":{"line":14,"column":45},"end":{"line":14,"column":71}}]},"2":{"loc":{"start":{"line":42,"column":4},"end":{"line":48,"column":5}},"type":"if","locations":[{"start":{"line":42,"column":4},"end":{"line":48,"column":5}}]},"3":{"loc":{"start":{"line":58,"column":30},"end":{"line":58,"column":58}},"type":"binary-expr","locations":[{"start":{"line":58,"column":30},"end":{"line":58,"column":38}},{"start":{"line":58,"column":42},"end":{"line":58,"column":58}}]}},"s":{"0":1,"1":1,"2":1,"3":1,"4":1,"5":1,"6":1,"7":1,"8":2,"9":4,"10":2,"11":1,"12":2,"13":1,"14":1,"15":2,"16":2,"17":1,"18":1,"19":2,"20":1},"f":{"0":2,"1":4,"2":1,"3":1,"4":2},"b":{"0":[1,1],"1":[2,2],"2":[1],"3":[2,0]}}
,"C:\\Users\\rakshit.chauhan\\Desktop\\projects\\movie_explorer_reactjs_rakshit\\src\\components\\home\\MainCarouselMovieCard.tsx": {"path":"C:\\Users\\rakshit.chauhan\\Desktop\\projects\\movie_explorer_reactjs_rakshit\\src\\components\\home\\MainCarouselMovieCard.tsx","statementMap":{"0":{"start":{"line":1,"column":0},"end":{"line":1,"column":41}},"1":{"start":{"line":14,"column":2},"end":{"line":17,"column":4}},"2":{"start":{"line":29,"column":2},"end":{"line":39,"column":4}},"3":{"start":{"line":30,"column":4},"end":{"line":38,"column":5}},"4":{"start":{"line":31,"column":21},"end":{"line":31,"column":53}},"5":{"start":{"line":32,"column":6},"end":{"line":37,"column":9}},"6":{"start":{"line":33,"column":20},"end":{"line":33,"column":43}},"7":{"start":{"line":34,"column":8},"end":{"line":36,"column":9}},"8":{"start":{"line":35,"column":10},"end":{"line":35,"column":39}},"9":{"start":{"line":20,"column":26},"end":{"line":20,"column":37}},"10":{"start":{"line":21,"column":4},"end":{"line":21,"column":44}},"11":{"start":{"line":23,"column":26},"end":{"line":23,"column":37}},"12":{"start":{"line":24,"column":4},"end":{"line":24,"column":45}},"13":{"start":{"line":26,"column":4},"end":{"line":26,"column":79}},"14":{"start":{"line":42,"column":4},"end":{"line":42,"column":82}},"15":{"start":{"line":46,"column":36},"end":{"line":46,"column":46}},"16":{"start":{"line":47,"column":78},"end":{"line":47,"column":94}},"17":{"start":{"line":49,"column":4},"end":{"line":126,"column":6}},"18":{"start":{"line":115,"column":29},"end":{"line":115,"column":69}},"19":{"start":{"line":13,"column":0},"end":{"line":13,"column":13}},"20":{"start":{"line":130,"column":0},"end":{"line":130,"column":37}}},"fnMap":{"0":{"name":"(anonymous_0)","decl":{"start":{"line":13,"column":0},"end":{"line":13,"column":13}},"loc":{"start":{"line":13,"column":0},"end":{"line":128,"column":1}}},"1":{"name":"(anonymous_1)","decl":{"start":{"line":29,"column":27},"end":{"line":29,"column":30}},"loc":{"start":{"line":29,"column":32},"end":{"line":39,"column":3}}},"2":{"name":"(anonymous_2)","decl":{"start":{"line":32,"column":21},"end":{"line":32,"column":22}},"loc":{"start":{"line":32,"column":29},"end":{"line":37,"column":7}}},"3":{"name":"(anonymous_3)","decl":{"start":{"line":19,"column":2},"end":{"line":19,"column":19}},"loc":{"start":{"line":19,"column":19},"end":{"line":27,"column":3}}},"4":{"name":"(anonymous_4)","decl":{"start":{"line":41,"column":2},"end":{"line":41,"column":22}},"loc":{"start":{"line":41,"column":22},"end":{"line":43,"column":3}}},"5":{"name":"(anonymous_5)","decl":{"start":{"line":45,"column":2},"end":{"line":45,"column":8}},"loc":{"start":{"line":45,"column":8},"end":{"line":127,"column":3}}},"6":{"name":"(anonymous_6)","decl":{"start":{"line":115,"column":23},"end":{"line":115,"column":26}},"loc":{"start":{"line":115,"column":29},"end":{"line":115,"column":69}}}},"branchMap":{"0":{"loc":{"start":{"line":30,"column":4},"end":{"line":38,"column":5}},"type":"if","locations":[{"start":{"line":30,"column":4},"end":{"line":38,"column":5}}]},"1":{"loc":{"start":{"line":34,"column":8},"end":{"line":36,"column":9}},"type":"if","locations":[{"start":{"line":34,"column":8},"end":{"line":36,"column":9}}]},"2":{"loc":{"start":{"line":92,"column":15},"end":{"line":95,"column":null}},"type":"binary-expr","locations":[{"start":{"line":92,"column":15},"end":{"line":92,"column":20}},{"start":{"line":93,"column":16},"end":{"line":94,"column":null}}]},"3":{"loc":{"start":{"line":97,"column":15},"end":{"line":98,"column":null}},"type":"binary-expr","locations":[{"start":{"line":97,"column":15},"end":{"line":97,"column":27}},{"start":{"line":98,"column":16},"end":{"line":98,"column":69}}]},"4":{"loc":{"start":{"line":100,"column":15},"end":{"line":106,"column":null}},"type":"binary-expr","locations":[{"start":{"line":100,"column":15},"end":{"line":100,"column":21}},{"start":{"line":101,"column":16},"end":{"line":105,"column":null}}]}},"s":{"0":1,"1":1,"2":1,"3":0,"4":0,"5":0,"6":0,"7":0,"8":0,"9":1,"10":1,"11":1,"12":1,"13":1,"14":1,"15":1,"16":1,"17":1,"18":0,"19":1,"20":1},"f":{"0":1,"1":0,"2":0,"3":1,"4":1,"5":1,"6":0},"b":{"0":[0],"1":[0],"2":[1,1],"3":[1,1],"4":[1,1]}}
,"C:\\Users\\rakshit.chauhan\\Desktop\\projects\\movie_explorer_reactjs_rakshit\\src\\components\\home\\CategorySection\\CarouselSection.tsx": {"path":"C:\\Users\\rakshit.chauhan\\Desktop\\projects\\movie_explorer_reactjs_rakshit\\src\\components\\home\\CategorySection\\CarouselSection.tsx","statementMap":{"0":{"start":{"line":1,"column":0},"end":{"line":1,"column":40}},"1":{"start":{"line":2,"column":0},"end":{"line":2,"column":33}},"2":{"start":{"line":3,"column":0},"end":{"line":3,"column":41}},"3":{"start":{"line":4,"column":0},"end":{"line":4,"column":61}},"4":{"start":{"line":5,"column":0},"end":{"line":5,"column":42}},"5":{"start":{"line":6,"column":0},"end":{"line":6,"column":55}},"6":{"start":{"line":16,"column":19},"end":{"line":16,"column":66}},"7":{"start":{"line":16,"column":47},"end":{"line":16,"column":65}},"8":{"start":{"line":18,"column":31},"end":{"line":33,"column":22}},"9":{"start":{"line":19,"column":8},"end":{"line":32,"column":9}},"10":{"start":{"line":21,"column":16},"end":{"line":21,"column":142}},"11":{"start":{"line":21,"column":53},"end":{"line":21,"column":81}},"12":{"start":{"line":21,"column":108},"end":{"line":21,"column":127}},"13":{"start":{"line":23,"column":16},"end":{"line":23,"column":161}},"14":{"start":{"line":23,"column":53},"end":{"line":23,"column":88}},"15":{"start":{"line":23,"column":115},"end":{"line":23,"column":146}},"16":{"start":{"line":25,"column":16},"end":{"line":25,"column":129}},"17":{"start":{"line":25,"column":53},"end":{"line":25,"column":81}},"18":{"start":{"line":25,"column":108},"end":{"line":25,"column":127}},"19":{"start":{"line":27,"column":16},"end":{"line":27,"column":138}},"20":{"start":{"line":27,"column":53},"end":{"line":27,"column":77}},"21":{"start":{"line":27,"column":104},"end":{"line":27,"column":123}},"22":{"start":{"line":29,"column":16},"end":{"line":29,"column":null}},"23":{"start":{"line":29,"column":53},"end":{"line":29,"column":77}},"24":{"start":{"line":29,"column":104},"end":{"line":29,"column":123}},"25":{"start":{"line":31,"column":16},"end":{"line":31,"column":30}},"26":{"start":{"line":35,"column":4},"end":{"line":59,"column":null}},"27":{"start":{"line":62,"column":0},"end":{"line":62,"column":null}}},"fnMap":{"0":{"name":"CarouselSection","decl":{"start":{"line":14,"column":9},"end":{"line":14,"column":24}},"loc":{"start":{"line":14,"column":64},"end":{"line":60,"column":1}}},"1":{"name":"(anonymous_2)","decl":{"start":{"line":16,"column":31},"end":{"line":16,"column":32}},"loc":{"start":{"line":16,"column":47},"end":{"line":16,"column":65}}},"2":{"name":"(anonymous_3)","decl":{"start":{"line":18,"column":45},"end":{"line":18,"column":48}},"loc":{"start":{"line":18,"column":50},"end":{"line":33,"column":5}}},"3":{"name":"(anonymous_4)","decl":{"start":{"line":21,"column":37},"end":{"line":21,"column":38}},"loc":{"start":{"line":21,"column":53},"end":{"line":21,"column":81}}},"4":{"name":"(anonymous_5)","decl":{"start":{"line":21,"column":88},"end":{"line":21,"column":89}},"loc":{"start":{"line":21,"column":108},"end":{"line":21,"column":127}}},"5":{"name":"(anonymous_6)","decl":{"start":{"line":23,"column":37},"end":{"line":23,"column":38}},"loc":{"start":{"line":23,"column":53},"end":{"line":23,"column":88}}},"6":{"name":"(anonymous_7)","decl":{"start":{"line":23,"column":95},"end":{"line":23,"column":96}},"loc":{"start":{"line":23,"column":115},"end":{"line":23,"column":146}}},"7":{"name":"(anonymous_8)","decl":{"start":{"line":25,"column":37},"end":{"line":25,"column":38}},"loc":{"start":{"line":25,"column":53},"end":{"line":25,"column":81}}},"8":{"name":"(anonymous_9)","decl":{"start":{"line":25,"column":88},"end":{"line":25,"column":89}},"loc":{"start":{"line":25,"column":108},"end":{"line":25,"column":127}}},"9":{"name":"(anonymous_10)","decl":{"start":{"line":27,"column":37},"end":{"line":27,"column":38}},"loc":{"start":{"line":27,"column":53},"end":{"line":27,"column":77}}},"10":{"name":"(anonymous_11)","decl":{"start":{"line":27,"column":84},"end":{"line":27,"column":85}},"loc":{"start":{"line":27,"column":104},"end":{"line":27,"column":123}}},"11":{"name":"(anonymous_12)","decl":{"start":{"line":29,"column":37},"end":{"line":29,"column":38}},"loc":{"start":{"line":29,"column":53},"end":{"line":29,"column":77}}},"12":{"name":"(anonymous_13)","decl":{"start":{"line":29,"column":84},"end":{"line":29,"column":85}},"loc":{"start":{"line":29,"column":104},"end":{"line":29,"column":123}}}},"branchMap":{"0":{"loc":{"start":{"line":19,"column":8},"end":{"line":32,"column":9}},"type":"switch","locations":[{"start":{"line":20,"column":12},"end":{"line":21,"column":142}},{"start":{"line":22,"column":12},"end":{"line":23,"column":161}},{"start":{"line":24,"column":12},"end":{"line":25,"column":129}},{"start":{"line":26,"column":12},"end":{"line":27,"column":138}},{"start":{"line":28,"column":12},"end":{"line":29,"column":null}},{"start":{"line":30,"column":12},"end":{"line":31,"column":30}}]},"1":{"loc":{"start":{"line":39,"column":29},"end":{"line":39,"column":67}},"type":"cond-expr","locations":[{"start":{"line":39,"column":47},"end":{"line":39,"column":55}},{"start":{"line":39,"column":58},"end":{"line":39,"column":67}}]},"2":{"loc":{"start":{"line":51,"column":17},"end":{"line":54,"column":null}},"type":"cond-expr","locations":[{"start":{"line":52,"column":20},"end":{"line":52,"column":36}},{"start":{"line":54,"column":20},"end":{"line":54,"column":66}}]}},"s":{"0":1,"1":1,"2":1,"3":1,"4":1,"5":1,"6":5,"7":10,"8":5,"9":5,"10":2,"11":6,"12":2,"13":0,"14":0,"15":0,"16":0,"17":0,"18":0,"19":1,"20":3,"21":0,"22":1,"23":3,"24":0,"25":1,"26":5,"27":1},"f":{"0":5,"1":10,"2":5,"3":6,"4":2,"5":0,"6":0,"7":0,"8":0,"9":3,"10":0,"11":3,"12":0},"b":{"0":[2,0,0,1,1,1],"1":[1,4],"2":[1,4]}}
,"C:\\Users\\rakshit.chauhan\\Desktop\\projects\\movie_explorer_reactjs_rakshit\\src\\components\\home\\CategorySection\\CompactCarousel.tsx": {"path":"C:\\Users\\rakshit.chauhan\\Desktop\\projects\\movie_explorer_reactjs_rakshit\\src\\components\\home\\CategorySection\\CompactCarousel.tsx","statementMap":{"0":{"start":{"line":2,"column":0},"end":{"line":2,"column":33}},"1":{"start":{"line":4,"column":0},"end":{"line":4,"column":47}},"2":{"start":{"line":5,"column":0},"end":{"line":5,"column":40}},"3":{"start":{"line":6,"column":0},"end":{"line":6,"column":46}},"4":{"start":{"line":13,"column":24},"end":{"line":101,"column":1}},"5":{"start":{"line":14,"column":19},"end":{"line":14,"column":32}},"6":{"start":{"line":16,"column":19},"end":{"line":35,"column":4}},"7":{"start":{"line":28,"column":6},"end":{"line":29,"column":null}},"8":{"start":{"line":33,"column":6},"end":{"line":33,"column":119}},"9":{"start":{"line":38,"column":22},"end":{"line":38,"column":80}},"10":{"start":{"line":38,"column":48},"end":{"line":38,"column":73}},"11":{"start":{"line":40,"column":2},"end":{"line":42,"column":3}},"12":{"start":{"line":41,"column":4},"end":{"line":41,"column":16}},"13":{"start":{"line":44,"column":2},"end":{"line":100,"column":4}},"14":{"start":{"line":49,"column":12},"end":{"line":49,"column":41}},"15":{"start":{"line":52,"column":31},"end":{"line":52,"column":64}},"16":{"start":{"line":103,"column":0},"end":{"line":103,"column":31}}},"fnMap":{"0":{"name":"(anonymous_1)","decl":{"start":{"line":13,"column":24},"end":{"line":13,"column":25}},"loc":{"start":{"line":13,"column":66},"end":{"line":101,"column":1}}},"1":{"name":"(anonymous_2)","decl":{"start":{"line":27,"column":16},"end":{"line":27,"column":17}},"loc":{"start":{"line":28,"column":6},"end":{"line":29,"column":null}}},"2":{"name":"(anonymous_3)","decl":{"start":{"line":32,"column":18},"end":{"line":32,"column":21}},"loc":{"start":{"line":33,"column":6},"end":{"line":33,"column":119}}},"3":{"name":"(anonymous_4)","decl":{"start":{"line":38,"column":39},"end":{"line":38,"column":44}},"loc":{"start":{"line":38,"column":48},"end":{"line":38,"column":73}}},"4":{"name":"(anonymous_5)","decl":{"start":{"line":48,"column":27},"end":{"line":48,"column":28}},"loc":{"start":{"line":49,"column":12},"end":{"line":49,"column":41}}},"5":{"name":"(anonymous_6)","decl":{"start":{"line":52,"column":25},"end":{"line":52,"column":28}},"loc":{"start":{"line":52,"column":31},"end":{"line":52,"column":64}}}},"branchMap":{"0":{"loc":{"start":{"line":38,"column":22},"end":{"line":38,"column":80}},"type":"binary-expr","locations":[{"start":{"line":38,"column":22},"end":{"line":38,"column":74}},{"start":{"line":38,"column":78},"end":{"line":38,"column":80}}]},"1":{"loc":{"start":{"line":40,"column":2},"end":{"line":42,"column":3}},"type":"if","locations":[{"start":{"line":40,"column":2},"end":{"line":42,"column":3}}]},"2":{"loc":{"start":{"line":59,"column":27},"end":{"line":59,"column":56}},"type":"cond-expr","locations":[{"start":{"line":59,"column":40},"end":{"line":59,"column":47}},{"start":{"line":59,"column":50},"end":{"line":59,"column":56}}]},"3":{"loc":{"start":{"line":49,"column":22},"end":{"line":49,"column":39}},"type":"binary-expr","locations":[{"start":{"line":49,"column":22},"end":{"line":49,"column":30}},{"start":{"line":49,"column":34},"end":{"line":49,"column":39}}]}},"s":{"0":1,"1":1,"2":1,"3":1,"4":1,"5":3,"6":3,"7":0,"8":0,"9":3,"10":9,"11":3,"12":0,"13":3,"14":6,"15":1,"16":1},"f":{"0":3,"1":0,"2":0,"3":9,"4":6,"5":1},"b":{"0":[3,0],"1":[0],"2":[6,0],"3":[6,0]}}
,"C:\\Users\\rakshit.chauhan\\Desktop\\projects\\movie_explorer_reactjs_rakshit\\src\\components\\home\\CategorySection\\Index.tsx": {"path":"C:\\Users\\rakshit.chauhan\\Desktop\\projects\\movie_explorer_reactjs_rakshit\\src\\components\\home\\CategorySection\\Index.tsx","statementMap":{"0":{"start":{"line":1,"column":0},"end":{"line":1,"column":49}},"1":{"start":{"line":2,"column":0},"end":{"line":2,"column":65}},"2":{"start":{"line":3,"column":0},"end":{"line":3,"column":55}},"3":{"start":{"line":4,"column":0},"end":{"line":4,"column":48}},"4":{"start":{"line":5,"column":0},"end":{"line":5,"column":43}},"5":{"start":{"line":6,"column":0},"end":{"line":6,"column":63}},"6":{"start":{"line":7,"column":0},"end":{"line":7,"column":51}},"7":{"start":{"line":8,"column":0},"end":{"line":8,"column":66}},"8":{"start":{"line":9,"column":0},"end":{"line":9,"column":73}},"9":{"start":{"line":10,"column":0},"end":{"line":10,"column":48}},"10":{"start":{"line":11,"column":0},"end":{"line":11,"column":39}},"11":{"start":{"line":12,"column":0},"end":{"line":12,"column":66}},"12":{"start":{"line":13,"column":0},"end":{"line":13,"column":65}},"13":{"start":{"line":14,"column":0},"end":{"line":14,"column":70}},"14":{"start":{"line":15,"column":0},"end":{"line":15,"column":74}},"15":{"start":{"line":16,"column":0},"end":{"line":16,"column":39}},"16":{"start":{"line":19,"column":14},"end":{"line":230,"column":1}},"17":{"start":{"line":20,"column":18},"end":{"line":20,"column":66}},"18":{"start":{"line":20,"column":46},"end":{"line":20,"column":65}},"19":{"start":{"line":21,"column":23},"end":{"line":21,"column":51}},"20":{"start":{"line":22,"column":19},"end":{"line":22,"column":32}},"21":{"start":{"line":25,"column":2},"end":{"line":52,"column":9}},"22":{"start":{"line":26,"column":4},"end":{"line":26,"column":22}},"23":{"start":{"line":27,"column":4},"end":{"line":27,"column":null}},"24":{"start":{"line":28,"column":4},"end":{"line":28,"column":30}},"25":{"start":{"line":29,"column":4},"end":{"line":31,"column":5}},"26":{"start":{"line":30,"column":6},"end":{"line":30,"column":66}},"27":{"start":{"line":33,"column":18},"end":{"line":33,"column":49}},"28":{"start":{"line":34,"column":4},"end":{"line":46,"column":6}},"29":{"start":{"line":47,"column":4},"end":{"line":47,"column":37}},"30":{"start":{"line":49,"column":4},"end":{"line":51,"column":6}},"31":{"start":{"line":50,"column":6},"end":{"line":50,"column":39}},"32":{"start":{"line":54,"column":34},"end":{"line":73,"column":3}},"33":{"start":{"line":55,"column":4},"end":{"line":72,"column":5}},"34":{"start":{"line":56,"column":21},"end":{"line":56,"column":58}},"35":{"start":{"line":57,"column":6},"end":{"line":69,"column":7}},"36":{"start":{"line":58,"column":30},"end":{"line":58,"column":48}},"37":{"start":{"line":60,"column":8},"end":{"line":66,"column":null}},"38":{"start":{"line":61,"column":10},"end":{"line":65,"column":null}},"39":{"start":{"line":68,"column":8},"end":{"line":68,"column":49}},"40":{"start":{"line":71,"column":6},"end":{"line":71,"column":65}},"41":{"start":{"line":75,"column":26},"end":{"line":86,"column":4}},"42":{"start":{"line":75,"column":37},"end":{"line":86,"column":4}},"43":{"start":{"line":77,"column":4},"end":{"line":77,"column":31}},"44":{"start":{"line":78,"column":4},"end":{"line":85,"column":5}},"45":{"start":{"line":79,"column":19},"end":{"line":79,"column":47}},"46":{"start":{"line":80,"column":6},"end":{"line":80,"column":42}},"47":{"start":{"line":80,"column":16},"end":{"line":80,"column":42}},"48":{"start":{"line":82,"column":6},"end":{"line":82,"column":59}},"49":{"start":{"line":84,"column":6},"end":{"line":84,"column":34}},"50":{"start":{"line":88,"column":27},"end":{"line":101,"column":null}},"51":{"start":{"line":88,"column":38},"end":{"line":101,"column":null}},"52":{"start":{"line":89,"column":4},"end":{"line":100,"column":5}},"53":{"start":{"line":90,"column":23},"end":{"line":90,"column":56}},"54":{"start":{"line":91,"column":6},"end":{"line":97,"column":7}},"55":{"start":{"line":92,"column":8},"end":{"line":95,"column":9}},"56":{"start":{"line":93,"column":10},"end":{"line":93,"column":44}},"57":{"start":{"line":94,"column":10},"end":{"line":94,"column":16}},"58":{"start":{"line":96,"column":8},"end":{"line":96,"column":null}},"59":{"start":{"line":99,"column":6},"end":{"line":99,"column":73}},"60":{"start":{"line":103,"column":33},"end":{"line":112,"column":null}},"61":{"start":{"line":104,"column":4},"end":{"line":111,"column":null}},"62":{"start":{"line":115,"column":35},"end":{"line":160,"column":null}},"63":{"start":{"line":116,"column":4},"end":{"line":159,"column":null}},"64":{"start":{"line":127,"column":10},"end":{"line":128,"column":null}},"65":{"start":{"line":163,"column":26},"end":{"line":169,"column":4}},"66":{"start":{"line":171,"column":2},"end":{"line":229,"column":4}},"67":{"start":{"line":232,"column":0},"end":{"line":232,"column":21}}},"fnMap":{"0":{"name":"(anonymous_8)","decl":{"start":{"line":19,"column":14},"end":{"line":19,"column":17}},"loc":{"start":{"line":19,"column":19},"end":{"line":230,"column":1}}},"1":{"name":"(anonymous_9)","decl":{"start":{"line":20,"column":30},"end":{"line":20,"column":31}},"loc":{"start":{"line":20,"column":46},"end":{"line":20,"column":65}}},"2":{"name":"(anonymous_10)","decl":{"start":{"line":25,"column":12},"end":{"line":25,"column":15}},"loc":{"start":{"line":25,"column":17},"end":{"line":52,"column":3}}},"3":{"name":"(anonymous_11)","decl":{"start":{"line":49,"column":11},"end":{"line":49,"column":14}},"loc":{"start":{"line":49,"column":16},"end":{"line":51,"column":5}}},"4":{"name":"(anonymous_12)","decl":{"start":{"line":54,"column":34},"end":{"line":54,"column":37}},"loc":{"start":{"line":54,"column":39},"end":{"line":73,"column":3}}},"5":{"name":"(anonymous_13)","decl":{"start":{"line":60,"column":30},"end":{"line":60,"column":31}},"loc":{"start":{"line":60,"column":52},"end":{"line":66,"column":9}}},"6":{"name":"(anonymous_14)","decl":{"start":{"line":75,"column":26},"end":{"line":75,"column":35}},"loc":{"start":{"line":75,"column":37},"end":{"line":86,"column":4}}},"7":{"name":"(anonymous_15)","decl":{"start":{"line":75,"column":37},"end":{"line":75,"column":null}},"loc":{"start":{"line":75,"column":37},"end":{"line":86,"column":3}}},"8":{"name":"(anonymous_16)","decl":{"start":{"line":88,"column":27},"end":{"line":88,"column":36}},"loc":{"start":{"line":88,"column":38},"end":{"line":101,"column":null}}},"9":{"name":"(anonymous_17)","decl":{"start":{"line":88,"column":38},"end":{"line":88,"column":null}},"loc":{"start":{"line":88,"column":38},"end":{"line":101,"column":3}}},"10":{"name":"(anonymous_18)","decl":{"start":{"line":103,"column":33},"end":{"line":103,"column":36}},"loc":{"start":{"line":104,"column":4},"end":{"line":111,"column":null}}},"11":{"name":"(anonymous_19)","decl":{"start":{"line":115,"column":35},"end":{"line":115,"column":38}},"loc":{"start":{"line":116,"column":4},"end":{"line":159,"column":null}}},"12":{"name":"(anonymous_20)","decl":{"start":{"line":126,"column":28},"end":{"line":126,"column":29}},"loc":{"start":{"line":127,"column":10},"end":{"line":128,"column":null}}}},"branchMap":{"0":{"loc":{"start":{"line":29,"column":4},"end":{"line":31,"column":5}},"type":"if","locations":[{"start":{"line":29,"column":4},"end":{"line":31,"column":5}}]},"1":{"loc":{"start":{"line":57,"column":6},"end":{"line":69,"column":7}},"type":"if","locations":[{"start":{"line":57,"column":6},"end":{"line":69,"column":7}}]},"2":{"loc":{"start":{"line":64,"column":23},"end":{"line":64,"column":59}},"type":"binary-expr","locations":[{"start":{"line":64,"column":23},"end":{"line":64,"column":45}},{"start":{"line":64,"column":49},"end":{"line":64,"column":59}}]},"3":{"loc":{"start":{"line":71,"column":18},"end":{"line":71,"column":63}},"type":"binary-expr","locations":[{"start":{"line":71,"column":18},"end":{"line":71,"column":30}},{"start":{"line":71,"column":34},"end":{"line":71,"column":63}}]},"4":{"loc":{"start":{"line":71,"column":18},"end":{"line":71,"column":30}},"type":"cond-expr","locations":[{"start":{"line":71,"column":21},"end":{"line":71,"column":23}},{"start":{"line":71,"column":18},"end":{"line":71,"column":30}}]},"5":{"loc":{"start":{"line":71,"column":18},"end":{"line":71,"column":23}},"type":"binary-expr","locations":[{"start":{"line":71,"column":18},"end":{"line":71,"column":23}},{"start":{"line":71,"column":18},"end":{"line":71,"column":23}}]},"6":{"loc":{"start":{"line":80,"column":6},"end":{"line":80,"column":42}},"type":"if","locations":[{"start":{"line":80,"column":6},"end":{"line":80,"column":42}}]},"7":{"loc":{"start":{"line":82,"column":18},"end":{"line":82,"column":57}},"type":"binary-expr","locations":[{"start":{"line":82,"column":18},"end":{"line":82,"column":30}},{"start":{"line":82,"column":34},"end":{"line":82,"column":57}}]},"8":{"loc":{"start":{"line":82,"column":18},"end":{"line":82,"column":30}},"type":"cond-expr","locations":[{"start":{"line":82,"column":21},"end":{"line":82,"column":23}},{"start":{"line":82,"column":18},"end":{"line":82,"column":30}}]},"9":{"loc":{"start":{"line":82,"column":18},"end":{"line":82,"column":23}},"type":"binary-expr","locations":[{"start":{"line":82,"column":18},"end":{"line":82,"column":23}},{"start":{"line":82,"column":18},"end":{"line":82,"column":23}}]},"10":{"loc":{"start":{"line":91,"column":6},"end":{"line":97,"column":7}},"type":"if","locations":[{"start":{"line":91,"column":6},"end":{"line":97,"column":7}}]},"11":{"loc":{"start":{"line":92,"column":8},"end":{"line":95,"column":9}},"type":"if","locations":[{"start":{"line":92,"column":8},"end":{"line":95,"column":9}}]},"12":{"loc":{"start":{"line":92,"column":12},"end":{"line":92,"column":28}},"type":"cond-expr","locations":[{"start":{"line":92,"column":20},"end":{"line":92,"column":22}},{"start":{"line":92,"column":12},"end":{"line":92,"column":28}}]},"13":{"loc":{"start":{"line":92,"column":12},"end":{"line":92,"column":22}},"type":"binary-expr","locations":[{"start":{"line":92,"column":12},"end":{"line":92,"column":22}},{"start":{"line":92,"column":12},"end":{"line":92,
[...]
},"end":{"line":35,"column":83}},"22":{"start":{"line":36,"column":8},"end":{"line":36,"column":null}},"23":{"start":{"line":38,"column":8},"end":{"line":38,"column":null}},"24":{"start":{"line":33,"column":13},"end":{"line":33,"column":27}},"25":{"start":{"line":42,"column":26},"end":{"line":54,"column":null}},"26":{"start":{"line":42,"column":37},"end":{"line":54,"column":null}},"27":{"start":{"line":43,"column":18},"end":{"line":43,"column":47}},"28":{"start":{"line":44,"column":4},"end":{"line":44,"column":22}},"29":{"start":{"line":44,"column":16},"end":{"line":44,"column":22}},"30":{"start":{"line":46,"column":4},"end":{"line":53,"column":5}},"31":{"start":{"line":47,"column":25},"end":{"line":49,"column":10}},"32":{"start":{"line":50,"column":8},"end":{"line":50,"column":null}},"33":{"start":{"line":52,"column":8},"end":{"line":52,"column":null}},"34":{"start":{"line":42,"column":13},"end":{"line":42,"column":26}},"35":{"start":{"line":57,"column":35},"end":{"line":78,"column":null}},"36":{"start":{"line":57,"column":108},"end":{"line":78,"column":null}},"37":{"start":{"line":58,"column":30},"end":{"line":58,"column":59}},"38":{"start":{"line":59,"column":4},"end":{"line":59,"column":34}},"39":{"start":{"line":59,"column":28},"end":{"line":59,"column":34}},"40":{"start":{"line":60,"column":4},"end":{"line":77,"column":5}},"41":{"start":{"line":61,"column":25},"end":{"line":73,"column":null}},"42":{"start":{"line":76,"column":8},"end":{"line":76,"column":null}},"43":{"start":{"line":57,"column":13},"end":{"line":57,"column":35}},"44":{"start":{"line":80,"column":33},"end":{"line":97,"column":null}},"45":{"start":{"line":80,"column":70},"end":{"line":97,"column":null}},"46":{"start":{"line":81,"column":18},"end":{"line":81,"column":47}},"47":{"start":{"line":82,"column":4},"end":{"line":82,"column":22}},"48":{"start":{"line":82,"column":16},"end":{"line":82,"column":22}},"49":{"start":{"line":83,"column":4},"end":{"line":96,"column":5}},"50":{"start":{"line":84,"column":25},"end":{"line":91,"column":null}},"51":{"start":{"line":93,"column":8},"end":{"line":93,"column":null}},"52":{"start":{"line":95,"column":8},"end":{"line":95,"column":null}},"53":{"start":{"line":80,"column":13},"end":{"line":80,"column":33}},"54":{"start":{"line":99,"column":41},"end":{"line":118,"column":null}},"55":{"start":{"line":99,"column":66},"end":{"line":118,"column":null}},"56":{"start":{"line":100,"column":18},"end":{"line":100,"column":47}},"57":{"start":{"line":101,"column":4},"end":{"line":101,"column":22}},"58":{"start":{"line":101,"column":16},"end":{"line":101,"column":22}},"59":{"start":{"line":102,"column":4},"end":{"line":117,"column":5}},"60":{"start":{"line":103,"column":25},"end":{"line":112,"column":null}},"61":{"start":{"line":114,"column":8},"end":{"line":114,"column":null}},"62":{"start":{"line":116,"column":8},"end":{"line":116,"column":null}},"63":{"start":{"line":99,"column":13},"end":{"line":99,"column":41}},"64":{"start":{"line":121,"column":35},"end":{"line":131,"column":null}},"65":{"start":{"line":121,"column":84},"end":{"line":131,"column":null}},"66":{"start":{"line":122,"column":4},"end":{"line":130,"column":5}},"67":{"start":{"line":123,"column":25},"end":{"line":125,"column":null}},"68":{"start":{"line":127,"column":8},"end":{"line":127,"column":null}},"69":{"start":{"line":129,"column":8},"end":{"line":129,"column":null}},"70":{"start":{"line":121,"column":13},"end":{"line":121,"column":35}}},"fnMap":{"0":{"name":"(anonymous_8)","decl":{"start":{"line":8,"column":24},"end":{"line":8,"column":31}},"loc":{"start":{"line":8,"column":76},"end":{"line":31,"column":null}}},"1":{"name":"(anonymous_9)","decl":{"start":{"line":8,"column":76},"end":{"line":8,"column":null}},"loc":{"start":{"line":8,"column":76},"end":{"line":31,"column":1}}},"2":{"name":"(anonymous_10)","decl":{"start":{"line":33,"column":27},"end":{"line":33,"column":34}},"loc":{"start":{"line":33,"column":141},"end":{"line":40,"column":null}}},"3":{"name":"(anonymous_11)","decl":{"start":{"line":33,"column":141},"end":{"line":33,"column":null}},"loc":{"start":{"line":33,"column":141},"end":{"line":40,"column":1}}},"4":{"name":"(anonymous_12)","decl":{"start":{"line":42,"column":26},"end":{"line":42,"column":35}},"loc":{"start":{"line":42,"column":37},"end":{"line":54,"column":null}}},"5":{"name":"(anonymous_13)","decl":{"start":{"line":42,"column":37},"end":{"line":42,"column":null}},"loc":{"start":{"line":42,"column":37},"end":{"line":54,"column":1}}},"6":{"name":"(anonymous_14)","decl":{"start":{"line":57,"column":35},"end":{"line":57,"column":42}},"loc":{"start":{"line":57,"column":108},"end":{"line":78,"column":null}}},"7":{"name":"(anonymous_15)","decl":{"start":{"line":57,"column":108},"end":{"line":57,"column":null}},"loc":{"start":{"line":57,"column":108},"end":{"line":78,"column":1}}},"8":{"name":"(anonymous_16)","decl":{"start":{"line":80,"column":33},"end":{"line":80,"column":40}},"loc":{"start":{"line":80,"column":70},"end":{"line":97,"column":null}}},"9":{"name":"(anonymous_17)","decl":{"start":{"line":80,"column":70},"end":{"line":80,"column":null}},"loc":{"start":{"line":80,"column":70},"end":{"line":97,"column":1}}},"10":{"name":"(anonymous_18)","decl":{"start":{"line":99,"column":41},"end":{"line":99,"column":64}},"loc":{"start":{"line":99,"column":66},"end":{"line":118,"column":null}}},"11":{"name":"(anonymous_19)","decl":{"start":{"line":99,"column":66},"end":{"line":99,"column":null}},"loc":{"start":{"line":99,"column":66},"end":{"line":118,"column":1}}},"12":{"name":"(anonymous_20)","decl":{"start":{"line":121,"column":35},"end":{"line":121,"column":42}},"loc":{"start":{"line":121,"column":84},"end":{"line":131,"column":null}}},"13":{"name":"(anonymous_21)","decl":{"start":{"line":121,"column":84},"end":{"line":121,"column":null}},"loc":{"start":{"line":121,"column":84},"end":{"line":131,"column":1}}}},"branchMap":{"0":{"loc":{"start":{"line":18,"column":8},"end":{"line":28,"column":9}},"type":"if","locations":[{"start":{"line":18,"column":8},"end":{"line":28,"column":9}},{"start":{"line":21,"column":13},"end":{"line":28,"column":9}}]},"1":{"loc":{"start":{"line":18,"column":12},"end":{"line":18,"column":23}},"type":"cond-expr","locations":[{"start":{"line":18,"column":15},"end":{"line":18,"column":17}},{"start":{"line":18,"column":12},"end":{"line":18,"column":23}}]},"2":{"loc":{"start":{"line":18,"column":12},"end":{"line":18,"column":17}},"type":"binary-expr","locations":[{"start":{"line":18,"column":12},"end":{"line":18,"column":17}},{"start":{"line":18,"column":12},"end":{"line":18,"column":17}}]},"3":{"loc":{"start":{"line":19,"column":24},"end":{"line":19,"column":88}},"type":"cond-expr","locations":[{"start":{"line":19,"column":50},"end":{"line":19,"column":54}},{"start":{"line":19,"column":54},"end":{"line":19,"column":88}}]},"4":{"loc":{"start":{"line":19,"column":24},"end":{"line":19,"column":54}},"type":"binary-expr","locations":[{"start":{"line":19,"column":24},"end":{"line":19,"column":54}},{"start":{"line":19,"column":50},"end":{"line":19,"column":54}}]},"5":{"loc":{"start":{"line":19,"column":24},"end":{"line":19,"column":50}},"type":"cond-expr","locations":[{"start":{"line":19,"column":43},"end":{"line":19,"column":45}},{"start":{"line":19,"column":43},"end":{"line":19,"column":50}}]},"6":{"loc":{"start":{"line":19,"column":24},"end":{"line":19,"column":45}},"type":"binary-expr","locations":[{"start":{"line":19,"column":24},"end":{"line":19,"column":45}},{"start":{"line":19,"column":43},"end":{"line":19,"column":45}}]},"7":{"loc":{"start":{"line":19,"column":24},"end":{"line":19,"column":43}},"type":"cond-expr","locations":[{"start":{"line":19,"column":37},"end":{"line":19,"column":39}},{"start":{"line":19,"column":37},"end":{"line":19,"column":43}}]},"8":{"loc":{"start":{"line":19,"column":24},"end":{"line":19,"column":39}},"type":"binary-expr","locations":[{"start":{"line":19,"column":24},"end":{"line":19,"column":39}},{"start":{"line":19,"column":37},"end":{"line":19,"column":39}}]},"9":{"loc":{"start":{"line":19,"column":24},"end":{"line":19,"column":37}},"type":"cond-expr","locations":[{"start":{"line":19,"column":27},"end":{"line":19,"column":29}},{"start":{"line":19,"column":24},"end":{"line":19,"column":37}}]},"10":{"loc":{"start":{"line":19,"column":24},"end":{"line":19,"column":29}},"type":"binary-expr","locations":[{"start":{"line":19,"column":24},"end":{"line":19,"column":29}},{"start":{"line":19,"column":24},"end":{"line":19,"column":29}}]},"11":{"loc":{"start":{"line":21,"column":13},"end":{"line":28,"column":9}},"type":"if","locations":[{"start":{"line":21,"column":13},"end":{"line":28,"column":9}},{"start":{"line":24,"column":13},"end":{"line":28,"column":9}}]},"12":{"loc":{"start":{"line":21,"column":17},"end":{"line":21,"column":28}},"type":"cond-expr","locations":[{"start":{"line":21,"column":20},"end":{"line":21,"column":22}},{"start":{"line":21,"column":17},"end":{"line":21,"column":28}}]},"13":{"loc":{"start":{"line":21,"column":17},"end":{"line":21,"column":22}},"type":"binary-expr","locations":[{"start":{"line":21,"column":17},"end":{"line":21,"column":22}},{"start":{"line":21,"column":17},"end":{"line":21,"column":22}}]},"14":{"loc":{"start":{"line":22,"column":24},"end":{"line":22,"column":88}},"type":"cond-expr","locations":[{"start":{"line":22,"column":50},"end":{"line":22,"column":54}},{"start":{"line":22,"column":54},"end":{"line":22,"column":88}}]},"15":{"loc":{"start":{"line":22,"column":24},"end":{"line":22,"column":54}},"type":"binary-expr","locations":[{"start":{"line":22,"column":24},"end":{"line":22,"column":54}},{"start":{"line":22,"column":50},"end":{"line":22,"column":54}}]},"16":{"loc":{"start":{"line":22,"column":24},"end":{"line":22,"column":50}},"type":"cond-expr","locations":[{"start":{"line":22,"column":43},"end":{"line":22,"column":45}},{"start":{"line":22,"column":43},"end":{"line":22,"column":50}}]},"17":{"loc":{"start":{"line":22,"column":24},"end":{"line":22,"column":45}},"type":"binary-expr","locations":[{"start":{"line":22,"column":24},"end":{"line":22,"column":45}},{"start":{"line":22,"column":43},"end":{"line":22,"column":45}}]},"18":{"loc":{"start":{"line":22,"column":24},"end":{"line":22,"column":43}},"type":"cond-expr","locations":[{"start":{"line":22,"column":37},"end":{"line":22,"column":39}},{"start":{"line":22,"column":37},"end":{"line":22,"column":43}}]},"19":{"loc":{"start":{"line":22,"column":24},"end":{"line":22,"column":39}},"type":"binary-expr","locations":[{"start":{"line":22,"column":24},"end":{"line":22,"column":39}},{"start":{"line":22,"column":37},"end":{"line":22,"column":39}}]},"20":{"loc":{"start":{"line":22,"column":24},"end":{"line":22,"column":37}},"type":"cond-expr","locations":[{"start":{"line":22,"column":27},"end":{"line":22,"column":29}},{"start":{"line":22,"column":24},"end":{"line":22,"column":37}}]},"21":{"loc":{"start":{"line":22,"column":24},"end":{"line":22,"column":29}},"type":"binary-expr","locations":[{"start":{"line":22,"column":24},"end":{"line":22,"column":29}},{"start":{"line":22,"column":24},"end":{"line":22,"column":29}}]},"22":{"loc":{"start":{"line":24,"column":13},"end":{"line":28,"column":9}},"type":"if","locations":[{"start":{"line":24,"column":13},"end":{"line":28,"column":9}},{"start":{"line":26,"column":15},"end":{"line":28,"column":9}}]},"23":{"loc":{"start":{"line":24,"column":17},"end":{"line":24,"column":28}},"type":"cond-expr","locations":[{"start":{"line":24,"column":20},"end":{"line":24,"column":22}},{"start":{"line":24,"column":17},"end":{"line":24,"column":28}}]},"24":{"loc":{"start":{"line":24,"column":17},"end":{"line":24,"column":22}},"type":"binary-expr","locations":[{"start":{"line":24,"column":17},"end":{"line":24,"column":22}},{"start":{"line":24,"column":17},"end":{"line":24,"column":22}}]},"25":{"loc":{"start":{"line":25,"column":24},"end":{"line":25,"column":88}},"type":"cond-expr","locations":[{"start":{"line":25,"column":50},"end":{"line":25,"column":54}},{"start":{"line":25,"column":54},"end":{"line":25,"column":88}}]},"26":{"loc":{"start":{"line":25,"column":24},"end":{"line":25,"column":54}},"type":"binary-expr","locations":[{"start":{"line":25,"column":24},"end":{"line":25,"column":54}},{"start":{"line":25,"column":50},"end":{"line":25,"column":54}}]},"27":{"loc":{"start":{"line":25,"column":24},"end":{"line":25,"column":50}},"type":"cond-expr","locations":[{"start":{"line":25,"column":43},"end":{"line":25,"column":45}},{"start":{"line":25,"column":43},"end":{"line":25,"column":50}}]},"28":{"loc":{"start":{"line":25,"column":24},"end":{"line":25,"column":45}},"type":"binary-expr","locations":[{"start":{"line":25,"column":24},"end":{"line":25,"column":45}},{"start":{"line":25,"column":43},"end":{"line":25,"column":45}}]},"29":{"loc":{"start":{"line":25,"column":24},"end":{"line":25,"column":43}},"type":"cond-expr","locations":[{"start":{"line":25,"column":37},"end":{"line":25,"column":39}},{"start":{"line":25,"column":37},"end":{"line":25,"column":43}}]},"30":{"loc":{"start":{"line":25,"column":24},"end":{"line":25,"column":39}},"type":"binary-expr","locations":[{"start":{"line":25,"column":24},"end":{"line":25,"column":39}},{"start":{"line":25,"column":37},"end":{"line":25,"column":39}}]},"31":{"loc":{"start":{"line":25,"column":24},"end":{"line":25,"column":37}},"type":"cond-expr","locations":[{"start":{"line":25,"column":27},"end":{"line":25,"column":29}},{"start":{"line":25,"column":24},"end":{"line":25,"column":37}}]},"32":{"loc":{"start":{"line":25,"column":24},"end":{"line":25,"column":29}},"type":"binary-expr","locations":[{"start":{"line":25,"column":24},"end":{"line":25,"column":29}},{"start":{"line":25,"column":24},"end":{"line":25,"column":29}}]},"33":{"loc":{"start":{"line":27,"column":24},"end":{"line":27,"column":74}},"type":"cond-expr","locations":[{"start":{"line":27,"column":36},"end":{"line":27,"column":40}},{"start":{"line":27,"column":40},"end":{"line":27,"column":74}}]},"34":{"loc":{"start":{"line":27,"column":24},"end":{"line":27,"column":40}},"type":"binary-expr","locations":[{"start":{"line":27,"column":24},"end":{"line":27,"column":40}},{"start":{"line":27,"column":36},"end":{"line":27,"column":40}}]},"35":{"loc":{"start":{"line":27,"column":24},"end":{"line":27,"column":36}},"type":"cond-expr","locations":[{"start":{"line":27,"column":27},"end":{"line":27,"column":29}},{"start":{"line":27,"column":24},"end":{"line":27,"column":36}}]},"36":{"loc":{"start":{"line":27,"column":24},"end":{"line":27,"column":29}},"type":"binary-expr","locations":[{"start":{"line":27,"column":24},"end":{"line":27,"column":29}},{"start":{"line":27,"column":24},"end":{"line":27,"column":29}}]},"37":{"loc":{"start":{"line":44,"column":4},"end":{"line":44,"column":22}},"type":"if","locations":[{"start":{"line":44,"column":4},"end":{"line":44,"column":22}}]},"38":{"loc":{"start":{"line":52,"column":20},"end":{"line":52,"column":70}},"type":"cond-expr","locations":[{"start":{"line":52,"column":32},"end":{"line":52,"column":36}},{"start":{"line":52,"column":36},"end":{"line":52,"column":70}}]},"39":{"loc":{"start":{"line":52,"column":20},"end":{"line":52,"column":36}},"type":"binary-expr","locations":[{"start":{"line":52,"column":20},"end":{"line":52,"column":36}},{"start":{"line":52,"column":32},"end":{"line":52,"column":36}}]},"40":{"loc":{"start":{"line":52,"column":20},"end":{"line":52,"column":32}},"type":"cond-expr","locations":[{"start":{"line":52,"column":23},"end":{"line":52,"column":25}},{"start":{"line":52,"column":20},"end":{"line":52,"column":32}}]},"41":{"loc":{"start":{"line":52,"column":20},"end":{"line":52,"column":25}},"type":"binary-expr","locations":[{"start":{"line":52,"column":20},"end":{"line":52,"column":25}},{"start":{"line":52,"column":20},"end":{"line":52,"column":25}}]},"42":{"loc":{"start":{"line":59,"column":4},"end":{"line":59,"column":34}},"type":"if","locations":[{"start":{"line":59,"column":4},"end":{"line":59,"column":34}}]},"43":{"loc":{"start":{"line":82,"column":4},"end":{"line":82,"column":22}},"type":"if","locations":[{"start":{"line":82,"column":4},"end":{"line":82,"column":22}}]},"44":{"loc":{"start":{"line":101,"column":4},"end":{"line":101,"column":22}},"type":"if","locations":[{"start":{"line":101,"column":4},"end":{"line":101,"column":22}}]},"45":{"loc":{"start":{"line":114,"column":15},"end":{"line":114,"column":44}},"type":"cond-expr","locations":[{"start":{"line":114,"column":29},"end":{"line":114,"column":31}},{"start":{"line":114,"column":29},"end":{"line":114,"column":44}}]},"46":{"loc":{"start":{"line":114,"column":15},"end":{"line":114,"column":31}},"type":"binary-expr","locations":[{"start":{"line":114,"column":15},"end":{"line":114,"column":31}},{"start":{"line":114,"column":29},"end":{"line":114,"column":31}}]},"47":{"loc":{"start":{"line":114,"column":15},"end":{"line":114,"column":29}},"type":"cond-expr","locations":[{"start":{"line":114,"column":23},"end":{"line":114,"column":25}},{"start":{"line":114,"column":15},"end":{"line":114,"column":29}}]},"48":{"loc":{"start":{"line":114,"column":15},"end":{"line":114,"column":25}},"type":"binary-expr","locations":[{"start":{"line":114,"column":15},"end":{"line":114,"column":25}},{"start":{"line":114,"column":15},"end":{"line":114,"column":25}}]}},"s":{"0":1,"1":1,"2":1,"3":1,"4":1,"5":0,"6":0,"7":0,"8":0,"9":0,"10":0,"11":0,"12":0,"13":0,"14":0,"15":0,"16":0,"17":1,"18":1,"19":0,"20":0,"21":0,"22":0,"23":0,"24":1,"25":1,"26":0,"27":0,"28":0,"29":0,"30":0,"31":0,"32":0,"33":0,"34":1,"35":1,"36":0,"37":0,"38":0,"39":0,"40":0,"41":0,"42":0,"43":1,"44":1,"45":0,"46":0,"47":0,"48":0,"49":0,"50":0,"51":0,"52":0,"53":1,"54":1,"55":2,"56":2,"57":2,"58":2,"59":0,"60":0,"61":0,"62":0,"63":1,"64":1,"65":0,"66":0,"67":0,"68":0,"69":0,"70":1},"f":{"0":0,"1":0,"2":0,"3":0,"4":0,"5":0,"6":0,"7":0,"8":0,"9":0,"10":2,"11":2,"12":0,"13":0},"b":{"0":[0,0],"1":[0,0],"2":[0,0],"3":[0,0],"4":[0,0],"5":[0,0],"6":[0,0],"7":[0,0],"8":[0,0],"9":[0,0],"10":[0,0],"11":[0,0],"12":[0,0],"13":[0,0],"14":[0,0],"15":[0,0],"16":[0,0],"17":[0,0],"18":[0,0],"19":[0,0],"20":[0,0],"21":[0,0],"22":[0,0],"23":[0,0],"24":[0,0],"25":[0,0],"26":[0,0],"27":[0,0],"28":[0,0],"29":[0,0],"30":[0,0],"31":[0,0],"32":[0,0],"33":[0,0],"34":[0,0],"35":[0,0],"36":[0,0],"37":[0],"38":[0,0],"39":[0,0],"40":[0,0],"41":[0,0],"42":[0],"43":[0],"44":[2],"45":[0,0],"46":[0,0],"47":[0,0],"48":[0,0]}}
,"C:\\Users\\rakshit.chauhan\\Desktop\\projects\\movie_explorer_reactjs_rakshit\\src\\services\\apiConnector.ts": {"path":"C:\\Users\\rakshit.chauhan\\Desktop\\projects\\movie_explorer_reactjs_rakshit\\src\\services\\apiConnector.ts","statementMap":{"0":{"start":{"line":1,"column":0},"end":{"line":1,"column":52}},"1":{"start":{"line":3,"column":22},"end":{"line":3,"column":38}},"2":{"start":{"line":5,"column":28},"end":{"line":16,"column":1}},"3":{"start":{"line":6,"column":4},"end":{"line":15,"column":null}},"4":{"start":{"line":5,"column":13},"end":{"line":5,"column":28}}},"fnMap":{"0":{"name":"(anonymous_1)","decl":{"start":{"line":5,"column":28},"end":{"line":5,"column":29}},"loc":{"start":{"line":5,"column":152},"end":{"line":16,"column":1}}}},"branchMap":{"0":{"loc":{"start":{"line":9,"column":14},"end":{"line":9,"column":32}},"type":"cond-expr","locations":[{"start":{"line":9,"column":21},"end":{"line":9,"column":25}},{"start":{"line":9,"column":28},"end":{"line":9,"column":32}}]},"1":{"loc":{"start":{"line":11,"column":28},"end":{"line":11,"column":81}},"type":"cond-expr","locations":[{"start":{"line":11,"column":39},"end":{"line":11,"column":60}},{"start":{"line":11,"column":63},"end":{"line":11,"column":81}}]},"2":{"loc":{"start":{"line":14,"column":16},"end":{"line":14,"column":43}},"type":"cond-expr","locations":[{"start":{"line":14,"column":24},"end":{"line":14,"column":37}},{"start":{"line":14,"column":39},"end":{"line":14,"column":43}}]}},"s":{"0":1,"1":1,"2":1,"3":0,"4":1},"f":{"0":0},"b":{"0":[0,0],"1":[0,0],"2":[0,0]}}
}
