TN:
SF:src\components\common\AuthTemplate.tsx
FN:47,(anonymous_8)
FN:72,(anonymous_9)
FN:75,(anonymous_10)
FN:87,(anonymous_11)
FN:151,(anonymous_12)
FN:151,(anonymous_13)
FN:160,(anonymous_14)
FN:225,(anonymous_15)
FN:230,(anonymous_16)
FN:426,(anonymous_17)
FN:437,(anonymous_18)
FN:687,(anonymous_19)
FN:697,(anonymous_20)
FN:754,(anonymous_21)
FN:764,(anonymous_22)
FNF:15
FNH:11
FNDA:10,(anonymous_8)
FNDA:12,(anonymous_9)
FNDA:12,(anonymous_10)
FNDA:5,(anonymous_11)
FNDA:5,(anonymous_12)
FNDA:5,(anonymous_13)
FNDA:3,(anonymous_14)
FNDA:3,(anonymous_15)
FNDA:32,(anonymous_16)
FNDA:1,(anonymous_17)
FNDA:1,(anonymous_18)
FNDA:0,(anonymous_19)
FNDA:0,(anonymous_20)
FNDA:0,(anonymous_21)
FNDA:0,(anonymous_22)
DA:1,1
DA:2,1
DA:3,1
DA:4,1
DA:5,1
DA:6,1
DA:7,1
DA:8,1
DA:10,1
DA:11,1
DA:12,1
DA:13,1
DA:14,1
DA:15,1
DA:48,10
DA:49,10
DA:72,10
DA:73,12
DA:75,12
DA:87,10
DA:88,5
DA:89,5
DA:98,5
DA:99,2
DA:100,1
DA:101,1
DA:103,2
DA:104,1
DA:105,1
DA:107,2
DA:108,1
DA:109,1
DA:111,2
DA:112,1
DA:113,1
DA:115,2
DA:116,0
DA:117,0
DA:119,2
DA:120,1
DA:121,1
DA:123,2
DA:124,1
DA:125,1
DA:126,1
DA:127,0
DA:128,0
DA:132,5
DA:133,2
DA:134,2
DA:138,5
DA:139,2
DA:140,2
DA:144,5
DA:148,5
DA:151,10
DA:152,5
DA:153,5
DA:154,5
DA:156,5
DA:157,2
DA:160,3
DA:169,3
DA:171,3
DA:172,2
DA:173,2
DA:175,1
DA:176,1
DA:177,0
DA:178,0
DA:179,0
DA:180,0
DA:181,0
DA:182,0
DA:183,0
DA:188,0
DA:191,2
DA:193,1
DA:194,1
DA:195,1
DA:203,1
DA:204,1
DA:205,1
DA:208,0
DA:213,3
DA:225,3
DA:232,32
DA:233,32
DA:235,32
DA:426,1
DA:437,1
DA:687,0
DA:697,0
DA:754,0
DA:764,0
DA:858,1
LF:96
LH:79
BRDA:98,0,0,2
BRDA:99,1,0,1
BRDA:103,2,0,1
BRDA:107,3,0,1
BRDA:111,4,0,1
BRDA:115,5,0,0
BRDA:119,6,0,1
BRDA:123,7,0,1
BRDA:123,7,1,1
BRDA:126,8,0,0
BRDA:132,9,0,2
BRDA:138,10,0,2
BRDA:156,11,0,2
BRDA:171,12,0,2
BRDA:171,12,1,1
BRDA:175,13,0,1
BRDA:175,14,0,0
BRDA:175,14,1,1
BRDA:175,15,0,1
BRDA:175,15,1,1
BRDA:176,16,0,0
BRDA:176,16,1,1
BRDA:176,17,0,1
BRDA:176,17,1,1
BRDA:176,18,0,0
BRDA:176,18,1,1
BRDA:176,19,0,1
BRDA:176,19,1,1
BRDA:177,20,0,0
BRDA:177,20,1,0
BRDA:177,21,0,0
BRDA:177,21,1,0
BRDA:177,22,0,0
BRDA:177,22,1,0
BRDA:177,23,0,0
BRDA:177,23,1,0
BRDA:178,24,0,0
BRDA:178,24,1,0
BRDA:178,25,0,0
BRDA:178,25,1,0
BRDA:178,26,0,0
BRDA:178,26,1,0
BRDA:178,27,0,0
BRDA:178,27,1,0
BRDA:178,28,0,0
BRDA:178,28,1,0
BRDA:178,29,0,0
BRDA:178,29,1,0
BRDA:179,30,0,0
BRDA:179,30,1,0
BRDA:179,31,0,0
BRDA:179,31,1,0
BRDA:179,32,0,0
BRDA:179,32,1,0
BRDA:179,33,0,0
BRDA:179,33,1,0
BRDA:182,34,0,0
BRDA:191,35,0,2
BRDA:191,35,1,0
BRDA:191,36,0,2
BRDA:191,36,1,2
BRDA:191,37,0,0
BRDA:191,37,1,2
BRDA:191,38,0,2
BRDA:191,38,1,2
BRDA:193,39,0,1
BRDA:203,40,0,1
BRDA:203,41,0,0
BRDA:203,41,1,1
BRDA:203,42,0,1
BRDA:203,42,1,1
BRDA:208,43,0,0
BRDA:208,43,1,0
BRDA:208,44,0,0
BRDA:208,44,1,0
BRDA:208,45,0,0
BRDA:208,45,1,0
BRDA:302,46,0,20
BRDA:302,46,1,12
BRDA:302,47,0,12
BRDA:302,47,1,0
BRDA:309,48,0,32
BRDA:309,48,1,20
BRDA:360,49,0,20
BRDA:360,49,1,1
BRDA:369,50,0,1
BRDA:369,50,1,19
BRDA:417,51,0,1
BRDA:417,51,1,19
BRDA:445,52,0,20
BRDA:445,52,1,1
BRDA:454,53,0,32
BRDA:454,53,1,12
BRDA:497,54,0,12
BRDA:497,54,1,1
BRDA:540,55,0,12
BRDA:540,55,1,1
BRDA:586,56,0,12
BRDA:586,56,1,1
BRDA:631,57,0,12
BRDA:631,57,1,1
BRDA:646,58,0,0
BRDA:646,58,1,12
BRDA:679,59,0,0
BRDA:679,59,1,12
BRDA:701,60,0,12
BRDA:701,60,1,1
BRDA:713,61,0,0
BRDA:713,61,1,12
BRDA:746,62,0,0
BRDA:746,62,1,12
BRDA:768,63,0,12
BRDA:768,63,1,1
BRDA:778,64,0,29
BRDA:778,64,1,3
BRDA:791,65,0,18
BRDA:791,65,1,11
BRDA:791,66,0,11
BRDA:791,66,1,0
BRDA:819,67,0,32
BRDA:819,67,1,20
BRDA:831,68,0,20
BRDA:831,68,1,12
BRDA:838,69,0,12
BRDA:838,69,1,20
BRDA:847,70,0,20
BRDA:847,70,1,12
BRF:127
BRH:78
end_of_record
TN:
SF:src\components\common\Footer.tsx
FN:4,(anonymous_0)
FNF:1
FNH:1
FNDA:4,(anonymous_0)
DA:2,1
DA:4,1
DA:5,4
DA:63,1
LF:4
LH:4
BRF:0
BRH:0
end_of_record
TN:
SF:src\components\common\LoadingFallback.tsx
FN:4,(anonymous_0)
FNF:1
FNH:1
FNDA:2,(anonymous_0)
DA:2,1
DA:4,1
DA:5,2
DA:20,1
LF:4
LH:4
BRF:0
BRH:0
end_of_record
TN:
SF:src\components\common\Placeholder.tsx
FN:5,(anonymous_0)
FNF:1
FNH:1
FNDA:2,(anonymous_0)
DA:1,1
DA:2,1
DA:4,1
DA:6,2
DA:24,1
LF:5
LH:5
BRF:0
BRH:0
end_of_record
TN:
SF:src\components\common\Header\Header.tsx
FN:34,(anonymous_10)
FN:44,(anonymous_11)
FN:61,(anonymous_12)
FN:68,(anonymous_13)
FN:74,(anonymous_14)
FN:80,(anonymous_15)
FN:50,(anonymous_16)
FN:56,(anonymous_17)
FN:86,(anonymous_18)
FN:154,(anonymous_19)
FN:166,(anonymous_20)
FN:171,(anonymous_21)
FNF:12
FNH:7
FNDA:3,(anonymous_10)
FNDA:3,(anonymous_11)
FNDA:0,(anonymous_12)
FNDA:0,(anonymous_13)
FNDA:0,(anonymous_14)
FNDA:0,(anonymous_15)
FNDA:0,(anonymous_16)
FNDA:3,(anonymous_17)
FNDA:3,(anonymous_18)
FNDA:15,(anonymous_19)
FNDA:15,(anonymous_20)
FNDA:15,(anonymous_21)
DA:1,1
DA:2,1
DA:3,1
DA:4,1
DA:5,1
DA:6,1
DA:7,1
DA:8,1
DA:9,1
DA:10,1
DA:35,3
DA:36,3
DA:37,3
DA:44,3
DA:45,3
DA:46,3
DA:51,0
DA:52,0
DA:57,3
DA:58,3
DA:61,3
DA:62,0
DA:63,0
DA:68,3
DA:69,0
DA:70,0
DA:74,3
DA:75,0
DA:76,0
DA:80,3
DA:81,0
DA:82,0
DA:88,3
DA:131,3
DA:133,3
DA:155,15
DA:167,15
DA:172,15
DA:187,1
LF:39
LH:29
BRDA:69,0,0,0
BRDA:75,1,0,0
BRDA:75,2,0,0
BRDA:75,2,1,0
BRDA:81,3,0,0
BRDA:51,4,0,0
BRDA:126,5,0,3
BRDA:126,5,1,0
BRDA:127,6,0,3
BRDA:127,6,1,0
BRDA:163,7,0,0
BRDA:163,7,1,3
BRDA:174,8,0,0
BRDA:174,8,1,15
BRF:14
BRH:4
end_of_record
TN:
SF:src\components\common\Header\NavItem.tsx
FN:20,(anonymous_1)
FN:35,(anonymous_2)
FN:39,(anonymous_3)
FN:27,(anonymous_4)
FN:43,(anonymous_5)
FNF:5
FNH:2
FNDA:18,(anonymous_1)
FNDA:0,(anonymous_2)
FNDA:0,(anonymous_3)
FNDA:0,(anonymous_4)
FNDA:18,(anonymous_5)
DA:1,1
DA:2,1
DA:3,1
DA:21,18
DA:22,18
DA:28,0
DA:29,0
DA:35,18
DA:36,0
DA:39,18
DA:40,0
DA:44,18
DA:45,18
DA:47,18
DA:72,1
LF:15
LH:11
BRDA:28,0,0,0
BRDA:61,1,0,0
BRDA:61,1,1,18
BRF:3
BRH:1
end_of_record
TN:
SF:src\components\common\MoviesGrid\MoviesGrid.tsx
FN:15,MoviesGrid
FN:16,(anonymous_2)
FN:32,(anonymous_3)
FNF:3
FNH:3
FNDA:8,MoviesGrid
FNDA:1,(anonymous_2)
FNDA:12,(anonymous_3)
DA:2,1
DA:3,1
DA:16,8
DA:17,1
DA:18,1
DA:21,8
DA:23,8
DA:33,12
DA:84,1
LF:9
LH:9
BRDA:15,0,0,3
BRDA:15,1,0,3
BRDA:15,2,0,3
BRDA:15,3,0,6
BRDA:17,4,0,0
BRDA:17,5,0,1
BRDA:17,5,1,1
BRDA:21,6,0,8
BRDA:21,6,1,0
BRDA:27,7,0,1
BRDA:27,7,1,7
BRDA:31,8,0,6
BRDA:31,8,1,1
BRDA:33,9,0,12
BRDA:33,9,1,0
BRDA:44,10,0,8
BRDA:44,10,1,5
BRDA:44,10,2,4
BRDA:44,10,3,4
BRF:19
BRH:16
end_of_record
TN:
SF:src\components\genre\GenreToolbar.tsx
FN:41,(anonymous_0)
FN:57,(anonymous_1)
FN:59,(anonymous_2)
FNF:3
FNH:3
FNDA:5,(anonymous_0)
FNDA:50,(anonymous_1)
FNDA:1,(anonymous_2)
DA:1,1
DA:2,1
DA:4,1
DA:17,1
DA:40,1
DA:42,5
DA:43,5
DA:45,5
DA:58,50
DA:59,1
DA:86,1
LF:11
LH:11
BRDA:42,0,0,4
BRDA:46,1,0,1
BRDA:46,1,1,4
BRDA:46,2,0,5
BRDA:46,2,1,2
BRDA:47,3,0,5
BRDA:47,3,1,3
BRDA:55,4,0,2
BRDA:55,4,1,3
BRDA:64,5,0,5
BRDA:64,5,1,45
BRDA:64,6,0,1
BRDA:64,6,1,49
BRDA:64,7,0,50
BRDA:64,7,1,5
BRDA:67,8,0,50
BRDA:67,8,1,5
BRF:17
BRH:17
end_of_record
TN:
SF:src\components\hoc\WithReduxState.tsx
FN:7,(anonymous_0)
FN:8,(anonymous_1)
FN:9,(anonymous_2)
FN:10,(anonymous_3)
FN:11,(anonymous_4)
FN:12,(anonymous_5)
FNF:6
FNH:6
FNDA:2,(anonymous_0)
FNDA:3,(anonymous_1)
FNDA:6,(anonymous_2)
FNDA:6,(anonymous_3)
FNDA:6,(anonymous_4)
FNDA:6,(anonymous_5)
DA:3,2
DA:5,2
DA:7,2
DA:8,2
DA:9,6
DA:10,6
DA:11,6
DA:12,6
DA:14,3
DA:15,3
DA:18,2
DA:21,2
LF:12
LH:12
BRF:0
BRH:0
end_of_record
TN:
SF:src\components\hoc\WithRouter.tsx
FN:6,(anonymous_0)
FN:7,(anonymous_1)
FN:12,(anonymous_2)
FNF:3
FNH:3
FNDA:2,(anonymous_0)
FNDA:28,(anonymous_1)
FNDA:56,(anonymous_2)
DA:2,2
DA:3,2
DA:6,2
DA:7,2
DA:8,28
DA:9,28
DA:10,28
DA:11,28
DA:12,56
DA:13,28
DA:15,2
DA:18,2
LF:12
LH:12
BRF:0
BRH:0
end_of_record
TN:
SF:src\components\home\MainCarousel.tsx
FN:11,(anonymous_1)
FN:12,(anonymous_2)
FN:15,(anonymous_3)
FN:18,(anonymous_4)
FN:57,(anonymous_5)
FNF:5
FNH:5
FNDA:2,(anonymous_1)
FNDA:4,(anonymous_2)
FNDA:1,(anonymous_3)
FNDA:1,(anonymous_4)
FNDA:2,(anonymous_5)
DA:2,1
DA:3,1
DA:4,1
DA:5,1
DA:6,1
DA:7,1
DA:9,1
DA:11,1
DA:12,4
DA:14,2
DA:15,1
DA:18,2
DA:19,1
DA:20,1
DA:30,2
DA:42,2
DA:43,1
DA:50,1
DA:58,2
DA:98,1
LF:20
LH:20
BRDA:14,0,0,1
BRDA:14,0,1,1
BRDA:14,1,0,2
BRDA:14,1,1,2
BRDA:42,2,0,1
BRDA:58,3,0,2
BRDA:58,3,1,0
BRF:7
BRH:6
end_of_record
TN:
SF:src\components\home\MainCarouselMovieCard.tsx
FN:13,(anonymous_0)
FN:29,(anonymous_1)
FN:32,(anonymous_2)
FN:19,(anonymous_3)
FN:41,(anonymous_4)
FN:45,(anonymous_5)
FN:115,(anonymous_6)
FNF:7
FNH:4
FNDA:1,(anonymous_0)
FNDA:0,(anonymous_1)
FNDA:0,(anonymous_2)
FNDA:1,(anonymous_3)
FNDA:1,(anonymous_4)
FNDA:1,(anonymous_5)
FNDA:0,(anonymous_6)
DA:1,1
DA:13,1
DA:14,1
DA:20,1
DA:21,1
DA:23,1
DA:24,1
DA:26,1
DA:29,1
DA:30,0
DA:31,0
DA:32,0
DA:33,0
DA:34,0
DA:35,0
DA:42,1
DA:46,1
DA:47,1
DA:49,1
DA:115,0
DA:130,1
LF:21
LH:14
BRDA:30,0,0,0
BRDA:34,1,0,0
BRDA:92,2,0,1
BRDA:92,2,1,1
BRDA:97,3,0,1
BRDA:97,3,1,1
BRDA:100,4,0,1
BRDA:100,4,1,1
BRF:8
BRH:6
end_of_record
TN:
SF:src\components\home\CategorySection\CarouselSection.tsx
FN:14,CarouselSection
FN:16,(anonymous_2)
FN:18,(anonymous_3)
FN:21,(anonymous_4)
FN:21,(anonymous_5)
FN:23,(anonymous_6)
FN:23,(anonymous_7)
FN:25,(anonymous_8)
FN:25,(anonymous_9)
FN:27,(anonymous_10)
FN:27,(anonymous_11)
FN:29,(anonymous_12)
FN:29,(anonymous_13)
FNF:13
FNH:7
FNDA:5,CarouselSection
FNDA:10,(anonymous_2)
FNDA:5,(anonymous_3)
FNDA:6,(anonymous_4)
FNDA:2,(anonymous_5)
FNDA:0,(anonymous_6)
FNDA:0,(anonymous_7)
FNDA:0,(anonymous_8)
FNDA:0,(anonymous_9)
FNDA:3,(anonymous_10)
FNDA:0,(anonymous_11)
FNDA:3,(anonymous_12)
FNDA:0,(anonymous_13)
DA:1,1
DA:2,1
DA:3,1
DA:4,1
DA:5,1
DA:6,1
DA:16,10
DA:18,5
DA:19,5
DA:21,6
DA:23,0
DA:25,0
DA:27,3
DA:29,3
DA:31,1
DA:35,5
DA:62,1
LF:17
LH:15
BRDA:19,0,0,2
BRDA:19,0,1,0
BRDA:19,0,2,0
BRDA:19,0,3,1
BRDA:19,0,4,1
BRDA:19,0,5,1
BRDA:39,1,0,1
BRDA:39,1,1,4
BRDA:51,2,0,1
BRDA:51,2,1,4
BRF:10
BRH:8
end_of_record
TN:
SF:src\components\home\CategorySection\CompactCarousel.tsx
FN:13,(anonymous_1)
FN:27,(anonymous_2)
FN:32,(anonymous_3)
FN:38,(anonymous_4)
FN:48,(anonymous_5)
FN:52,(anonymous_6)
FNF:6
FNH:4
FNDA:3,(anonymous_1)
FNDA:0,(anonymous_2)
FNDA:0,(anonymous_3)
FNDA:9,(anonymous_4)
FNDA:6,(anonymous_5)
FNDA:1,(anonymous_6)
DA:2,1
DA:4,1
DA:5,1
DA:6,1
DA:13,1
DA:14,3
DA:16,3
DA:28,0
DA:33,0
DA:38,9
DA:40,3
DA:41,0
DA:44,3
DA:49,6
DA:52,1
DA:103,1
LF:16
LH:13
BRDA:38,0,0,3
BRDA:38,0,1,0
BRDA:40,1,0,0
BRDA:59,2,0,6
BRDA:59,2,1,0
BRDA:49,3,0,6
BRDA:49,3,1,0
BRF:7
BRH:3
end_of_record
TN:
SF:src\components\home\CategorySection\Index.tsx
FN:19,(anonymous_8)
FN:20,(anonymous_9)
FN:25,(anonymous_10)
FN:49,(anonymous_11)
FN:54,(anonymous_12)
FN:60,(anonymous_13)
FN:75,(anonymous_14)
FN:75,(anonymous_15)
FN:88,(anonymous_16)
FN:88,(anonymous_17)
FN:103,(anonymous_18)
FN:115,(anonymous_19)
FN:126,(anonymous_20)
FNF:13
FNH:12
FNDA:3,(anonymous_8)
FNDA:4,(anonymous_9)
FNDA:2,(anonymous_10)
FNDA:2,(anonymous_11)
FNDA:2,(anonymous_12)
FNDA:0,(anonymous_13)
FNDA:2,(anonymous_14)
FNDA:2,(anonymous_15)
FNDA:2,(anonymous_16)
FNDA:2,(anonymous_17)
FNDA:1,(anonymous_18)
FNDA:3,(anonymous_19)
FNDA:30,(anonymous_20)
DA:1,1
DA:2,1
DA:3,1
DA:4,1
DA:5,1
DA:6,1
DA:7,1
DA:8,1
DA:9,1
DA:10,1
DA:11,1
DA:12,1
DA:13,1
DA:14,1
DA:15,1
DA:16,1
DA:19,1
DA:20,4
DA:21,2
DA:22,2
DA:25,2
DA:26,2
DA:27,2
DA:28,2
DA:29,2
DA:30,2
DA:33,2
DA:34,2
DA:47,2
DA:49,2
DA:50,2
DA:54,2
DA:55,2
DA:56,2
DA:57,2
DA:58,0
DA:60,0
DA:61,0
DA:68,0
DA:71,0
DA:75,2
DA:77,2
DA:78,2
DA:79,2
DA:80,2
DA:82,0
DA:84,2
DA:88,2
DA:89,2
DA:90,2
DA:91,2
DA:92,0
DA:93,0
DA:94,0
DA:96,0
DA:99,0
DA:103,2
DA:104,1
DA:115,2
DA:116,3
DA:127,30
DA:163,2
DA:171,2
DA:232,1
LF:64
LH:53
BRDA:29,0,0,2
BRDA:57,1,0,0
BRDA:64,2,0,0
BRDA:64,2,1,0
BRDA:71,3,0,0
BRDA:71,3,1,0
BRDA:71,4,0,0
BRDA:71,4,1,0
BRDA:71,5,0,0
BRDA:71,5,1,0
BRDA:80,6,0,2
BRDA:82,7,0,0
BRDA:82,7,1,0
BRDA:82,8,0,0
BRDA:82,8,1,0
BRDA:82,9,0,0
BRDA:82,9,1,0
BRDA:91,10,0,0
BRDA:92,11,0,0
BRDA:92,12,0,0
BRDA:92,12,1,0
BRDA:92,13,0,0
BRDA:92,13,1,0
BRDA:96,14,0,0
BRDA:96,14,1,0
BRDA:96,15,0,0
BRDA:96,15,1,0
BRDA:99,16,0,0
BRDA:99,16,1,0
BRDA:99,17,0,0
BRDA:99,17,1,0
BRDA:99,18,0,0
BRDA:99,18,1,0
BRDA:173,19,0,2
BRDA:173,19,1,1
BRDA:179,20,0,2
BRDA:179,20,1,1
BRDA:181,21,0,1
BRDA:181,21,1,1
BRDA:192,22,0,1
BRDA:192,22,1,1
BRF:41
BRH:10
end_of_record
TN:
SF:src\components\home\CategorySection\MoviesCard.tsx
FN:12,MoviesCard
FN:18,(anonymous_2)
FN:25,(anonymous_3)
FN:38,(anonymous_4)
FN:42,(anonymous_5)
FN:43,(anonymous_6)
FN:48,(anonymous_7)
FN:51,(anonymous_8)
FN:52,(anonymous_9)
FN:55,(anonymous_10)
FN:66,(anonymous_11)
FN:71,(anonymous_12)
FN:107,(anonymous_13)
FN:155,(anonymous_14)
FNF:14
FNH:11
FNDA:11,MoviesCard
FNDA:11,(anonymous_2)
FNDA:11,(anonymous_3)
FNDA:5,(anonymous_4)
FNDA:5,(anonymous_5)
FNDA:5,(anonymous_6)
FNDA:5,(anonymous_7)
FNDA:5,(anonymous_8)
FNDA:0,(anonymous_9)
FNDA:0,(anonymous_10)
FNDA:5,(anonymous_11)
FNDA:11,(anonymous_12)
FNDA:1,(anonymous_13)
FNDA:0,(anonymous_14)
DA:1,1
DA:3,1
DA:4,1
DA:13,11
DA:14,11
DA:15,11
DA:16,11
DA:18,11
DA:19,11
DA:20,11
DA:22,0
DA:25,11
DA:26,11
DA:27,11
DA:28,11
DA:29,11
DA:30,0
DA:31,11
DA:32,0
DA:34,11
DA:38,11
DA:39,5
DA:42,11
DA:43,5
DA:44,5
DA:46,5
DA:47,5
DA:48,5
DA:51,11
DA:52,5
DA:53,0
DA:54,0
DA:55,0
DA:56,0
DA:57,0
DA:58,0
DA:64,5
DA:66,5
DA:67,5
DA:71,11
DA:72,11
DA:74,4
DA:92,4
DA:102,11
DA:107,1
DA:155,0
DA:171,1
LF:47
LH:37
BRDA:12,0,0,11
BRDA:12,1,0,11
BRDA:19,2,0,11
BRDA:19,3,0,11
BRDA:19,3,1,0
BRDA:26,4,0,0
BRDA:26,5,0,11
BRDA:26,5,1,0
BRDA:29,6,0,0
BRDA:29,6,1,11
BRDA:31,7,0,0
BRDA:31,7,1,11
BRDA:53,8,0,0
BRDA:57,9,0,0
BRDA:72,10,0,7
BRDA:72,11,0,11
BRDA:72,11,1,11
BRDA:72,12,0,0
BRDA:72,12,1,11
BRDA:72,13,0,11
BRDA:72,13,1,11
BRDA:74,14,0,2
BRDA:74,14,1,2
BRDA:105,15,0,2
BRDA:105,15,1,9
BRDA:107,16,0,1
BRDA:107,16,1,1
BRDA:113,17,0,11
BRDA:113,17,1,5
BRDA:127,18,0,2
BRDA:127,18,1,9
BRDA:128,19,0,1
BRDA:128,19,1,1
BRDA:146,20,0,11
BRDA:146,20,1,11
BRDA:157,21,0,7
BRDA:157,21,1,4
BRDA:157,22,0,0
BRDA:157,22,1,11
BRDA:157,23,0,11
BRDA:157,23,1,11
BRDA:159,24,0,2
BRDA:159,24,1,2
BRDA:159,25,0,0
BRDA:159,25,1,4
BRDA:159,26,0,4
BRDA:159,26,1,4
BRF:47
BRH:37
end_of_record
TN:
SF:src\components\notification\NotificationCenter.tsx
FN:13,(anonymous_1)
FN:18,(anonymous_2)
FN:19,(anonymous_3)
FN:20,(anonymous_4)
FN:22,(anonymous_5)
FN:25,(anonymous_6)
FN:26,(anonymous_7)
FN:30,(anonymous_8)
FN:41,(anonymous_9)
FN:45,(anonymous_10)
FN:78,(anonymous_11)
FN:92,(anonymous_12)
FN:102,(anonymous_13)
FN:112,(anonymous_14)
FN:137,(anonymous_15)
FN:141,(anonymous_16)
FNF:16
FNH:15
FNDA:28,(anonymous_1)
FNDA:37,(anonymous_2)
FNDA:37,(anonymous_3)
FNDA:37,(anonymous_4)
FNDA:18,(anonymous_5)
FNDA:0,(anonymous_6)
FNDA:10,(anonymous_7)
FNDA:8,(anonymous_8)
FNDA:1,(anonymous_9)
FNDA:1,(anonymous_10)
FNDA:1,(anonymous_11)
FNDA:1,(anonymous_12)
FNDA:1,(anonymous_13)
FNDA:1,(anonymous_14)
FNDA:6,(anonymous_15)
FNDA:1,(anonymous_16)
DA:1,1
DA:2,1
DA:3,1
DA:4,1
DA:5,1
DA:6,1
DA:7,1
DA:8,1
DA:9,1
DA:11,1
DA:13,1
DA:14,28
DA:15,28
DA:16,28
DA:18,37
DA:19,37
DA:20,37
DA:22,28
DA:23,18
DA:24,10
DA:25,10
DA:26,10
DA:30,28
DA:31,8
DA:32,1
DA:33,1
DA:35,7
DA:36,7
DA:37,6
DA:41,28
DA:42,1
DA:45,28
DA:46,1
DA:49,28
DA:78,1
DA:93,1
DA:94,1
DA:103,1
DA:104,1
DA:113,1
DA:114,1
DA:138,6
DA:142,1
DA:143,1
DA:187,1
LF:45
LH:45
BRDA:23,0,0,10
BRDA:23,1,0,18
BRDA:23,1,1,16
BRDA:31,2,0,1
BRDA:36,3,0,6
BRDA:36,4,0,7
BRDA:36,4,1,7
BRDA:53,5,0,18
BRDA:53,5,1,10
BRDA:71,6,0,28
BRDA:71,6,1,7
BRDA:126,7,0,1
BRDA:126,7,1,6
BRDA:140,8,0,0
BRDA:140,8,1,6
BRDA:148,9,0,6
BRDA:148,9,1,6
BRDA:151,10,0,0
BRDA:151,10,1,6
BRDA:160,11,0,6
BRDA:160,11,1,0
BRF:21
BRH:18
end_of_record
TN:
SF:src\components\profile\PersonalInformation.tsx
FN:15,(anonymous_1)
FN:135,(anonymous_2)
FN:235,(anonymous_3)
FN:256,(anonymous_4)
FNF:4
FNH:2
FNDA:20,(anonymous_1)
FNDA:0,(anonymous_2)
FNDA:64,(anonymous_3)
FNDA:0,(anonymous_4)
DA:1,2
DA:2,2
DA:3,2
DA:4,2
DA:5,2
DA:6,2
DA:7,2
DA:8,2
DA:9,2
DA:11,2
DA:14,2
DA:16,20
DA:17,20
DA:135,0
DA:236,64
DA:256,0
DA:284,2
LF:17
LH:15
BRDA:52,0,0,20
BRDA:52,0,1,4
BRDA:93,1,0,6
BRDA:93,1,1,14
BRDA:95,2,0,0
BRDA:95,2,1,14
BRDA:107,3,0,6
BRDA:107,3,1,14
BRDA:108,4,0,0
BRDA:108,4,1,14
BRDA:116,5,0,20
BRDA:116,5,1,18
BRDA:116,5,2,18
BRDA:117,6,0,16
BRDA:117,6,1,2
BRDA:117,7,0,0
BRDA:117,7,1,18
BRDA:117,8,0,18
BRDA:117,8,1,18
BRDA:121,9,0,16
BRDA:121,9,1,2
BRDA:121,10,0,0
BRDA:121,10,1,18
BRDA:121,11,0,18
BRDA:121,11,1,18
BRDA:128,12,0,2
BRDA:128,12,1,18
BRDA:132,13,0,2
BRDA:132,13,1,16
BRDA:147,14,0,10
BRDA:147,14,1,6
BRDA:149,15,0,6
BRDA:149,15,1,0
BRDA:161,16,0,6
BRDA:161,16,1,10
BRDA:162,17,0,0
BRDA:162,17,1,10
BRDA:170,18,0,10
BRDA:170,18,1,6
BRDA:171,19,0,6
BRDA:171,19,1,0
BRDA:174,20,0,0
BRDA:174,20,1,16
BRDA:174,21,0,16
BRDA:174,21,1,16
BRDA:181,22,0,14
BRDA:181,22,1,2
BRDA:184,23,0,2
BRDA:184,23,1,14
BRDA:190,24,0,16
BRDA:190,24,1,16
BRDA:190,24,2,6
BRDA:208,25,0,6
BRDA:208,25,1,6
BRDA:213,26,0,4
BRDA:213,26,1,2
BRDA:213,27,0,0
BRDA:213,27,1,6
BRDA:213,28,0,6
BRDA:213,28,1,6
BRDA:219,29,0,4
BRDA:219,29,1,2
BRDA:219,30,0,0
BRDA:219,30,1,6
BRDA:219,31,0,6
BRDA:219,31,1,6
BRDA:237,32,0,32
BRDA:237,32,1,32
BRDA:241,33,0,32
BRDA:241,33,1,32
BRDA:245,34,0,32
BRDA:245,34,1,32
BRDA:257,35,0,10
BRDA:257,35,1,6
BRDA:263,36,0,10
BRDA:263,36,1,6
BRDA:265,37,0,4
BRDA:265,37,1,2
BRDA:265,38,0,0
BRDA:265,38,1,6
BRDA:265,39,0,6
BRDA:265,39,1,6
BRDA:265,40,0,0
BRDA:265,40,1,6
BRDA:265,41,0,6
BRDA:265,41,1,6
BRF:86
BRH:74
end_of_record
TN:
SF:src\components\search\SearchHeader.tsx
FN:16,(anonymous_1)
FN:36,(anonymous_2)
FNF:2
FNH:1
FNDA:3,(anonymous_1)
FNDA:0,(anonymous_2)
DA:1,1
DA:2,1
DA:4,1
DA:5,1
DA:15,1
DA:17,3
DA:19,3
DA:47,1
LF:8
LH:8
BRDA:35,0,0,3
BRDA:35,0,1,0
BRDA:36,1,0,3
BRDA:36,1,1,0
BRF:4
BRH:2
end_of_record
TN:
SF:src\redux\slices\movieSlice.ts
FN:19,(anonymous_0)
FN:22,(anonymous_1)
FN:25,(anonymous_2)
FN:28,(anonymous_3)
FN:31,(anonymous_4)
FN:32,(anonymous_5)
FN:34,(anonymous_6)
FN:35,(anonymous_7)
FN:40,(anonymous_8)
FNF:9
FNH:0
FNDA:0,(anonymous_0)
FNDA:0,(anonymous_1)
FNDA:0,(anonymous_2)
FNDA:0,(anonymous_3)
FNDA:0,(anonymous_4)
FNDA:0,(anonymous_5)
FNDA:0,(anonymous_6)
FNDA:0,(anonymous_7)
FNDA:0,(anonymous_8)
DA:1,1
DA:9,1
DA:15,1
DA:20,0
DA:23,0
DA:26,0
DA:29,0
DA:32,0
DA:35,0
DA:36,0
DA:37,0
DA:41,0
DA:47,1
DA:48,1
LF:14
LH:5
BRDA:36,0,0,0
BRF:1
BRH:0
end_of_record
TN:
SF:src\redux\slices\notificationSlice.ts
FN:18,(anonymous_0)
FN:29,(anonymous_1)
FN:30,(anonymous_2)
FN:35,(anonymous_3)
FN:36,(anonymous_4)
FN:42,(anonymous_5)
FNF:6
FNH:0
FNDA:0,(anonymous_0)
FNDA:0,(anonymous_1)
FNDA:0,(anonymous_2)
FNDA:0,(anonymous_3)
FNDA:0,(anonymous_4)
FNDA:0,(anonymous_5)
DA:1,2
DA:9,2
DA:14,2
DA:19,0
DA:26,0
DA:27,0
DA:30,0
DA:31,0
DA:33,0
DA:36,0
DA:37,0
DA:38,0
DA:39,0
DA:43,0
DA:44,0
DA:50,2
DA:51,2
LF:17
LH:5
BRDA:37,0,0,0
BRDA:37,1,0,0
BRDA:37,1,1,0
BRF:3
BRH:0
end_of_record
TN:
SF:src\redux\slices\userSlice.ts
FN:14,(anonymous_0)
FN:18,(anonymous_1)
FN:21,(anonymous_2)
FN:24,(anonymous_3)
FN:27,(anonymous_4)
FN:31,(anonymous_5)
FN:34,(anonymous_6)
FNF:7
FNH:0
FNDA:0,(anonymous_0)
FNDA:0,(anonymous_1)
FNDA:0,(anonymous_2)
FNDA:0,(anonymous_3)
FNDA:0,(anonymous_4)
FNDA:0,(anonymous_5)
FNDA:0,(anonymous_6)
DA:1,1
DA:3,1
DA:15,0
DA:16,0
DA:19,0
DA:22,0
DA:25,0
DA:28,0
DA:29,0
DA:32,0
DA:35,0
DA:40,1
DA:41,1
LF:13
LH:4
BRF:0
BRH:0
end_of_record
TN:
SF:src\services\api.ts
FN:8,(anonymous_8)
FN:8,(anonymous_9)
FN:33,(anonymous_10)
FN:33,(anonymous_11)
FN:42,(anonymous_12)
FN:42,(anonymous_13)
FN:57,(anonymous_14)
FN:57,(anonymous_15)
FN:80,(anonymous_16)
FN:80,(anonymous_17)
FN:99,(anonymous_18)
FN:99,(anonymous_19)
FN:121,(anonymous_20)
FN:121,(anonymous_21)
FNF:14
FNH:2
FNDA:0,(anonymous_8)
FNDA:0,(anonymous_9)
FNDA:0,(anonymous_10)
FNDA:0,(anonymous_11)
FNDA:0,(anonymous_12)
FNDA:0,(anonymous_13)
FNDA:0,(anonymous_14)
FNDA:0,(anonymous_15)
FNDA:0,(anonymous_16)
FNDA:0,(anonymous_17)
FNDA:2,(anonymous_18)
FNDA:2,(anonymous_19)
FNDA:0,(anonymous_20)
FNDA:0,(anonymous_21)
DA:1,1
DA:2,1
DA:3,1
DA:5,1
DA:8,1
DA:9,0
DA:11,0
DA:15,0
DA:16,0
DA:18,0
DA:19,0
DA:21,0
DA:22,0
DA:24,0
DA:25,0
DA:27,0
DA:33,1
DA:34,0
DA:35,0
DA:36,0
DA:38,0
DA:42,1
DA:43,0
DA:44,0
DA:46,0
DA:47,0
DA:50,0
DA:52,0
DA:57,1
DA:58,0
DA:59,0
DA:60,0
DA:61,0
DA:76,0
DA:80,1
DA:81,0
DA:82,0
DA:83,0
DA:84,0
DA:93,0
DA:95,0
DA:99,2
DA:100,2
DA:101,2
DA:102,0
DA:103,0
DA:114,0
DA:116,0
DA:121,1
DA:122,0
DA:123,0
DA:127,0
DA:129,0
LF:53
LH:13
BRDA:18,0,0,0
BRDA:18,0,1,0
BRDA:18,1,0,0
BRDA:18,1,1,0
BRDA:18,2,0,0
BRDA:18,2,1,0
BRDA:19,3,0,0
BRDA:19,3,1,0
BRDA:19,4,0,0
BRDA:19,4,1,0
BRDA:19,5,0,0
BRDA:19,5,1,0
BRDA:19,6,0,0
BRDA:19,6,1,0
BRDA:19,7,0,0
BRDA:19,7,1,0
BRDA:19,8,0,0
BRDA:19,8,1,0
BRDA:19,9,0,0
BRDA:19,9,1,0
BRDA:19,10,0,0
BRDA:19,10,1,0
BRDA:21,11,0,0
BRDA:21,11,1,0
BRDA:21,12,0,0
BRDA:21,12,1,0
BRDA:21,13,0,0
BRDA:21,13,1,0
BRDA:22,14,0,0
BRDA:22,14,1,0
BRDA:22,15,0,0
BRDA:22,15,1,0
BRDA:22,16,0,0
BRDA:22,16,1,0
BRDA:22,17,0,0
BRDA:22,17,1,0
BRDA:22,18,0,0
BRDA:22,18,1,0
BRDA:22,19,0,0
BRDA:22,19,1,0
BRDA:22,20,0,0
BRDA:22,20,1,0
BRDA:22,21,0,0
BRDA:22,21,1,0
BRDA:24,22,0,0
BRDA:24,22,1,0
BRDA:24,23,0,0
BRDA:24,23,1,0
BRDA:24,24,0,0
BRDA:24,24,1,0
BRDA:25,25,0,0
BRDA:25,25,1,0
BRDA:25,26,0,0
BRDA:25,26,1,0
BRDA:25,27,0,0
BRDA:25,27,1,0
BRDA:25,28,0,0
BRDA:25,28,1,0
BRDA:25,29,0,0
BRDA:25,29,1,0
BRDA:25,30,0,0
BRDA:25,30,1,0
BRDA:25,31,0,0
BRDA:25,31,1,0
BRDA:25,32,0,0
BRDA:25,32,1,0
BRDA:27,33,0,0
BRDA:27,33,1,0
BRDA:27,34,0,0
BRDA:27,34,1,0
BRDA:27,35,0,0
BRDA:27,35,1,0
BRDA:27,36,0,0
BRDA:27,36,1,0
BRDA:44,37,0,0
BRDA:52,38,0,0
BRDA:52,38,1,0
BRDA:52,39,0,0
BRDA:52,39,1,0
BRDA:52,40,0,0
BRDA:52,40,1,0
BRDA:52,41,0,0
BRDA:52,41,1,0
BRDA:59,42,0,0
BRDA:82,43,0,0
BRDA:101,44,0,2
BRDA:114,45,0,0
BRDA:114,45,1,0
BRDA:114,46,0,0
BRDA:114,46,1,0
BRDA:114,47,0,0
BRDA:114,47,1,0
BRDA:114,48,0,0
BRDA:114,48,1,0
BRF:94
BRH:1
end_of_record
TN:
SF:src\services\apiConnector.ts
FN:5,(anonymous_1)
FNF:1
FNH:0
FNDA:0,(anonymous_1)
DA:1,1
DA:3,1
DA:5,1
DA:6,0
LF:4
LH:3
BRDA:9,0,0,0
BRDA:9,0,1,0
BRDA:11,1,0,0
BRDA:11,1,1,0
BRDA:14,2,0,0
BRDA:14,2,1,0
BRF:6
BRH:0
end_of_record
