TN:
SF:src\components\common\AuthTemplate.tsx
FN:48,(anonymous_8)
FN:73,(anonymous_9)
FN:76,(anonymous_10)
FN:88,(anonymous_11)
FN:152,(anonymous_12)
FN:152,(anonymous_13)
FN:161,(anonymous_14)
FN:215,(anonymous_15)
FN:220,(anonymous_16)
FN:420,(anonymous_17)
FN:431,(anonymous_18)
FN:681,(anonymous_19)
FN:691,(anonymous_20)
FN:748,(anonymous_21)
FN:758,(anonymous_22)
FNF:15
FNH:11
FNDA:10,(anonymous_8)
FNDA:12,(anonymous_9)
FNDA:12,(anonymous_10)
FNDA:5,(anonymous_11)
FNDA:5,(anonymous_12)
FNDA:5,(anonymous_13)
FNDA:3,(anonymous_14)
FNDA:2,(anonymous_15)
FNDA:31,(anonymous_16)
FNDA:1,(anonymous_17)
FNDA:1,(anonymous_18)
FNDA:0,(anonymous_19)
FNDA:0,(anonymous_20)
FNDA:0,(anonymous_21)
FNDA:0,(anonymous_22)
DA:1,1
DA:2,1
DA:3,1
DA:4,1
DA:5,1
DA:6,1
DA:7,1
DA:8,1
DA:9,1
DA:10,1
DA:11,1
DA:14,1
DA:15,1
DA:16,1
DA:49,10
DA:50,10
DA:73,10
DA:74,12
DA:76,12
DA:88,10
DA:89,5
DA:90,5
DA:99,5
DA:100,2
DA:101,1
DA:102,1
DA:104,2
DA:105,1
DA:106,1
DA:108,2
DA:109,1
DA:110,1
DA:112,2
DA:113,1
DA:114,1
DA:116,2
DA:117,0
DA:118,0
DA:120,2
DA:121,1
DA:122,1
DA:124,2
DA:125,1
DA:126,1
DA:127,1
DA:128,0
DA:129,0
DA:133,5
DA:134,2
DA:135,2
DA:139,5
DA:140,2
DA:141,2
DA:145,5
DA:149,5
DA:152,10
DA:153,5
DA:154,5
DA:155,5
DA:157,5
DA:158,2
DA:161,3
DA:170,3
DA:172,3
DA:173,2
DA:174,2
DA:176,1
DA:177,1
DA:178,1
DA:181,1
DA:183,1
DA:184,1
DA:185,1
DA:193,1
DA:194,1
DA:195,1
DA:198,0
DA:203,3
DA:215,3
DA:222,31
DA:223,31
DA:225,31
DA:420,1
DA:431,1
DA:681,0
DA:691,0
DA:748,0
DA:758,0
DA:853,1
LF:89
LH:80
BRDA:99,0,0,2
BRDA:100,1,0,1
BRDA:104,2,0,1
BRDA:108,3,0,1
BRDA:112,4,0,1
BRDA:116,5,0,0
BRDA:120,6,0,1
BRDA:124,7,0,1
BRDA:124,7,1,1
BRDA:127,8,0,0
BRDA:133,9,0,2
BRDA:139,10,0,2
BRDA:157,11,0,2
BRDA:172,12,0,2
BRDA:172,12,1,1
BRDA:176,13,0,1
BRDA:176,14,0,0
BRDA:176,14,1,1
BRDA:176,15,0,1
BRDA:176,15,1,1
BRDA:181,16,0,1
BRDA:181,16,1,0
BRDA:181,17,0,1
BRDA:181,17,1,1
BRDA:181,18,0,0
BRDA:181,18,1,1
BRDA:181,19,0,1
BRDA:181,19,1,1
BRDA:183,20,0,1
BRDA:193,21,0,1
BRDA:193,22,0,0
BRDA:193,22,1,1
BRDA:193,23,0,1
BRDA:193,23,1,1
BRDA:198,24,0,0
BRDA:198,24,1,0
BRDA:198,25,0,0
BRDA:198,25,1,0
BRDA:198,26,0,0
BRDA:198,26,1,0
BRDA:296,27,0,19
BRDA:296,27,1,12
BRDA:296,28,0,12
BRDA:296,28,1,0
BRDA:303,29,0,31
BRDA:303,29,1,19
BRDA:354,30,0,19
BRDA:354,30,1,1
BRDA:363,31,0,1
BRDA:363,31,1,18
BRDA:411,32,0,1
BRDA:411,32,1,18
BRDA:439,33,0,19
BRDA:439,33,1,1
BRDA:448,34,0,31
BRDA:448,34,1,12
BRDA:491,35,0,12
BRDA:491,35,1,1
BRDA:534,36,0,12
BRDA:534,36,1,1
BRDA:580,37,0,12
BRDA:580,37,1,1
BRDA:625,38,0,12
BRDA:625,38,1,1
BRDA:640,39,0,0
BRDA:640,39,1,12
BRDA:673,40,0,0
BRDA:673,40,1,12
BRDA:695,41,0,12
BRDA:695,41,1,1
BRDA:707,42,0,0
BRDA:707,42,1,12
BRDA:740,43,0,0
BRDA:740,43,1,12
BRDA:762,44,0,12
BRDA:762,44,1,1
BRDA:772,45,0,28
BRDA:772,45,1,3
BRDA:785,46,0,17
BRDA:785,46,1,11
BRDA:785,47,0,11
BRDA:785,47,1,0
BRDA:813,48,0,31
BRDA:813,48,1,19
BRDA:825,49,0,19
BRDA:825,49,1,12
BRDA:832,50,0,12
BRDA:832,50,1,19
BRDA:841,51,0,19
BRDA:841,51,1,12
BRF:90
BRH:72
end_of_record
TN:
SF:src\components\common\Footer.tsx
FN:13,(anonymous_0)
FN:33,(anonymous_1)
FN:47,(anonymous_2)
FNF:3
FNH:3
FNDA:4,(anonymous_0)
FNDA:32,(anonymous_1)
FNDA:16,(anonymous_2)
DA:2,1
DA:3,1
DA:6,1
DA:13,1
DA:14,4
DA:34,32
DA:48,16
DA:66,1
LF:8
LH:8
BRF:0
BRH:0
end_of_record
TN:
SF:src\components\common\LoadingFallback.tsx
FN:4,(anonymous_0)
FNF:1
FNH:1
FNDA:2,(anonymous_0)
DA:2,1
DA:4,1
DA:5,2
DA:20,1
LF:4
LH:4
BRF:0
BRH:0
end_of_record
TN:
SF:src\components\common\Placeholder.tsx
FN:5,(anonymous_0)
FNF:1
FNH:1
FNDA:2,(anonymous_0)
DA:1,1
DA:2,1
DA:4,1
DA:6,2
DA:24,1
LF:5
LH:5
BRF:0
BRH:0
end_of_record
TN:
SF:src\components\common\MoviesGrid\MoviesGrid.tsx
FN:17,MoviesGrid
FN:18,(anonymous_2)
FN:34,(anonymous_3)
FNF:3
FNH:3
FNDA:8,MoviesGrid
FNDA:1,(anonymous_2)
FNDA:78,(anonymous_3)
DA:2,1
DA:3,1
DA:18,8
DA:19,1
DA:20,1
DA:23,8
DA:25,8
DA:35,78
DA:86,1
LF:9
LH:9
BRDA:17,0,0,3
BRDA:17,1,0,3
BRDA:17,2,0,3
BRDA:17,3,0,6
BRDA:19,4,0,0
BRDA:19,5,0,1
BRDA:19,5,1,1
BRDA:23,6,0,8
BRDA:23,6,1,0
BRDA:29,7,0,1
BRDA:29,7,1,7
BRDA:33,8,0,6
BRDA:33,8,1,1
BRDA:35,9,0,78
BRDA:35,9,1,0
BRDA:46,10,0,8
BRDA:46,10,1,5
BRDA:46,10,2,4
BRDA:46,10,3,4
BRF:19
BRH:16
end_of_record
TN:
SF:src\components\genre\GenreToolbar.tsx
FN:16,(anonymous_0)
FN:32,(anonymous_1)
FN:34,(anonymous_2)
FNF:3
FNH:3
FNDA:5,(anonymous_0)
FNDA:50,(anonymous_1)
FNDA:1,(anonymous_2)
DA:1,1
DA:2,1
DA:3,1
DA:15,1
DA:17,5
DA:18,5
DA:20,5
DA:33,50
DA:34,1
DA:61,1
LF:10
LH:10
BRDA:17,0,0,4
BRDA:21,1,0,1
BRDA:21,1,1,4
BRDA:21,2,0,5
BRDA:21,2,1,2
BRDA:22,3,0,5
BRDA:22,3,1,3
BRDA:30,4,0,2
BRDA:30,4,1,3
BRDA:39,5,0,5
BRDA:39,5,1,45
BRDA:39,6,0,1
BRDA:39,6,1,49
BRDA:39,7,0,50
BRDA:39,7,1,5
BRDA:42,8,0,50
BRDA:42,8,1,5
BRF:17
BRH:17
end_of_record
TN:
SF:src\components\hoc\WithReduxState.tsx
FN:7,(anonymous_0)
FN:8,(anonymous_1)
FN:9,(anonymous_2)
FN:10,(anonymous_3)
FN:11,(anonymous_4)
FN:12,(anonymous_5)
FNF:6
FNH:1
FNDA:1,(anonymous_0)
FNDA:0,(anonymous_1)
FNDA:0,(anonymous_2)
FNDA:0,(anonymous_3)
FNDA:0,(anonymous_4)
FNDA:0,(anonymous_5)
DA:3,1
DA:5,1
DA:7,1
DA:8,1
DA:9,0
DA:10,0
DA:11,0
DA:12,0
DA:14,0
DA:15,0
DA:18,1
DA:21,1
LF:12
LH:6
BRF:0
BRH:0
end_of_record
TN:
SF:src\components\hoc\WithRouter.tsx
FN:6,(anonymous_0)
FN:7,(anonymous_1)
FN:12,(anonymous_2)
FNF:3
FNH:3
FNDA:3,(anonymous_0)
FNDA:10,(anonymous_1)
FNDA:20,(anonymous_2)
DA:2,3
DA:3,3
DA:6,3
DA:7,3
DA:8,10
DA:9,10
DA:10,10
DA:11,10
DA:12,20
DA:13,10
DA:15,3
DA:18,3
LF:12
LH:12
BRF:0
BRH:0
end_of_record
TN:
SF:src\components\home\MainCarousel.tsx
FN:11,(anonymous_1)
FN:12,(anonymous_2)
FN:15,(anonymous_3)
FN:18,(anonymous_4)
FN:57,(anonymous_5)
FNF:5
FNH:5
FNDA:2,(anonymous_1)
FNDA:4,(anonymous_2)
FNDA:1,(anonymous_3)
FNDA:1,(anonymous_4)
FNDA:2,(anonymous_5)
DA:2,1
DA:3,1
DA:4,1
DA:5,1
DA:6,1
DA:7,1
DA:9,1
DA:11,1
DA:12,4
DA:14,2
DA:15,1
DA:18,2
DA:19,1
DA:20,1
DA:30,2
DA:42,2
DA:43,1
DA:50,1
DA:58,2
DA:98,1
LF:20
LH:20
BRDA:14,0,0,1
BRDA:14,0,1,1
BRDA:14,1,0,2
BRDA:14,1,1,2
BRDA:42,2,0,1
BRDA:58,3,0,2
BRDA:58,3,1,0
BRF:7
BRH:6
end_of_record
TN:
SF:src\components\home\MainCarouselMovieCard.tsx
FN:8,(anonymous_0)
FN:24,(anonymous_1)
FN:27,(anonymous_2)
FN:14,(anonymous_3)
FN:36,(anonymous_4)
FN:40,(anonymous_5)
FN:110,(anonymous_6)
FNF:7
FNH:5
FNDA:3,(anonymous_0)
FNDA:0,(anonymous_1)
FNDA:0,(anonymous_2)
FNDA:3,(anonymous_3)
FNDA:3,(anonymous_4)
FNDA:3,(anonymous_5)
FNDA:1,(anonymous_6)
DA:1,1
DA:8,1
DA:9,3
DA:15,3
DA:16,3
DA:18,3
DA:19,3
DA:21,3
DA:24,3
DA:25,0
DA:26,0
DA:27,0
DA:28,0
DA:29,0
DA:30,0
DA:37,3
DA:41,3
DA:42,3
DA:44,3
DA:110,1
DA:125,1
LF:21
LH:15
BRDA:25,0,0,0
BRDA:29,1,0,0
BRDA:87,2,0,3
BRDA:87,2,1,3
BRDA:92,3,0,3
BRDA:92,3,1,3
BRDA:95,4,0,3
BRDA:95,4,1,3
BRF:8
BRH:6
end_of_record
TN:
SF:src\components\home\CategorySection\CarouselSection.tsx
FN:14,CarouselSection
FN:16,(anonymous_2)
FN:18,(anonymous_3)
FN:21,(anonymous_4)
FN:21,(anonymous_5)
FN:23,(anonymous_6)
FN:23,(anonymous_7)
FN:25,(anonymous_8)
FN:25,(anonymous_9)
FN:27,(anonymous_10)
FN:27,(anonymous_11)
FN:29,(anonymous_12)
FN:29,(anonymous_13)
FNF:13
FNH:7
FNDA:5,CarouselSection
FNDA:10,(anonymous_2)
FNDA:5,(anonymous_3)
FNDA:6,(anonymous_4)
FNDA:2,(anonymous_5)
FNDA:0,(anonymous_6)
FNDA:0,(anonymous_7)
FNDA:0,(anonymous_8)
FNDA:0,(anonymous_9)
FNDA:3,(anonymous_10)
FNDA:0,(anonymous_11)
FNDA:3,(anonymous_12)
FNDA:0,(anonymous_13)
DA:1,1
DA:2,1
DA:3,1
DA:4,1
DA:5,1
DA:6,1
DA:16,10
DA:18,5
DA:19,5
DA:21,6
DA:23,0
DA:25,0
DA:27,3
DA:29,3
DA:31,1
DA:35,5
DA:62,1
LF:17
LH:15
BRDA:19,0,0,2
BRDA:19,0,1,0
BRDA:19,0,2,0
BRDA:19,0,3,1
BRDA:19,0,4,1
BRDA:19,0,5,1
BRDA:39,1,0,1
BRDA:39,1,1,4
BRDA:51,2,0,1
BRDA:51,2,1,4
BRF:10
BRH:8
end_of_record
TN:
SF:src\components\home\CategorySection\CompactCarousel.tsx
FN:13,(anonymous_1)
FN:27,(anonymous_2)
FN:32,(anonymous_3)
FN:38,(anonymous_4)
FN:48,(anonymous_5)
FN:52,(anonymous_6)
FNF:6
FNH:4
FNDA:3,(anonymous_1)
FNDA:0,(anonymous_2)
FNDA:0,(anonymous_3)
FNDA:9,(anonymous_4)
FNDA:6,(anonymous_5)
FNDA:1,(anonymous_6)
DA:2,1
DA:4,1
DA:5,1
DA:6,1
DA:13,1
DA:14,3
DA:16,3
DA:28,0
DA:33,0
DA:38,9
DA:40,3
DA:41,0
DA:44,3
DA:49,6
DA:52,1
DA:103,1
LF:16
LH:13
BRDA:38,0,0,3
BRDA:38,0,1,0
BRDA:40,1,0,0
BRDA:59,2,0,6
BRDA:59,2,1,0
BRDA:49,3,0,6
BRDA:49,3,1,0
BRF:7
BRH:3
end_of_record
TN:
SF:src\components\home\CategorySection\Index.tsx
FN:19,(anonymous_8)
FN:20,(anonymous_9)
FN:26,(anonymous_10)
FN:50,(anonymous_11)
FN:55,(anonymous_12)
FN:61,(anonymous_13)
FN:76,(anonymous_14)
FN:76,(anonymous_15)
FN:80,(anonymous_16)
FN:80,(anonymous_17)
FN:95,(anonymous_18)
FN:107,(anonymous_19)
FN:118,(anonymous_20)
FNF:13
FNH:12
FNDA:3,(anonymous_8)
FNDA:4,(anonymous_9)
FNDA:2,(anonymous_10)
FNDA:2,(anonymous_11)
FNDA:2,(anonymous_12)
FNDA:0,(anonymous_13)
FNDA:2,(anonymous_14)
FNDA:2,(anonymous_15)
FNDA:2,(anonymous_16)
FNDA:2,(anonymous_17)
FNDA:1,(anonymous_18)
FNDA:3,(anonymous_19)
FNDA:30,(anonymous_20)
DA:1,1
DA:2,1
DA:3,1
DA:4,1
DA:5,1
DA:6,1
DA:7,1
DA:8,1
DA:9,1
DA:10,1
DA:11,1
DA:12,1
DA:13,1
DA:14,1
DA:15,1
DA:19,1
DA:20,4
DA:21,2
DA:22,2
DA:24,2
DA:26,2
DA:27,2
DA:28,2
DA:29,2
DA:30,2
DA:31,2
DA:34,2
DA:35,2
DA:48,2
DA:50,2
DA:51,2
DA:55,2
DA:56,2
DA:57,2
DA:58,2
DA:59,0
DA:61,0
DA:62,0
DA:69,0
DA:72,0
DA:76,2
DA:77,2
DA:80,2
DA:81,2
DA:82,2
DA:83,2
DA:84,0
DA:85,0
DA:86,0
DA:88,0
DA:91,0
DA:95,2
DA:96,1
DA:107,2
DA:108,3
DA:119,30
DA:155,2
DA:163,2
DA:220,1
LF:59
LH:49
BRDA:30,0,0,2
BRDA:58,1,0,0
BRDA:65,2,0,0
BRDA:65,2,1,0
BRDA:72,3,0,0
BRDA:72,3,1,0
BRDA:72,4,0,0
BRDA:72,4,1,0
BRDA:72,5,0,0
BRDA:72,5,1,0
BRDA:83,6,0,0
BRDA:84,7,0,0
BRDA:84,8,0,0
BRDA:84,8,1,0
BRDA:84,9,0,0
BRDA:84,9,1,0
BRDA:88,10,0,0
BRDA:88,10,1,0
BRDA:88,11,0,0
BRDA:88,11,1,0
BRDA:91,12,0,0
BRDA:91,12,1,0
BRDA:91,13,0,0
BRDA:91,13,1,0
BRDA:91,14,0,0
BRDA:91,14,1,0
BRDA:165,15,0,2
BRDA:165,15,1,1
BRDA:171,16,0,2
BRDA:171,16,1,1
BRDA:173,17,0,1
BRDA:173,17,1,1
BRDA:184,18,0,1
BRDA:184,18,1,1
BRF:34
BRH:9
end_of_record
TN:
SF:src\components\notification\NotificationCenter.tsx
FN:13,(anonymous_1)
FN:18,(anonymous_2)
FN:19,(anonymous_3)
FN:20,(anonymous_4)
FN:22,(anonymous_5)
FN:25,(anonymous_6)
FN:26,(anonymous_7)
FN:30,(anonymous_8)
FN:41,(anonymous_9)
FN:45,(anonymous_10)
FN:78,(anonymous_11)
FN:92,(anonymous_12)
FN:102,(anonymous_13)
FN:112,(anonymous_14)
FN:137,(anonymous_15)
FN:141,(anonymous_16)
FNF:16
FNH:15
FNDA:28,(anonymous_1)
FNDA:37,(anonymous_2)
FNDA:37,(anonymous_3)
FNDA:37,(anonymous_4)
FNDA:18,(anonymous_5)
FNDA:0,(anonymous_6)
FNDA:10,(anonymous_7)
FNDA:8,(anonymous_8)
FNDA:1,(anonymous_9)
FNDA:1,(anonymous_10)
FNDA:1,(anonymous_11)
FNDA:1,(anonymous_12)
FNDA:1,(anonymous_13)
FNDA:1,(anonymous_14)
FNDA:6,(anonymous_15)
FNDA:1,(anonymous_16)
DA:1,1
DA:2,1
DA:3,1
DA:4,1
DA:5,1
DA:6,1
DA:7,1
DA:8,1
DA:9,1
DA:11,1
DA:13,1
DA:14,28
DA:15,28
DA:16,28
DA:18,37
DA:19,37
DA:20,37
DA:22,28
DA:23,18
DA:24,10
DA:25,10
DA:26,10
DA:30,28
DA:31,8
DA:32,1
DA:33,1
DA:35,7
DA:36,7
DA:37,6
DA:41,28
DA:42,1
DA:45,28
DA:46,1
DA:49,28
DA:78,1
DA:93,1
DA:94,1
DA:103,1
DA:104,1
DA:113,1
DA:114,1
DA:138,6
DA:142,1
DA:143,1
DA:187,1
LF:45
LH:45
BRDA:23,0,0,10
BRDA:23,1,0,18
BRDA:23,1,1,16
BRDA:31,2,0,1
BRDA:36,3,0,6
BRDA:36,4,0,7
BRDA:36,4,1,7
BRDA:53,5,0,18
BRDA:53,5,1,10
BRDA:71,6,0,28
BRDA:71,6,1,7
BRDA:126,7,0,1
BRDA:126,7,1,6
BRDA:140,8,0,0
BRDA:140,8,1,6
BRDA:148,9,0,6
BRDA:148,9,1,6
BRDA:151,10,0,0
BRDA:151,10,1,6
BRDA:160,11,0,6
BRDA:160,11,1,0
BRF:21
BRH:18
end_of_record
TN:
SF:src\components\profile\PersonalInformation.tsx
FN:16,(anonymous_1)
FN:68,(anonymous_2)
FN:76,(anonymous_3)
FN:84,(anonymous_4)
FN:212,(anonymous_5)
FN:343,(anonymous_6)
FN:380,(anonymous_7)
FNF:7
FNH:3
FNDA:16,(anonymous_1)
FNDA:2,(anonymous_2)
FNDA:0,(anonymous_3)
FNDA:0,(anonymous_4)
FNDA:0,(anonymous_5)
FNDA:48,(anonymous_6)
FNDA:0,(anonymous_7)
DA:1,2
DA:2,2
DA:3,2
DA:4,2
DA:5,2
DA:6,2
DA:7,2
DA:8,2
DA:9,2
DA:10,2
DA:11,2
DA:13,2
DA:17,16
DA:19,16
DA:68,2
DA:76,0
DA:84,0
DA:212,0
DA:344,48
DA:380,0
DA:412,2
LF:21
LH:17
BRDA:55,0,0,16
BRDA:55,0,1,4
BRDA:98,1,0,0
BRDA:98,1,1,16
BRDA:100,2,0,0
BRDA:100,2,1,16
BRDA:110,3,0,0
BRDA:110,3,1,16
BRDA:112,4,0,0
BRDA:112,4,1,16
BRDA:123,5,0,0
BRDA:123,5,1,16
BRDA:125,6,0,0
BRDA:125,6,1,16
BRDA:131,7,0,0
BRDA:131,7,1,16
BRDA:133,8,0,0
BRDA:133,8,1,16
BRDA:144,9,0,0
BRDA:144,9,1,16
BRDA:146,10,0,0
BRDA:146,10,1,16
BRDA:153,11,0,0
BRDA:153,11,1,16
BRDA:155,12,0,0
BRDA:155,12,1,16
BRDA:159,13,0,0
BRDA:159,13,1,16
BRDA:161,14,0,0
BRDA:161,14,1,16
BRDA:166,15,0,0
BRDA:166,15,1,16
BRDA:168,16,0,0
BRDA:168,16,1,16
BRDA:177,17,0,16
BRDA:177,17,1,14
BRDA:177,17,2,14
BRDA:179,18,0,14
BRDA:179,18,1,0
BRDA:179,19,0,0
BRDA:179,19,1,14
BRDA:179,20,0,14
BRDA:179,20,1,14
BRDA:180,21,0,0
BRDA:180,21,1,14
BRDA:186,22,0,14
BRDA:186,22,1,0
BRDA:186,23,0,0
BRDA:186,23,1,14
BRDA:186,24,0,14
BRDA:186,24,1,14
BRDA:191,25,0,14
BRDA:191,25,1,0
BRDA:197,26,0,2
BRDA:197,26,1,14
BRDA:200,27,0,0
BRDA:200,27,1,2
BRDA:202,28,0,0
BRDA:202,28,1,2
BRDA:206,29,0,2
BRDA:206,29,1,0
BRDA:209,30,0,2
BRDA:209,30,1,12
BRDA:213,31,0,2
BRDA:213,31,1,0
BRDA:222,32,0,0
BRDA:222,32,1,12
BRDA:224,33,0,0
BRDA:224,33,1,12
BRDA:228,34,0,12
BRDA:228,34,1,12
BRDA:232,35,0,12
BRDA:232,35,1,12
BRDA:239,36,0,0
BRDA:239,36,1,12
BRDA:241,37,0,0
BRDA:241,37,1,12
BRDA:246,38,0,0
BRDA:246,38,1,12
BRDA:248,39,0,0
BRDA:248,39,1,12
BRDA:256,40,0,0
BRDA:256,40,1,12
BRDA:258,41,0,12
BRDA:258,41,1,0
BRDA:258,42,0,0
BRDA:258,42,1,12
BRDA:258,43,0,12
BRDA:258,43,1,12
BRDA:260,44,0,0
BRDA:260,44,1,12
BRDA:262,45,0,0
BRDA:262,45,1,12
BRDA:266,46,0,12
BRDA:266,46,1,12
BRDA:266,47,0,12
BRDA:266,47,1,0
BRDA:266,48,0,12
BRDA:266,48,1,12
BRDA:272,49,0,0
BRDA:272,49,1,12
BRDA:274,50,0,0
BRDA:274,50,1,12
BRDA:278,51,0,10
BRDA:278,51,1,2
BRDA:278,52,0,0
BRDA:278,52,1,12
BRDA:278,53,0,12
BRDA:278,53,1,12
BRDA:278,54,0,0
BRDA:278,54,1,2
BRDA:278,55,0,2
BRDA:278,55,1,2
BRDA:280,56,0,0
BRDA:280,56,1,12
BRDA:282,57,0,2
BRDA:282,57,1,10
BRDA:282,58,0,0
BRDA:282,58,1,12
BRDA:282,59,0,12
BRDA:282,59,1,12
BRDA:289,60,0,12
BRDA:289,60,1,12
BRDA:289,60,2,12
BRDA:311,61,0,12
BRDA:311,61,1,12
BRDA:318,62,0,12
BRDA:318,62,1,0
BRDA:318,63,0,0
BRDA:318,63,1,12
BRDA:318,64,0,12
BRDA:318,64,1,12
BRDA:323,65,0,12
BRDA:323,65,1,0
BRDA:323,66,0,0
BRDA:323,66,1,12
BRDA:323,67,0,12
BRDA:323,67,1,12
BRDA:338,68,0,12
BRDA:338,68,1,12
BRDA:338,69,0,0
BRDA:338,69,1,12
BRDA:338,70,0,12
BRDA:338,70,1,12
BRDA:345,71,0,24
BRDA:345,71,1,24
BRDA:350,72,0,24
BRDA:350,72,1,24
BRDA:351,73,0,0
BRDA:351,73,1,24
BRDA:353,74,0,0
BRDA:353,74,1,24
BRDA:358,75,0,24
BRDA:358,75,1,24
BRDA:360,76,0,0
BRDA:360,76,1,24
BRDA:362,77,0,0
BRDA:362,77,1,24
BRDA:369,78,0,24
BRDA:369,78,1,24
BRDA:382,79,0,0
BRDA:382,79,1,12
BRDA:384,80,0,0
BRDA:384,80,1,12
BRDA:391,81,0,0
BRDA:391,81,1,12
BRDA:393,82,0,12
BRDA:393,82,1,0
BRDA:393,83,0,0
BRDA:393,83,1,12
BRDA:393,84,0,12
BRDA:393,84,1,12
BRDA:393,85,0,0
BRDA:393,85,1,12
BRDA:393,86,0,12
BRDA:393,86,1,12
BRF:176
BRH:117
end_of_record
TN:
SF:src\components\search\SearchHeader.tsx
FN:16,(anonymous_1)
FN:36,(anonymous_2)
FNF:2
FNH:1
FNDA:3,(anonymous_1)
FNDA:0,(anonymous_2)
DA:1,1
DA:2,1
DA:4,1
DA:5,1
DA:15,1
DA:17,3
DA:19,3
DA:47,1
LF:8
LH:8
BRDA:35,0,0,3
BRDA:35,0,1,0
BRDA:36,1,0,3
BRDA:36,1,1,0
BRF:4
BRH:2
end_of_record
TN:
SF:src\constants\footer.ts
FNF:0
FNH:0
DA:1,1
LF:1
LH:1
BRF:0
BRH:0
end_of_record
TN:
SF:src\redux\slices\notificationSlice.ts
FN:18,(anonymous_0)
FN:29,(anonymous_1)
FN:30,(anonymous_2)
FN:35,(anonymous_3)
FN:36,(anonymous_4)
FN:42,(anonymous_5)
FNF:6
FNH:0
FNDA:0,(anonymous_0)
FNDA:0,(anonymous_1)
FNDA:0,(anonymous_2)
FNDA:0,(anonymous_3)
FNDA:0,(anonymous_4)
FNDA:0,(anonymous_5)
DA:1,2
DA:9,2
DA:14,2
DA:19,0
DA:26,0
DA:27,0
DA:30,0
DA:31,0
DA:33,0
DA:36,0
DA:37,0
DA:38,0
DA:39,0
DA:43,0
DA:44,0
DA:50,2
DA:51,2
LF:17
LH:5
BRDA:37,0,0,0
BRDA:37,1,0,0
BRDA:37,1,1,0
BRF:3
BRH:0
end_of_record
TN:
SF:src\redux\slices\userSlice.ts
FN:14,(anonymous_0)
FN:18,(anonymous_1)
FN:21,(anonymous_2)
FN:24,(anonymous_3)
FN:27,(anonymous_4)
FN:32,(anonymous_5)
FN:35,(anonymous_6)
FNF:7
FNH:0
FNDA:0,(anonymous_0)
FNDA:0,(anonymous_1)
FNDA:0,(anonymous_2)
FNDA:0,(anonymous_3)
FNDA:0,(anonymous_4)
FNDA:0,(anonymous_5)
FNDA:0,(anonymous_6)
DA:1,1
DA:3,1
DA:15,0
DA:16,0
DA:19,0
DA:22,0
DA:25,0
DA:28,0
DA:29,0
DA:30,0
DA:33,0
DA:36,0
DA:41,1
DA:42,1
LF:14
LH:4
BRF:0
BRH:0
end_of_record
TN:
SF:src\services\api.ts
FN:7,(anonymous_7)
FN:7,(anonymous_8)
FN:33,(anonymous_9)
FN:33,(anonymous_10)
FN:42,(anonymous_11)
FN:42,(anonymous_12)
FN:55,(anonymous_13)
FN:55,(anonymous_14)
FN:74,(anonymous_15)
FN:74,(anonymous_16)
FN:90,(anonymous_17)
FN:90,(anonymous_18)
FN:109,(anonymous_19)
FN:109,(anonymous_20)
FN:121,(anonymous_21)
FN:121,(anonymous_22)
FNF:16
FNH:2
FNDA:0,(anonymous_7)
FNDA:0,(anonymous_8)
FNDA:0,(anonymous_9)
FNDA:0,(anonymous_10)
FNDA:0,(anonymous_11)
FNDA:0,(anonymous_12)
FNDA:0,(anonymous_13)
FNDA:0,(anonymous_14)
FNDA:0,(anonymous_15)
FNDA:0,(anonymous_16)
FNDA:2,(anonymous_17)
FNDA:2,(anonymous_18)
FNDA:0,(anonymous_19)
FNDA:0,(anonymous_20)
FNDA:0,(anonymous_21)
FNDA:0,(anonymous_22)
DA:1,1
DA:2,1
DA:4,1
DA:7,1
DA:8,0
DA:10,0
DA:14,0
DA:15,0
DA:17,0
DA:18,0
DA:19,0
DA:21,0
DA:22,0
DA:24,0
DA:25,0
DA:27,0
DA:33,1
DA:34,0
DA:35,0
DA:36,0
DA:38,0
DA:42,1
DA:43,0
DA:44,0
DA:46,0
DA:47,0
DA:48,0
DA:50,0
DA:55,1
DA:57,0
DA:58,0
DA:70,0
DA:74,1
DA:75,0
DA:76,0
DA:84,0
DA:86,0
DA:90,2
DA:91,2
DA:92,2
DA:93,0
DA:94,0
DA:102,0
DA:104,0
DA:109,1
DA:110,0
DA:111,0
DA:115,0
DA:117,0
DA:121,1
DA:122,0
DA:123,0
DA:127,0
DA:129,0
LF:54
LH:13
BRDA:17,0,0,0
BRDA:17,0,1,0
BRDA:17,1,0,0
BRDA:17,1,1,0
BRDA:17,2,0,0
BRDA:17,2,1,0
BRDA:17,3,0,0
BRDA:17,3,1,0
BRDA:17,4,0,0
BRDA:17,4,1,0
BRDA:17,5,0,0
BRDA:17,5,1,0
BRDA:18,6,0,0
BRDA:18,6,1,0
BRDA:18,7,0,0
BRDA:18,7,1,0
BRDA:18,8,0,0
BRDA:18,8,1,0
BRDA:18,9,0,0
BRDA:18,9,1,0
BRDA:18,10,0,0
BRDA:18,10,1,0
BRDA:19,11,0,0
BRDA:19,11,1,0
BRDA:19,12,0,0
BRDA:19,12,1,0
BRDA:19,13,0,0
BRDA:19,13,1,0
BRDA:19,14,0,0
BRDA:19,14,1,0
BRDA:19,15,0,0
BRDA:19,15,1,0
BRDA:19,16,0,0
BRDA:19,16,1,0
BRDA:19,17,0,0
BRDA:19,17,1,0
BRDA:19,18,0,0
BRDA:19,18,1,0
BRDA:21,19,0,0
BRDA:21,19,1,0
BRDA:21,20,0,0
BRDA:21,20,1,0
BRDA:21,21,0,0
BRDA:21,21,1,0
BRDA:21,22,0,0
BRDA:21,22,1,0
BRDA:21,23,0,0
BRDA:21,23,1,0
BRDA:22,24,0,0
BRDA:22,24,1,0
BRDA:22,25,0,0
BRDA:22,25,1,0
BRDA:22,26,0,0
BRDA:22,26,1,0
BRDA:22,27,0,0
BRDA:22,27,1,0
BRDA:22,28,0,0
BRDA:22,28,1,0
BRDA:22,29,0,0
BRDA:22,29,1,0
BRDA:22,30,0,0
BRDA:22,30,1,0
BRDA:22,31,0,0
BRDA:22,31,1,0
BRDA:24,32,0,0
BRDA:24,32,1,0
BRDA:24,33,0,0
BRDA:24,33,1,0
BRDA:24,34,0,0
BRDA:24,34,1,0
BRDA:24,35,0,0
BRDA:24,35,1,0
BRDA:24,36,0,0
BRDA:24,36,1,0
BRDA:25,37,0,0
BRDA:25,37,1,0
BRDA:25,38,0,0
BRDA:25,38,1,0
BRDA:25,39,0,0
BRDA:25,39,1,0
BRDA:25,40,0,0
BRDA:25,40,1,0
BRDA:25,41,0,0
BRDA:25,41,1,0
BRDA:25,42,0,0
BRDA:25,42,1,0
BRDA:25,43,0,0
BRDA:25,43,1,0
BRDA:25,44,0,0
BRDA:25,44,1,0
BRDA:27,45,0,0
BRDA:27,45,1,0
BRDA:27,46,0,0
BRDA:27,46,1,0
BRDA:27,47,0,0
BRDA:27,47,1,0
BRDA:27,48,0,0
BRDA:27,48,1,0
BRDA:27,49,0,0
BRDA:27,49,1,0
BRDA:27,50,0,0
BRDA:27,50,1,0
BRDA:44,51,0,0
BRDA:50,52,0,0
BRDA:50,52,1,0
BRDA:50,53,0,0
BRDA:50,53,1,0
BRDA:50,54,0,0
BRDA:50,54,1,0
BRDA:50,55,0,0
BRDA:50,55,1,0
BRDA:92,56,0,2
BRDA:102,57,0,0
BRDA:102,57,1,0
BRDA:102,58,0,0
BRDA:102,58,1,0
BRDA:102,59,0,0
BRDA:102,59,1,0
BRDA:102,60,0,0
BRDA:102,60,1,0
BRF:120
BRH:1
end_of_record
TN:
SF:src\services\interceptor\apiConnector.ts
FN:7,(anonymous_1)
FN:18,(anonymous_2)
FN:24,(anonymous_3)
FN:27,(anonymous_4)
FN:38,(anonymous_5)
FNF:5
FNH:0
FNDA:0,(anonymous_1)
FNDA:0,(anonymous_2)
FNDA:0,(anonymous_3)
FNDA:0,(anonymous_4)
FNDA:0,(anonymous_5)
DA:1,1
DA:2,1
DA:4,1
DA:6,1
DA:8,0
DA:9,0
DA:10,0
DA:11,0
DA:15,0
DA:16,0
DA:19,0
DA:23,1
DA:25,0
DA:28,0
DA:29,0
DA:30,0
DA:31,0
DA:32,0
DA:34,0
DA:38,1
DA:39,0
LF:21
LH:6
BRDA:8,0,0,0
BRDA:10,1,0,0
BRDA:28,2,0,0
BRDA:28,2,1,0
BRDA:31,3,0,0
BRDA:42,4,0,0
BRDA:42,4,1,0
BRDA:44,5,0,0
BRDA:44,5,1,0
BRDA:47,6,0,0
BRDA:47,6,1,0
BRF:11
BRH:0
end_of_record
TN:
SF:src\utils\authActions.ts
FN:6,(anonymous_7)
FN:6,(anonymous_8)
FN:21,(anonymous_9)
FN:21,(anonymous_10)
FNF:4
FNH:2
FNDA:1,(anonymous_7)
FNDA:1,(anonymous_8)
FNDA:0,(anonymous_9)
FNDA:0,(anonymous_10)
DA:1,1
DA:2,1
DA:3,1
DA:4,1
DA:6,1
DA:7,1
DA:8,1
DA:9,1
DA:10,1
DA:11,1
DA:12,1
DA:13,1
DA:14,1
DA:21,1
DA:22,0
DA:23,0
DA:24,0
DA:25,0
DA:26,0
DA:27,0
DA:28,0
DA:29,0
DA:30,0
DA:31,0
DA:34,0
LF:25
LH:14
BRDA:7,0,0,0
BRDA:7,0,1,1
BRDA:7,1,0,1
BRDA:7,1,1,1
BRDA:7,2,0,0
BRDA:7,2,1,1
BRDA:7,3,0,1
BRDA:7,3,1,1
BRDA:8,4,0,0
BRDA:8,4,1,1
BRDA:8,5,0,1
BRDA:8,5,1,1
BRDA:8,6,0,0
BRDA:8,6,1,1
BRDA:8,7,0,1
BRDA:8,7,1,1
BRDA:9,8,0,0
BRDA:9,8,1,1
BRDA:9,9,0,1
BRDA:9,9,1,1
BRDA:9,10,0,0
BRDA:9,10,1,1
BRDA:9,11,0,1
BRDA:9,11,1,1
BRDA:9,12,0,0
BRDA:9,12,1,1
BRDA:9,13,0,1
BRDA:9,13,1,1
BRDA:10,14,0,0
BRDA:10,14,1,1
BRDA:10,15,0,1
BRDA:10,15,1,1
BRDA:10,16,0,0
BRDA:10,16,1,1
BRDA:10,17,0,1
BRDA:10,17,1,1
BRDA:13,18,0,1
BRDA:24,19,0,0
BRDA:24,20,0,0
BRDA:24,20,1,0
BRDA:24,21,0,0
BRDA:24,21,1,0
BRDA:24,22,0,0
BRDA:24,22,1,0
BRDA:24,23,0,0
BRDA:24,23,1,0
BRDA:34,24,0,0
BRDA:34,24,1,0
BRDA:34,25,0,0
BRDA:34,25,1,0
BRDA:34,26,0,0
BRDA:34,26,1,0
BRF:52
BRH:28
end_of_record
